[2021/12/06 12:58:43.060] - Starting server with initial configuration: {"gasLimit":6721975,"gasPrice":20000000000,"hardfork":"muirGlacier","hostname":"127.0.0.1","port":8545,"network_id":4777,"default_balance_ether":100,"total_accounts":10,"unlocked_accounts":[],"locked":false,"vmErrorsOnRPCResponse":true,"verbose":false,"db_path":"C:\\Users\\Theo\\AppData\\Roaming\\Ganache\\workspaces\\grieving-sidewalk\\chaindata","logDirectory":"C:\\Users\\Theo\\Documents\\GitHub\\Bachelor_Dissertation_2021_2022\\server\\logs\\ganache"}
[2021/12/06 12:58:43.707] - eth_blockNumber
[2021/12/06 12:58:43.753] - eth_getCode
[2021/12/06 12:58:43.760] - eth_subscribe
[2021/12/06 12:58:43.761] - eth_getLogs
[2021/12/06 12:58:43.762] - eth_subscribe
[2021/12/06 12:58:43.835] - eth_getCode
[2021/12/06 12:58:44.896] - eth_getCode
[2021/12/06 12:58:44.898] - eth_subscribe
[2021/12/06 12:58:44.899] - eth_getLogs
[2021/12/06 12:58:44.906] - eth_subscribe
[2021/12/06 12:58:44.930] - eth_getCode
[2021/12/06 12:58:46.950] - eth_blockNumber
[2021/12/06 12:58:46.951] - eth_accounts
[2021/12/06 12:58:46.952] - eth_blockNumber
[2021/12/06 12:58:46.953] - eth_gasPrice
[2021/12/06 12:58:46.954] - eth_accounts
[2021/12/06 12:58:46.955] - eth_getBlockByNumber
[2021/12/06 12:58:46.955] - eth_subscribe
[2021/12/06 12:58:46.967] - eth_gasPrice
[2021/12/06 12:58:46.968] - eth_getBlockByNumber
[2021/12/06 12:58:46.969] - eth_subscribe
[2021/12/06 12:58:47.551] - eth_getBalance
[2021/12/06 12:58:47.602] - eth_getTransactionCount
[2021/12/06 12:58:47.642] - eth_getBalance
[2021/12/06 12:58:47.687] - eth_getTransactionCount
[2021/12/06 12:58:47.747] - eth_getBalance
[2021/12/06 12:58:47.801] - eth_getTransactionCount
[2021/12/06 12:58:47.848] - eth_getBalance
[2021/12/06 12:58:47.894] - eth_getTransactionCount
[2021/12/06 12:58:47.936] - eth_getBalance
[2021/12/06 12:58:47.981] - eth_getTransactionCount
[2021/12/06 12:58:48.028] - eth_getBalance
[2021/12/06 12:58:48.070] - eth_getTransactionCount
[2021/12/06 12:58:48.116] - eth_getBalance
[2021/12/06 12:58:48.163] - eth_getTransactionCount
[2021/12/06 12:58:48.202] - eth_getBalance
[2021/12/06 12:58:48.250] - eth_getTransactionCount
[2021/12/06 12:58:48.288] - eth_getBalance
[2021/12/06 12:58:48.332] - eth_getTransactionCount
[2021/12/06 12:58:48.379] - eth_getBalance
[2021/12/06 12:58:48.416] - eth_getTransactionCount
[2021/12/06 12:58:48.464] - eth_getBalance
[2021/12/06 12:58:48.509] - eth_getTransactionCount
[2021/12/06 12:58:48.546] - eth_getBalance
[2021/12/06 12:58:48.591] - eth_getTransactionCount
[2021/12/06 12:58:48.636] - eth_getBalance
[2021/12/06 12:58:48.673] - eth_getTransactionCount
[2021/12/06 12:58:48.720] - eth_getBalance
[2021/12/06 12:58:48.766] - eth_getTransactionCount
[2021/12/06 12:58:48.804] - eth_getBalance
[2021/12/06 12:58:48.851] - eth_getTransactionCount
[2021/12/06 12:58:48.894] - eth_getBalance
[2021/12/06 12:58:48.938] - eth_getTransactionCount
[2021/12/06 12:58:48.986] - eth_getBalance
[2021/12/06 12:58:49.026] - eth_getTransactionCount
[2021/12/06 12:58:49.071] - eth_getBalance
[2021/12/06 12:58:49.115] - eth_getTransactionCount
[2021/12/06 12:58:49.154] - eth_getBalance
[2021/12/06 12:58:49.198] - eth_getTransactionCount
[2021/12/06 12:58:49.246] - eth_getBalance
[2021/12/06 12:58:49.283] - eth_getTransactionCount
[2021/12/06 12:58:49.334] - eth_getBalance
[2021/12/06 12:58:49.380] - eth_getTransactionCount
[2021/12/06 12:58:49.416] - eth_getBalance
[2021/12/06 12:58:49.464] - eth_getTransactionCount
[2021/12/06 12:58:49.509] - eth_getBalance
[2021/12/06 12:58:49.547] - eth_getTransactionCount
[2021/12/06 12:58:49.594] - eth_getBalance
[2021/12/06 12:58:49.632] - eth_getTransactionCount
[2021/12/06 12:58:49.676] - eth_getBalance
[2021/12/06 12:58:49.724] - eth_getTransactionCount
[2021/12/06 12:58:49.762] - eth_getBalance
[2021/12/06 12:58:49.806] - eth_getTransactionCount
[2021/12/06 12:58:49.890] - eth_getBalance
[2021/12/06 12:58:49.931] - eth_getTransactionCount
[2021/12/06 12:58:49.975] - eth_getBalance
[2021/12/06 12:58:50.016] - eth_getTransactionCount
[2021/12/06 12:58:50.068] - eth_getBalance
[2021/12/06 12:58:50.116] - eth_getTransactionCount
[2021/12/06 12:58:50.155] - eth_getBalance
[2021/12/06 12:58:50.204] - eth_getTransactionCount
[2021/12/06 12:58:50.250] - eth_getBalance
[2021/12/06 12:58:50.287] - eth_getTransactionCount
[2021/12/06 12:58:50.332] - eth_getBalance
[2021/12/06 12:58:50.381] - eth_getTransactionCount
[2021/12/06 12:58:50.437] - eth_getBalance
[2021/12/06 12:58:50.483] - eth_getTransactionCount
[2021/12/06 12:58:50.527] - eth_getBalance
[2021/12/06 12:58:50.576] - eth_getTransactionCount
[2021/12/06 12:58:50.628] - eth_getBalance
[2021/12/06 12:58:50.681] - eth_getTransactionCount
[2021/12/06 12:58:50.748] - eth_getBalance
[2021/12/06 12:58:50.816] - eth_getTransactionCount
[2021/12/06 12:58:50.862] - eth_getBalance
[2021/12/06 12:58:50.918] - eth_getTransactionCount
[2021/12/06 12:58:50.974] - eth_getBalance
[2021/12/06 12:58:51.013] - eth_getTransactionCount
[2021/12/06 12:58:51.071] - eth_getBalance
[2021/12/06 12:58:51.123] - eth_getTransactionCount
[2021/12/06 12:58:51.185] - eth_getBalance
[2021/12/06 12:58:51.219] - eth_getTransactionCount
[2021/12/06 13:03:17.339] - eth_blockNumber
[2021/12/06 13:03:17.382] - net_version
[2021/12/06 13:03:17.389] - net_version
[2021/12/06 13:03:17.598] - eth_getBlockByNumber
[2021/12/06 15:42:24.859] - eth_blockNumber
[2021/12/06 15:42:24.879] - eth_gasPrice
[2021/12/06 15:42:26.930] - eth_blockNumber
[2021/12/06 15:42:36.541] - eth_blockNumber
[2021/12/06 15:42:36.548] - eth_getBalance
[2021/12/06 15:42:36.587] - eth_getBalance
[2021/12/06 15:42:36.590] - eth_getBalance
[2021/12/06 15:43:06.819] - eth_blockNumber
[2021/12/06 15:43:18.326] - eth_getCode
[2021/12/06 15:43:18.384] - eth_estimateGas
[2021/12/06 15:43:20.038] - eth_blockNumber
[2021/12/06 15:43:20.880] - eth_getTransactionCount
[2021/12/06 15:43:24.727] - eth_sendRawTransaction
[2021/12/06 15:43:25.251] - 
[2021/12/06 15:43:25.252] -   Transaction: 0x208ebdeb05ef367d862c1969da19d11c21c0778d82a51cbd8c5bc588d2ad7e33
[2021/12/06 15:43:25.253] -   Gas usage: 167965
[2021/12/06 15:43:25.254] -   Block Number: 32
[2021/12/06 15:43:25.264] -   Block Time: Mon Dec 06 2021 15:43:24 GMT+0200 (Χειμερινή ώρα Ανατολικής Ευρώπης)
[2021/12/06 15:43:25.265] - 
[2021/12/06 15:43:25.274] - eth_getBlockByNumber
[2021/12/06 15:43:25.276] - eth_blockNumber
[2021/12/06 15:43:25.278] - eth_getTransactionReceipt
[2021/12/06 15:43:25.341] - eth_getBlockByHash
[2021/12/06 15:43:25.500] - eth_getBalance
[2021/12/06 15:43:25.577] - eth_getTransactionCount
[2021/12/06 15:43:25.639] - eth_getBalance
[2021/12/06 15:43:25.692] - eth_getTransactionCount
[2021/12/06 15:43:25.818] - eth_getBalance
[2021/12/06 15:43:25.886] - eth_getTransactionCount
[2021/12/06 15:43:25.939] - eth_getBalance
[2021/12/06 15:43:25.986] - eth_getTransactionCount
[2021/12/06 15:43:26.072] - eth_getBalance
[2021/12/06 15:43:26.136] - eth_getTransactionCount
[2021/12/06 15:43:26.188] - eth_getBalance
[2021/12/06 15:43:26.237] - eth_getTransactionCount
[2021/12/06 15:43:26.331] - eth_getBalance
[2021/12/06 15:43:26.383] - eth_getTransactionCount
[2021/12/06 15:43:26.434] - eth_getBalance
[2021/12/06 15:43:26.494] - eth_getTransactionCount
[2021/12/06 15:43:26.608] - eth_getBalance
[2021/12/06 15:43:26.662] - eth_getTransactionCount
[2021/12/06 15:43:26.710] - eth_getBalance
[2021/12/06 15:43:26.757] - eth_getTransactionCount
[2021/12/06 15:47:11.658] - eth_blockNumber
[2021/12/06 15:47:11.689] - eth_gasPrice
[2021/12/06 15:47:11.699] - eth_getBlockByNumber
[2021/12/06 15:47:11.783] - eth_getCode
[2021/12/06 15:47:11.833] - eth_estimateGas
[2021/12/06 15:47:13.520] - eth_blockNumber
[2021/12/06 15:47:13.559] - eth_getBalance
[2021/12/06 15:47:13.567] - eth_getBalance
[2021/12/06 15:47:13.568] - eth_getBalance
[2021/12/06 15:47:14.082] - eth_getTransactionCount
[2021/12/06 15:47:21.122] - eth_sendRawTransaction
[2021/12/06 15:47:21.317] - 
[2021/12/06 15:47:21.318] -   Transaction: 0xb417c838388571a42b9bcda9f9573e12d86f2e57bb36192c24d31e38cd05248e
[2021/12/06 15:47:21.319] -   Gas usage: 27007
[2021/12/06 15:47:21.319] -   Block Number: 33
[2021/12/06 15:47:21.321] -   Block Time: Mon Dec 06 2021 15:47:21 GMT+0200 (Χειμερινή ώρα Ανατολικής Ευρώπης)
[2021/12/06 15:47:21.322] -   Runtime Error: revert
[2021/12/06 15:47:21.322] -   Revert reason: This metadataURI already exists.
[2021/12/06 15:47:21.323] - 
[2021/12/06 15:47:21.329] - eth_getBlockByNumber
[2021/12/06 15:47:21.433] - eth_getBalance
[2021/12/06 15:47:21.496] - eth_getTransactionCount
[2021/12/06 15:47:21.555] - eth_getBalance
[2021/12/06 15:47:21.613] - eth_getTransactionCount
[2021/12/06 15:47:21.662] - eth_getBalance
[2021/12/06 15:47:21.721] - eth_getTransactionCount
[2021/12/06 15:47:21.778] - eth_getBalance
[2021/12/06 15:47:21.821] - eth_getTransactionCount
[2021/12/06 15:47:21.881] - eth_getBalance
[2021/12/06 15:47:21.945] - eth_getTransactionCount
[2021/12/06 15:47:22.016] - eth_getBalance
[2021/12/06 15:47:22.133] - eth_getTransactionCount
[2021/12/06 15:47:22.181] - eth_getBalance
[2021/12/06 15:47:22.246] - eth_getTransactionCount
[2021/12/06 15:47:22.300] - eth_getBalance
[2021/12/06 15:47:22.345] - eth_getTransactionCount
[2021/12/06 15:47:22.395] - eth_getBalance
[2021/12/06 15:47:22.439] - eth_getTransactionCount
[2021/12/06 15:47:22.506] - eth_getBalance
[2021/12/06 15:47:22.566] - eth_getTransactionCount
[2021/12/06 15:48:25.343] - eth_blockNumber
[2021/12/06 15:48:25.375] - eth_gasPrice
[2021/12/06 15:48:25.380] - eth_getBlockByNumber
[2021/12/06 15:48:25.434] - eth_getCode
[2021/12/06 15:48:25.471] - eth_estimateGas
[2021/12/06 15:48:27.507] - eth_blockNumber
[2021/12/06 15:48:27.567] - eth_getBalance
[2021/12/06 15:48:27.578] - eth_getBalance
[2021/12/06 15:48:27.580] - eth_getBalance
[2021/12/06 15:48:28.384] - eth_getTransactionCount
[2021/12/06 15:48:31.626] - eth_sendRawTransaction
[2021/12/06 15:48:32.157] - 
[2021/12/06 15:48:32.160] -   Transaction: 0x143ce45fa22cf2dcf695b0ef379760855c84ba5d3e3d8dc14303ae986fdb2297
[2021/12/06 15:48:32.162] -   Gas usage: 167965
[2021/12/06 15:48:32.163] -   Block Number: 34
[2021/12/06 15:48:32.165] -   Block Time: Mon Dec 06 2021 15:48:31 GMT+0200 (Χειμερινή ώρα Ανατολικής Ευρώπης)
[2021/12/06 15:48:32.167] - 
[2021/12/06 15:48:32.176] - eth_getBlockByNumber
[2021/12/06 15:48:32.177] - eth_blockNumber
[2021/12/06 15:48:32.182] - eth_getTransactionReceipt
[2021/12/06 15:48:32.226] - eth_getBlockByHash
[2021/12/06 15:48:32.294] - eth_getBalance
[2021/12/06 15:48:32.353] - eth_getTransactionCount
[2021/12/06 15:48:32.417] - eth_getBalance
[2021/12/06 15:48:32.480] - eth_getTransactionCount
[2021/12/06 15:48:32.550] - eth_getBalance
[2021/12/06 15:48:32.607] - eth_getTransactionCount
[2021/12/06 15:48:32.661] - eth_getBalance
[2021/12/06 15:48:32.728] - eth_getTransactionCount
[2021/12/06 15:48:32.820] - eth_getBalance
[2021/12/06 15:48:32.873] - eth_getTransactionCount
[2021/12/06 15:48:32.920] - eth_getBalance
[2021/12/06 15:48:33.036] - eth_getTransactionCount
[2021/12/06 15:48:33.077] - eth_getBalance
[2021/12/06 15:48:33.123] - eth_getTransactionCount
[2021/12/06 15:48:33.179] - eth_getBalance
[2021/12/06 15:48:33.224] - eth_getTransactionCount
[2021/12/06 15:48:33.307] - eth_getBalance
[2021/12/06 15:48:33.363] - eth_getTransactionCount
[2021/12/06 15:48:33.418] - eth_getBalance
[2021/12/06 15:48:33.484] - eth_getTransactionCount
[2021/12/06 15:52:49.016] - eth_blockNumber
[2021/12/06 15:52:49.041] - eth_gasPrice
[2021/12/06 15:52:49.045] - eth_getBlockByNumber
[2021/12/06 15:52:49.107] - eth_getCode
[2021/12/06 15:52:49.191] - eth_estimateGas
[2021/12/06 15:52:51.010] - eth_blockNumber
[2021/12/06 15:52:51.050] - eth_getBalance
[2021/12/06 15:52:51.055] - eth_getBalance
[2021/12/06 15:52:51.057] - eth_getBalance
[2021/12/06 15:52:51.891] - eth_getTransactionCount
[2021/12/06 15:52:53.649] - eth_sendRawTransaction
[2021/12/06 15:52:54.113] - 
[2021/12/06 15:52:54.114] -   Transaction: 0xdc2b492501e1329c2d9a792e370c3b432e2ae0e31a18b74ed5b6c2a2e7f8b337
[2021/12/06 15:52:54.115] -   Gas usage: 167965
[2021/12/06 15:52:54.115] -   Block Number: 35
[2021/12/06 15:52:54.116] -   Block Time: Mon Dec 06 2021 15:52:53 GMT+0200 (Χειμερινή ώρα Ανατολικής Ευρώπης)
[2021/12/06 15:52:54.117] - 
[2021/12/06 15:52:54.130] - eth_getBlockByNumber
[2021/12/06 15:52:54.134] - eth_blockNumber
[2021/12/06 15:52:54.138] - eth_getTransactionReceipt
[2021/12/06 15:52:54.167] - eth_getBlockByHash
[2021/12/06 15:52:54.240] - eth_getBalance
[2021/12/06 15:52:54.291] - eth_getTransactionCount
[2021/12/06 15:52:54.362] - eth_getBalance
[2021/12/06 15:52:54.422] - eth_getTransactionCount
[2021/12/06 15:52:54.464] - eth_getBalance
[2021/12/06 15:52:54.512] - eth_getTransactionCount
[2021/12/06 15:52:54.565] - eth_getBalance
[2021/12/06 15:52:54.605] - eth_getTransactionCount
[2021/12/06 15:52:54.683] - eth_getBalance
[2021/12/06 15:52:54.741] - eth_getTransactionCount
[2021/12/06 15:52:54.780] - eth_getBalance
[2021/12/06 15:52:54.835] - eth_getTransactionCount
[2021/12/06 15:52:54.876] - eth_getBalance
[2021/12/06 15:52:54.962] - eth_getTransactionCount
[2021/12/06 15:52:55.015] - eth_getBalance
[2021/12/06 15:52:55.056] - eth_getTransactionCount
[2021/12/06 15:52:55.113] - eth_getBalance
[2021/12/06 15:52:55.158] - eth_getTransactionCount
[2021/12/06 15:52:55.198] - eth_getBalance
[2021/12/06 15:52:55.248] - eth_getTransactionCount
[2021/12/06 16:58:49.202] - eth_unsubscribe
[2021/12/06 16:58:49.204] - eth_unsubscribe
