[2021/11/24 12:03:47.618] - Starting server with initial configuration: {"gasLimit":6721975,"gasPrice":20000000000,"hardfork":"muirGlacier","hostname":"127.0.0.1","port":8545,"network_id":4777,"default_balance_ether":100,"total_accounts":10,"unlocked_accounts":[],"locked":false,"vmErrorsOnRPCResponse":true,"verbose":false,"db_path":"C:\\Users\\Theo\\AppData\\Roaming\\Ganache\\workspaces\\grieving-sidewalk\\chaindata","logDirectory":"C:\\Users\\Theo\\Documents\\GitHub\\Bachelor_Dissertation_2021_2022\\server\\logs\\ganache"}
[2021/11/24 12:03:47.978] - eth_blockNumber
[2021/11/24 12:03:48.605] - eth_getCode
[2021/11/24 12:03:48.608] - eth_subscribe
[2021/11/24 12:03:48.610] - eth_getLogs
[2021/11/24 12:03:48.615] - eth_subscribe
[2021/11/24 12:03:48.671] - eth_getCode
[2021/11/24 12:03:49.233] - eth_getCode
[2021/11/24 12:03:49.235] - eth_subscribe
[2021/11/24 12:03:49.235] - eth_getLogs
[2021/11/24 12:03:49.239] - eth_subscribe
[2021/11/24 12:03:49.265] - eth_getCode
[2021/11/24 12:03:51.031] - eth_blockNumber
[2021/11/24 12:03:51.036] - eth_accounts
[2021/11/24 12:03:51.038] - eth_gasPrice
[2021/11/24 12:03:51.041] - eth_getBlockByNumber
[2021/11/24 12:03:51.041] - eth_subscribe
[2021/11/24 12:03:51.049] - eth_blockNumber
[2021/11/24 12:03:51.055] - eth_accounts
[2021/11/24 12:03:51.057] - eth_gasPrice
[2021/11/24 12:03:51.059] - eth_getBlockByNumber
[2021/11/24 12:03:51.059] - eth_subscribe
[2021/11/24 12:03:51.706] - eth_getBalance
[2021/11/24 12:03:51.785] - eth_getTransactionCount
[2021/11/24 12:03:51.854] - eth_getBalance
[2021/11/24 12:03:51.911] - eth_getTransactionCount
[2021/11/24 12:03:51.954] - eth_getBalance
[2021/11/24 12:03:52.009] - eth_getTransactionCount
[2021/11/24 12:03:52.075] - eth_getBalance
[2021/11/24 12:03:52.128] - eth_getTransactionCount
[2021/11/24 12:03:52.193] - eth_getBalance
[2021/11/24 12:03:52.245] - eth_getTransactionCount
[2021/11/24 12:03:52.291] - eth_getBalance
[2021/11/24 12:03:52.352] - eth_getTransactionCount
[2021/11/24 12:03:52.414] - eth_getBalance
[2021/11/24 12:03:52.462] - eth_getTransactionCount
[2021/11/24 12:03:52.538] - eth_getBalance
[2021/11/24 12:03:52.624] - eth_getTransactionCount
[2021/11/24 12:03:52.691] - eth_getBalance
[2021/11/24 12:03:52.742] - eth_getTransactionCount
[2021/11/24 12:03:52.782] - eth_getBalance
[2021/11/24 12:03:52.829] - eth_getTransactionCount
[2021/11/24 12:03:52.876] - eth_getBalance
[2021/11/24 12:03:52.916] - eth_getTransactionCount
[2021/11/24 12:03:52.963] - eth_getBalance
[2021/11/24 12:03:53.011] - eth_getTransactionCount
[2021/11/24 12:03:53.050] - eth_getBalance
[2021/11/24 12:03:53.097] - eth_getTransactionCount
[2021/11/24 12:03:53.148] - eth_getBalance
[2021/11/24 12:03:53.189] - eth_getTransactionCount
[2021/11/24 12:03:53.235] - eth_getBalance
[2021/11/24 12:03:53.277] - eth_getTransactionCount
[2021/11/24 12:03:53.324] - eth_getBalance
[2021/11/24 12:03:53.372] - eth_getTransactionCount
[2021/11/24 12:03:53.411] - eth_getBalance
[2021/11/24 12:03:53.458] - eth_getTransactionCount
[2021/11/24 12:03:53.504] - eth_getBalance
[2021/11/24 12:03:53.547] - eth_getTransactionCount
[2021/11/24 12:03:53.593] - eth_getBalance
[2021/11/24 12:03:53.642] - eth_getTransactionCount
[2021/11/24 12:03:53.683] - eth_getBalance
[2021/11/24 12:03:53.731] - eth_getTransactionCount
[2021/11/24 12:03:53.784] - eth_getBalance
[2021/11/24 12:03:53.845] - eth_getTransactionCount
[2021/11/24 12:03:53.889] - eth_getBalance
[2021/11/24 12:03:53.930] - eth_getTransactionCount
[2021/11/24 12:03:53.975] - eth_getBalance
[2021/11/24 12:03:54.020] - eth_getTransactionCount
[2021/11/24 12:03:54.061] - eth_getBalance
[2021/11/24 12:03:54.106] - eth_getTransactionCount
[2021/11/24 12:03:54.147] - eth_getBalance
[2021/11/24 12:03:54.193] - eth_getTransactionCount
[2021/11/24 12:03:54.238] - eth_getBalance
[2021/11/24 12:03:54.278] - eth_getTransactionCount
[2021/11/24 12:03:54.330] - eth_getBalance
[2021/11/24 12:03:54.383] - eth_getTransactionCount
[2021/11/24 12:03:54.423] - eth_getBalance
[2021/11/24 12:03:54.474] - eth_getTransactionCount
[2021/11/24 12:03:54.528] - eth_getBalance
[2021/11/24 12:03:54.570] - eth_getTransactionCount
[2021/11/24 12:03:54.619] - eth_getBalance
[2021/11/24 12:03:54.668] - eth_getTransactionCount
[2021/11/24 12:03:54.708] - eth_getBalance
[2021/11/24 12:03:54.755] - eth_getTransactionCount
[2021/11/24 12:03:54.794] - eth_getBalance
[2021/11/24 12:03:54.839] - eth_getTransactionCount
[2021/11/24 12:03:54.885] - eth_getBalance
[2021/11/24 12:03:54.924] - eth_getTransactionCount
[2021/11/24 12:03:54.969] - eth_getBalance
[2021/11/24 12:03:55.016] - eth_getTransactionCount
[2021/11/24 12:03:55.053] - eth_getBalance
[2021/11/24 12:03:55.100] - eth_getTransactionCount
[2021/11/24 12:03:55.147] - eth_getBalance
[2021/11/24 12:03:55.188] - eth_getTransactionCount
[2021/11/24 12:03:55.238] - eth_getBalance
[2021/11/24 12:03:55.299] - eth_getTransactionCount
[2021/11/24 12:03:55.365] - eth_getBalance
[2021/11/24 12:03:55.416] - eth_getTransactionCount
[2021/11/24 12:03:55.482] - eth_getBalance
[2021/11/24 12:03:55.565] - eth_getTransactionCount
[2021/11/24 12:03:55.647] - eth_getBalance
[2021/11/24 12:03:55.758] - eth_getTransactionCount
[2021/11/24 12:09:59.824] - eth_blockNumber
[2021/11/24 12:09:59.897] - eth_getBlockByNumber
[2021/11/24 12:10:02.742] - eth_blockNumber
[2021/11/24 12:10:02.749] - net_version
[2021/11/24 12:10:02.771] - eth_getBlockByNumber
[2021/11/24 12:10:10.572] - eth_blockNumber
[2021/11/24 12:10:10.581] - eth_getBalance
[2021/11/24 12:10:10.583] - eth_getBalance
[2021/11/24 12:10:10.589] - eth_getBalance
[2021/11/24 12:15:34.457] - eth_blockNumber
[2021/11/24 12:15:34.480] - eth_gasPrice
[2021/11/24 12:15:34.551] - eth_getCode
[2021/11/24 12:15:34.615] - eth_estimateGas
[2021/11/24 12:15:36.209] - eth_blockNumber
[2021/11/24 12:15:36.793] - eth_getTransactionCount
[2021/11/24 15:10:58.945] - eth_blockNumber
[2021/11/24 15:10:59.031] - eth_estimateGas
[2021/11/24 15:11:00.549] - eth_blockNumber
[2021/11/24 15:35:07.545] - eth_unsubscribe
[2021/11/24 15:35:07.546] - eth_unsubscribe
