[2021/11/17 15:19:48.946] - Starting server with initial configuration: {"gasLimit":6721975,"gasPrice":20000000000,"hardfork":"muirGlacier","hostname":"127.0.0.1","port":8545,"network_id":4777,"default_balance_ether":100,"total_accounts":10,"unlocked_accounts":[],"locked":false,"vmErrorsOnRPCResponse":true,"verbose":false,"db_path":"C:\\Users\\Theo\\AppData\\Roaming\\Ganache\\workspaces\\grieving-sidewalk\\chaindata","logDirectory":"C:\\Users\\Theo\\Documents\\GitHub\\Bachelor_Dissertation_2021_2022\\server\\logs\\ganache"}
[2021/11/17 15:19:49.067] - eth_blockNumber
[2021/11/17 15:19:49.539] - eth_getCode
[2021/11/17 15:19:49.541] - eth_subscribe
[2021/11/17 15:19:49.542] - eth_getLogs
[2021/11/17 15:19:49.544] - eth_subscribe
[2021/11/17 15:19:49.579] - eth_getCode
[2021/11/17 15:19:50.270] - eth_subscribe
[2021/11/17 15:19:50.272] - eth_getLogs
[2021/11/17 15:19:50.274] - eth_subscribe
[2021/11/17 15:19:51.056] - eth_blockNumber
[2021/11/17 15:19:51.057] - eth_accounts
[2021/11/17 15:19:51.058] - eth_gasPrice
[2021/11/17 15:19:51.059] - eth_getBlockByNumber
[2021/11/17 15:19:51.060] - eth_blockNumber
[2021/11/17 15:19:51.061] - eth_subscribe
[2021/11/17 15:19:51.061] - eth_accounts
[2021/11/17 15:19:51.062] - eth_gasPrice
[2021/11/17 15:19:51.063] - eth_getBlockByNumber
[2021/11/17 15:19:51.064] - eth_subscribe
[2021/11/17 15:19:51.281] - eth_accounts
[2021/11/17 15:19:51.786] - eth_getBalance
[2021/11/17 15:19:51.841] - eth_getTransactionCount
[2021/11/17 15:19:51.897] - eth_getBalance
[2021/11/17 15:19:51.952] - eth_getTransactionCount
[2021/11/17 15:19:51.997] - eth_getBalance
[2021/11/17 15:19:52.049] - eth_getTransactionCount
[2021/11/17 15:19:52.102] - eth_getBalance
[2021/11/17 15:19:52.157] - eth_getTransactionCount
[2021/11/17 15:19:52.207] - eth_getBalance
[2021/11/17 15:19:52.251] - eth_getTransactionCount
[2021/11/17 15:19:52.300] - eth_getBalance
[2021/11/17 15:19:52.351] - eth_getTransactionCount
[2021/11/17 15:19:52.402] - eth_getBalance
[2021/11/17 15:19:52.456] - eth_getTransactionCount
[2021/11/17 15:19:52.503] - eth_getBalance
[2021/11/17 15:19:52.556] - eth_getTransactionCount
[2021/11/17 15:19:52.611] - eth_getBalance
[2021/11/17 15:19:52.666] - eth_getTransactionCount
[2021/11/17 15:19:52.717] - eth_getBalance
[2021/11/17 15:19:52.760] - eth_getTransactionCount
[2021/11/17 15:19:52.920] - eth_getBalance
[2021/11/17 15:19:52.965] - eth_getTransactionCount
[2021/11/17 15:19:53.017] - eth_getBalance
[2021/11/17 15:19:53.073] - eth_getTransactionCount
[2021/11/17 15:19:53.131] - eth_getBalance
[2021/11/17 15:19:53.183] - eth_getTransactionCount
[2021/11/17 15:19:53.228] - eth_getBalance
[2021/11/17 15:19:53.277] - eth_getTransactionCount
[2021/11/17 15:19:53.328] - eth_getBalance
[2021/11/17 15:19:53.379] - eth_getTransactionCount
[2021/11/17 15:19:53.434] - eth_getBalance
[2021/11/17 15:19:53.480] - eth_getTransactionCount
[2021/11/17 15:19:53.534] - eth_getBalance
[2021/11/17 15:19:53.585] - eth_getTransactionCount
[2021/11/17 15:19:53.637] - eth_getBalance
[2021/11/17 15:19:53.689] - eth_getTransactionCount
[2021/11/17 15:19:53.734] - eth_getBalance
[2021/11/17 15:19:53.782] - eth_getTransactionCount
[2021/11/17 15:19:53.835] - eth_getBalance
[2021/11/17 15:19:53.896] - eth_getTransactionCount
[2021/11/17 15:19:53.956] - eth_getBalance
[2021/11/17 15:19:54.001] - eth_getTransactionCount
[2021/11/17 15:19:54.051] - eth_getBalance
[2021/11/17 15:19:54.102] - eth_getTransactionCount
[2021/11/17 15:19:54.153] - eth_getBalance
[2021/11/17 15:19:54.205] - eth_getTransactionCount
[2021/11/17 15:19:54.251] - eth_getBalance
[2021/11/17 15:19:54.305] - eth_getTransactionCount
[2021/11/17 15:19:54.393] - eth_getBalance
[2021/11/17 15:19:54.439] - eth_getTransactionCount
[2021/11/17 15:19:54.493] - eth_getBalance
[2021/11/17 15:19:54.546] - eth_getTransactionCount
[2021/11/17 15:19:54.600] - eth_getBalance
[2021/11/17 15:19:54.644] - eth_getTransactionCount
[2021/11/17 15:19:54.696] - eth_getBalance
[2021/11/17 15:19:54.753] - eth_getTransactionCount
[2021/11/17 15:19:54.808] - eth_getBalance
[2021/11/17 15:19:54.861] - eth_getTransactionCount
[2021/11/17 15:19:54.905] - eth_getBalance
[2021/11/17 15:19:54.959] - eth_getTransactionCount
[2021/11/17 15:19:55.484] - eth_getBalance
[2021/11/17 15:19:55.543] - eth_getTransactionCount
[2021/11/17 15:19:55.596] - eth_getBalance
[2021/11/17 15:19:55.654] - eth_getTransactionCount
[2021/11/17 15:19:55.702] - eth_getBalance
[2021/11/17 15:19:55.753] - eth_getTransactionCount
[2021/11/17 15:19:55.804] - eth_getBalance
[2021/11/17 15:19:55.856] - eth_getTransactionCount
[2021/11/17 15:19:55.902] - eth_getBalance
[2021/11/17 15:19:55.951] - eth_getTransactionCount
[2021/11/17 15:19:56.004] - eth_getBalance
[2021/11/17 15:19:56.059] - eth_getTransactionCount
[2021/11/17 15:19:56.112] - eth_getBalance
[2021/11/17 15:19:56.156] - eth_getTransactionCount
[2021/11/17 15:19:56.204] - eth_getBalance
[2021/11/17 15:19:56.253] - eth_getTransactionCount
[2021/11/17 15:19:56.304] - eth_getBalance
[2021/11/17 15:19:56.356] - eth_getTransactionCount
[2021/11/17 15:19:56.400] - eth_getBalance
[2021/11/17 15:19:56.451] - eth_getTransactionCount
[2021/11/17 15:51:38.367] - eth_blockNumber
[2021/11/17 15:51:38.383] - net_version
[2021/11/17 15:51:38.397] - eth_accounts
[2021/11/17 15:51:38.523] - eth_getBlockByNumber
[2021/11/17 15:51:38.547] - eth_getCode
[2021/11/17 15:51:38.622] - eth_getBlockByNumber
[2021/11/17 15:51:38.636] - eth_getCode
[2021/11/17 15:51:38.680] - eth_getBlockByNumber
[2021/11/17 15:51:38.709] - eth_accounts
[2021/11/17 15:51:38.800] - eth_getBlockByNumber
[2021/11/17 15:51:38.810] - eth_getBlockByNumber
[2021/11/17 15:51:38.826] - eth_getBlockByNumber
[2021/11/17 15:51:38.846] - eth_estimateGas
[2021/11/17 15:51:39.422] - eth_getBlockByNumber
[2021/11/17 15:51:39.426] - eth_blockNumber
[2021/11/17 15:51:39.431] - eth_estimateGas
[2021/11/17 15:51:39.638] - eth_getBlockByNumber
[2021/11/17 15:51:39.639] - eth_gasPrice
[2021/11/17 15:51:39.646] - eth_sendTransaction
[2021/11/17 15:51:39.904] - 
[2021/11/17 15:51:39.905] -   Transaction: 0x7ccf7c239abac480aeca77a2df6b305d85e9b4bf0882b03e750cbfca0bb0de96
[2021/11/17 15:51:39.905] -   Contract created: 0x1e8d1072634957750ccec0ada8a9dc870d2026dc
[2021/11/17 15:51:39.906] -   Gas usage: 248842
[2021/11/17 15:51:39.907] -   Block Number: 1
[2021/11/17 15:51:39.912] -   Block Time: Wed Nov 17 2021 15:51:39 GMT+0200 (Χειμερινή ώρα Ανατολικής Ευρώπης)
[2021/11/17 15:51:39.912] - 
[2021/11/17 15:51:39.915] - eth_getBlockByNumber
[2021/11/17 15:51:39.918] - eth_getTransactionReceipt
[2021/11/17 15:51:39.942] - eth_getCode
[2021/11/17 15:51:39.955] - eth_getTransactionByHash
[2021/11/17 15:51:39.970] - eth_getBlockByNumber
[2021/11/17 15:51:39.982] - eth_getBalance
[2021/11/17 15:51:40.006] - eth_getBlockByNumber
[2021/11/17 15:51:40.018] - eth_getBlockByNumber
[2021/11/17 15:51:40.037] - eth_estimateGas
[2021/11/17 15:51:40.367] - eth_getBlockByNumber
[2021/11/17 15:51:40.369] - eth_gasPrice
[2021/11/17 15:51:40.378] - eth_sendTransaction
[2021/11/17 15:51:40.585] - 
[2021/11/17 15:51:40.586] -   Transaction: 0x6229b1cb2f442a3a645419fc740dabe4b4666aab33b5267ea0993d68f7dda3be
[2021/11/17 15:51:40.587] -   Gas usage: 42513
[2021/11/17 15:51:40.588] -   Block Number: 2
[2021/11/17 15:51:40.588] -   Block Time: Wed Nov 17 2021 15:51:40 GMT+0200 (Χειμερινή ώρα Ανατολικής Ευρώπης)
[2021/11/17 15:51:40.589] - 
[2021/11/17 15:51:40.593] - eth_getBlockByNumber
[2021/11/17 15:51:40.595] - eth_getTransactionReceipt
[2021/11/17 15:51:40.636] - eth_getBlockByNumber
[2021/11/17 15:51:40.652] - eth_accounts
[2021/11/17 15:51:40.753] - eth_getBlockByNumber
[2021/11/17 15:51:40.775] - eth_getBlockByNumber
[2021/11/17 15:51:40.781] - eth_getBlockByNumber
[2021/11/17 15:51:40.793] - eth_estimateGas
[2021/11/17 15:51:40.948] - eth_getBlockByNumber
[2021/11/17 15:51:41.415] - eth_getBlockByNumber
[2021/11/17 15:51:41.416] - eth_blockNumber
[2021/11/17 15:51:41.417] - eth_getBlockByNumber
[2021/11/17 15:51:41.428] - eth_estimateGas
[2021/11/17 15:51:41.630] - eth_getBlockByNumber
[2021/11/17 15:51:41.872] - eth_getBlockByNumber
[2021/11/17 15:51:41.873] - eth_gasPrice
[2021/11/17 15:51:41.877] - eth_getBlockByNumber
[2021/11/17 15:51:41.893] - eth_sendTransaction
[2021/11/17 15:51:41.970] - eth_getBlockByNumber
[2021/11/17 15:51:42.194] - 
[2021/11/17 15:51:42.195] -   Transaction: 0xcaf69ab71bf02d59d29de553c3a7c007e40b5b023b77c9f81d9eb1d49f79ee7c
[2021/11/17 15:51:42.195] -   Contract created: 0x91cdfe7c1c383d7b00290cfbbd5ccbac455d0e17
[2021/11/17 15:51:42.196] -   Gas usage: 2751334
[2021/11/17 15:51:42.197] -   Block Number: 3
[2021/11/17 15:51:42.198] -   Block Time: Wed Nov 17 2021 15:51:41 GMT+0200 (Χειμερινή ώρα Ανατολικής Ευρώπης)
[2021/11/17 15:51:42.198] - 
[2021/11/17 15:51:42.211] - eth_getBlockByNumber
[2021/11/17 15:51:42.214] - eth_getTransactionReceipt
[2021/11/17 15:51:42.221] - eth_getBlockByNumber
[2021/11/17 15:51:42.250] - eth_getCode
[2021/11/17 15:51:42.282] - eth_getTransactionByHash
[2021/11/17 15:51:42.307] - eth_getBlockByNumber
[2021/11/17 15:51:42.316] - eth_getBalance
[2021/11/17 15:51:42.386] - eth_getBlockByNumber
[2021/11/17 15:51:42.407] - eth_getBlockByNumber
[2021/11/17 15:51:42.429] - eth_estimateGas
[2021/11/17 15:51:42.632] - eth_getBlockByNumber
[2021/11/17 15:51:42.638] - eth_getBlockByNumber
[2021/11/17 15:51:42.640] - eth_gasPrice
[2021/11/17 15:51:42.644] - eth_getBlockByNumber
[2021/11/17 15:51:42.664] - eth_sendTransaction
[2021/11/17 15:51:42.858] - 
[2021/11/17 15:51:42.860] -   Transaction: 0x4882ffdfd7722aece0bb70031d961045f4180ac0ec2eef24c421da350d71b7f7
[2021/11/17 15:51:42.861] -   Gas usage: 27513
[2021/11/17 15:51:42.862] -   Block Number: 4
[2021/11/17 15:51:42.863] -   Block Time: Wed Nov 17 2021 15:51:42 GMT+0200 (Χειμερινή ώρα Ανατολικής Ευρώπης)
[2021/11/17 15:51:42.864] - 
[2021/11/17 15:51:42.867] - eth_getBlockByNumber
[2021/11/17 15:51:42.869] - eth_getTransactionReceipt
[2021/11/17 15:51:47.749] - eth_getBalance
[2021/11/17 15:51:47.848] - eth_getTransactionCount
[2021/11/17 15:51:47.912] - eth_getBalance
[2021/11/17 15:51:47.965] - eth_getTransactionCount
[2021/11/17 15:51:48.024] - eth_getBalance
[2021/11/17 15:51:48.092] - eth_getTransactionCount
[2021/11/17 15:51:48.167] - eth_getBalance
[2021/11/17 15:51:48.221] - eth_getTransactionCount
[2021/11/17 15:51:48.273] - eth_getBalance
[2021/11/17 15:51:48.325] - eth_getTransactionCount
[2021/11/17 15:51:48.385] - eth_getBalance
[2021/11/17 15:51:48.464] - eth_getTransactionCount
[2021/11/17 15:51:48.516] - eth_getBalance
[2021/11/17 15:51:48.569] - eth_getTransactionCount
[2021/11/17 15:51:48.621] - eth_getBalance
[2021/11/17 15:51:48.670] - eth_getTransactionCount
[2021/11/17 15:51:48.768] - eth_getBalance
[2021/11/17 15:51:48.836] - eth_getTransactionCount
[2021/11/17 15:51:48.888] - eth_getBalance
[2021/11/17 15:51:48.951] - eth_getTransactionCount
[2021/11/17 15:51:49.010] - eth_getBalance
[2021/11/17 15:51:49.109] - eth_getTransactionCount
[2021/11/17 15:51:49.178] - eth_getBalance
[2021/11/17 15:51:49.233] - eth_getTransactionCount
[2021/11/17 15:51:49.288] - eth_getBalance
[2021/11/17 15:51:49.336] - eth_getTransactionCount
[2021/11/17 15:51:49.435] - eth_getBalance
[2021/11/17 15:51:49.501] - eth_getTransactionCount
[2021/11/17 15:51:49.549] - eth_getBalance
[2021/11/17 15:51:49.607] - eth_getTransactionCount
[2021/11/17 15:51:49.670] - eth_getBalance
[2021/11/17 15:51:49.741] - eth_getTransactionCount
[2021/11/17 15:51:49.796] - eth_getBalance
[2021/11/17 15:51:49.849] - eth_getTransactionCount
[2021/11/17 15:51:49.945] - eth_getBalance
[2021/11/17 15:51:50.013] - eth_getTransactionCount
[2021/11/17 15:51:50.079] - eth_getBalance
[2021/11/17 15:51:50.144] - eth_getTransactionCount
[2021/11/17 15:51:50.221] - eth_getBalance
[2021/11/17 15:51:50.272] - eth_getTransactionCount
[2021/11/17 15:51:50.419] - eth_getBalance
[2021/11/17 15:51:50.470] - eth_getTransactionCount
[2021/11/17 15:51:50.522] - eth_getBalance
[2021/11/17 15:51:50.617] - eth_getTransactionCount
[2021/11/17 15:51:50.686] - eth_getBalance
[2021/11/17 15:51:50.739] - eth_getTransactionCount
[2021/11/17 15:51:50.791] - eth_getBalance
[2021/11/17 15:51:50.889] - eth_getTransactionCount
[2021/11/17 15:51:50.957] - eth_getBalance
[2021/11/17 15:51:51.020] - eth_getTransactionCount
[2021/11/17 15:51:51.070] - eth_getBalance
[2021/11/17 15:51:51.123] - eth_getTransactionCount
[2021/11/17 15:51:51.234] - eth_getBalance
[2021/11/17 15:51:51.302] - eth_getTransactionCount
[2021/11/17 15:51:51.355] - eth_getBalance
[2021/11/17 15:51:51.407] - eth_getTransactionCount
[2021/11/17 15:51:51.471] - eth_getBalance
[2021/11/17 15:51:51.545] - eth_getTransactionCount
[2021/11/17 15:51:51.597] - eth_getBalance
[2021/11/17 15:51:51.646] - eth_getTransactionCount
[2021/11/17 15:51:52.098] - eth_getBalance
[2021/11/17 15:51:52.148] - eth_getTransactionCount
[2021/11/17 15:51:52.247] - eth_getBalance
[2021/11/17 15:51:52.317] - eth_getTransactionCount
[2021/11/17 15:51:52.372] - eth_getBalance
[2021/11/17 15:51:52.426] - eth_getTransactionCount
[2021/11/17 15:51:52.480] - eth_getBalance
[2021/11/17 15:51:52.586] - eth_getTransactionCount
[2021/11/17 15:51:52.661] - eth_getBalance
[2021/11/17 15:51:52.712] - eth_getTransactionCount
[2021/11/17 15:51:52.764] - eth_getBalance
[2021/11/17 15:51:52.821] - eth_getTransactionCount
[2021/11/17 15:51:52.898] - eth_getBalance
[2021/11/17 15:51:52.951] - eth_getTransactionCount
[2021/11/17 15:51:53.011] - eth_getBalance
[2021/11/17 15:51:53.097] - eth_getTransactionCount
[2021/11/17 15:51:53.163] - eth_getBalance
[2021/11/17 15:51:53.216] - eth_getTransactionCount
[2021/11/17 15:54:33.389] - eth_getBlockByNumber
[2021/11/17 15:54:33.612] - eth_getBlockTransactionCountByHash
[2021/11/17 15:54:33.801] - eth_getBlockByNumber
[2021/11/17 15:54:33.959] - eth_getBlockTransactionCountByHash
[2021/11/17 15:54:34.130] - eth_getBlockByNumber
[2021/11/17 15:54:34.330] - eth_getBlockTransactionCountByHash
[2021/11/17 15:54:34.483] - eth_getBlockByNumber
[2021/11/17 15:54:34.641] - eth_getBlockTransactionCountByHash
[2021/11/17 15:54:34.804] - eth_getBlockByNumber
[2021/11/17 15:54:34.956] - eth_getBlockTransactionCountByHash
[2021/11/17 15:54:38.980] - eth_getBlockByNumber
[2021/11/17 15:54:39.138] - eth_getTransactionReceipt
[2021/11/17 15:54:42.855] - eth_getTransactionByHash
[2021/11/17 15:54:43.051] - eth_getBlockByNumber
[2021/11/17 15:54:43.345] - eth_getTransactionReceipt
[2021/11/17 15:54:43.387] - net_version
[2021/11/17 15:54:43.408] - eth_getCode
[2021/11/17 15:54:43.555] - eth_getBlockByNumber
[2021/11/17 15:54:43.877] - eth_getTransactionReceipt
[2021/11/17 15:54:44.108] - eth_getBlockByNumber
[2021/11/17 15:54:44.319] - eth_getTransactionReceipt
[2021/11/17 15:54:44.539] - eth_getBlockByNumber
[2021/11/17 15:57:08.469] - eth_getBalance
[2021/11/17 15:57:08.891] - net_version
[2021/11/17 15:57:08.911] - eth_getCode
[2021/11/17 15:57:09.244] - net_version
[2021/11/17 15:57:09.262] - eth_getCode
[2021/11/17 15:57:09.281] - eth_getBlockByNumber
[2021/11/17 15:57:09.296] - eth_getBalance
[2021/11/17 15:57:09.311] - eth_getTransactionCount
[2021/11/17 15:57:09.333] - eth_getStorageAt
[2021/11/17 15:57:09.364] - eth_getStorageAt
[2021/11/17 15:57:09.385] - eth_getStorageAt
[2021/11/17 15:57:09.408] - eth_getStorageAt
[2021/11/17 16:10:28.507] - eth_blockNumber
[2021/11/17 16:10:28.578] - eth_getBlockByNumber
[2021/11/17 16:10:47.066] - eth_blockNumber
[2021/11/17 16:10:47.074] - net_version
[2021/11/17 16:10:47.090] - eth_getBlockByNumber
[2021/11/17 16:11:00.711] - eth_blockNumber
[2021/11/17 16:11:00.716] - eth_getBalance
[2021/11/17 16:11:00.718] - eth_getBalance
[2021/11/17 16:11:07.093] - eth_blockNumber
[2021/11/17 16:18:42.127] - net_version
[2021/11/17 16:18:42.144] - eth_getCode
[2021/11/17 16:19:09.628] - net_version
[2021/11/17 16:19:09.645] - eth_getCode
[2021/11/17 16:21:51.678] - eth_getLogs
[2021/11/17 16:21:52.205] - net_version
[2021/11/17 16:21:52.222] - eth_getCode
[2021/11/17 16:30:15.786] - eth_blockNumber
[2021/11/17 16:30:16.365] - eth_blockNumber
[2021/11/17 16:30:16.399] - eth_estimateGas
[2021/11/17 16:30:16.588] - eth_getCode
[2021/11/17 16:30:16.670] - eth_gasPrice
[2021/11/17 16:30:46.259] - eth_blockNumber
[2021/11/17 16:30:46.801] - eth_getTransactionCount
[2021/11/17 16:30:53.871] - eth_getBalance
[2021/11/17 16:31:17.051] - net_version
[2021/11/17 16:31:17.070] - eth_getCode
[2021/11/17 16:31:17.371] - net_version
[2021/11/17 16:31:17.388] - eth_getCode
[2021/11/17 16:31:17.406] - eth_getBlockByNumber
[2021/11/17 16:31:17.422] - eth_getBalance
[2021/11/17 16:31:17.438] - eth_getTransactionCount
[2021/11/17 16:31:17.456] - eth_getStorageAt
[2021/11/17 16:31:17.470] - eth_getStorageAt
[2021/11/17 16:31:17.486] - eth_getStorageAt
[2021/11/17 16:31:17.502] - eth_getStorageAt
[2021/11/17 16:31:29.843] - eth_blockNumber
[2021/11/17 16:31:29.872] - eth_estimateGas
[2021/11/17 16:31:41.263] - eth_blockNumber
[2021/11/17 16:31:49.862] - eth_blockNumber
[2021/11/17 16:32:06.896] - eth_blockNumber
[2021/11/17 16:32:13.035] - eth_estimateGas
[2021/11/17 16:32:13.658] - eth_getCode
[2021/11/17 16:32:15.017] - eth_blockNumber
[2021/11/17 16:32:15.516] - eth_getTransactionCount
[2021/11/17 16:32:26.965] - eth_blockNumber
[2021/11/17 16:32:35.087] - eth_blockNumber
[2021/11/17 16:32:37.537] - eth_sendRawTransaction
[2021/11/17 16:32:37.936] - 
[2021/11/17 16:32:37.937] -   Transaction: 0x9664a70afd920e2161951eee94b96ca4eb4e504afb1e14cb61b8342f73a49254
[2021/11/17 16:32:37.937] -   Gas usage: 197965
[2021/11/17 16:32:37.939] -   Block Number: 5
[2021/11/17 16:32:37.941] -   Block Time: Wed Nov 17 2021 16:32:37 GMT+0200 (Χειμερινή ώρα Ανατολικής Ευρώπης)
[2021/11/17 16:32:37.942] - 
[2021/11/17 16:32:37.954] - eth_getBlockByNumber
[2021/11/17 16:32:37.961] - eth_blockNumber
[2021/11/17 16:32:37.993] - eth_getTransactionReceipt
[2021/11/17 16:32:38.013] - eth_getBlockByHash
[2021/11/17 16:32:38.126] - eth_getBalance
[2021/11/17 16:32:38.193] - eth_getTransactionCount
[2021/11/17 16:32:38.270] - eth_getBalance
[2021/11/17 16:32:38.405] - eth_getTransactionCount
[2021/11/17 16:32:38.480] - eth_getBalance
[2021/11/17 16:32:38.557] - eth_getTransactionCount
[2021/11/17 16:32:38.620] - eth_getBalance
[2021/11/17 16:32:38.684] - eth_getTransactionCount
[2021/11/17 16:32:38.745] - eth_getBalance
[2021/11/17 16:32:38.820] - eth_getTransactionCount
[2021/11/17 16:32:38.894] - eth_getBalance
[2021/11/17 16:32:38.957] - eth_getTransactionCount
[2021/11/17 16:32:39.019] - eth_getBalance
[2021/11/17 16:32:39.086] - eth_getTransactionCount
[2021/11/17 16:32:39.170] - eth_getBalance
[2021/11/17 16:32:39.238] - eth_getTransactionCount
[2021/11/17 16:32:39.309] - eth_getBalance
[2021/11/17 16:32:39.423] - eth_getTransactionCount
[2021/11/17 16:32:39.617] - eth_getBalance
[2021/11/17 16:32:39.694] - eth_getTransactionCount
[2021/11/17 16:32:43.271] - eth_getBlockByNumber
[2021/11/17 16:32:43.653] - eth_getTransactionReceipt
[2021/11/17 16:32:43.879] - eth_getTransactionReceipt
[2021/11/17 16:32:44.105] - eth_getTransactionReceipt
[2021/11/17 16:32:44.342] - eth_getTransactionReceipt
[2021/11/17 16:32:44.591] - eth_getTransactionReceipt
[2021/11/17 16:32:50.661] - eth_getTransactionByHash
[2021/11/17 16:32:50.842] - eth_getBlockByNumber
[2021/11/17 16:32:51.157] - net_version
[2021/11/17 16:32:51.174] - eth_getCode
[2021/11/17 16:32:51.459] - net_version
[2021/11/17 16:32:51.477] - eth_getCode
[2021/11/17 16:33:06.989] - eth_getBalance
[2021/11/17 16:33:07.404] - net_version
[2021/11/17 16:33:07.422] - eth_getCode
[2021/11/17 16:33:07.750] - net_version
[2021/11/17 16:33:07.768] - eth_getCode
[2021/11/17 16:33:08.065] - net_version
[2021/11/17 16:33:08.082] - eth_getCode
[2021/11/17 16:33:08.101] - eth_getBlockByNumber
[2021/11/17 16:33:08.119] - eth_getBalance
[2021/11/17 16:33:08.131] - eth_getTransactionCount
[2021/11/17 16:33:08.157] - eth_getStorageAt
[2021/11/17 16:33:08.166] - eth_getStorageAt
[2021/11/17 16:33:08.190] - eth_getStorageAt
[2021/11/17 16:33:08.221] - eth_getStorageAt
[2021/11/17 16:33:26.094] - net_version
[2021/11/17 16:33:26.111] - eth_getCode
[2021/11/17 16:33:26.538] - net_version
[2021/11/17 16:33:26.555] - eth_getCode
[2021/11/17 16:34:03.657] - net_version
[2021/11/17 16:34:03.674] - eth_getCode
[2021/11/17 16:34:04.009] - net_version
[2021/11/17 16:34:04.027] - eth_getCode
[2021/11/17 16:34:04.345] - net_version
[2021/11/17 16:34:04.362] - eth_getCode
[2021/11/17 16:34:04.383] - eth_getBlockByNumber
[2021/11/17 16:34:04.400] - eth_getBalance
[2021/11/17 16:34:04.411] - eth_getTransactionCount
[2021/11/17 16:34:04.430] - eth_getStorageAt
[2021/11/17 16:34:04.445] - eth_getStorageAt
[2021/11/17 16:34:04.452] - eth_getStorageAt
[2021/11/17 16:34:04.460] - eth_getStorageAt
[2021/11/17 16:34:15.061] - eth_unsubscribe
[2021/11/17 16:34:15.062] - eth_unsubscribe
