[2021/11/17 16:34:17.468] - Starting server with initial configuration: {"gasLimit":6721975,"gasPrice":20000000000,"hardfork":"muirGlacier","hostname":"127.0.0.1","port":8545,"network_id":4777,"default_balance_ether":100,"total_accounts":10,"unlocked_accounts":[],"locked":false,"vmErrorsOnRPCResponse":true,"verbose":false,"db_path":"C:\\Users\\Theo\\AppData\\Roaming\\Ganache\\workspaces\\grieving-sidewalk\\chaindata","logDirectory":"C:\\Users\\Theo\\Documents\\GitHub\\Bachelor_Dissertation_2021_2022\\server\\logs\\ganache"}
[2021/11/17 16:34:17.918] - eth_subscribe
[2021/11/17 16:34:17.919] - eth_getLogs
[2021/11/17 16:34:17.920] - eth_subscribe
[2021/11/17 16:34:17.932] - eth_getCode
[2021/11/17 16:34:18.026] - eth_getCode
[2021/11/17 16:34:18.496] - eth_getCode
[2021/11/17 16:34:18.497] - eth_subscribe
[2021/11/17 16:34:18.498] - eth_getLogs
[2021/11/17 16:34:18.502] - eth_subscribe
[2021/11/17 16:34:18.521] - eth_getCode
[2021/11/17 16:34:19.776] - eth_blockNumber
[2021/11/17 16:34:19.777] - eth_accounts
[2021/11/17 16:34:19.778] - eth_blockNumber
[2021/11/17 16:34:19.778] - eth_gasPrice
[2021/11/17 16:34:19.779] - eth_accounts
[2021/11/17 16:34:19.780] - eth_getBlockByNumber
[2021/11/17 16:34:19.781] - eth_gasPrice
[2021/11/17 16:34:19.782] - eth_subscribe
[2021/11/17 16:34:19.783] - eth_getBlockByNumber
[2021/11/17 16:34:19.784] - eth_subscribe
[2021/11/17 16:34:19.953] - eth_accounts
[2021/11/17 16:34:20.385] - eth_getBalance
[2021/11/17 16:34:20.437] - eth_getTransactionCount
[2021/11/17 16:34:20.476] - eth_getBalance
[2021/11/17 16:34:20.522] - eth_getTransactionCount
[2021/11/17 16:34:20.572] - eth_getBalance
[2021/11/17 16:34:20.610] - eth_getTransactionCount
[2021/11/17 16:34:20.656] - eth_getBalance
[2021/11/17 16:34:20.706] - eth_getTransactionCount
[2021/11/17 16:34:20.745] - eth_getBalance
[2021/11/17 16:34:20.797] - eth_getTransactionCount
[2021/11/17 16:34:20.839] - eth_getBalance
[2021/11/17 16:34:20.888] - eth_getTransactionCount
[2021/11/17 16:34:20.933] - eth_getBalance
[2021/11/17 16:34:20.972] - eth_getTransactionCount
[2021/11/17 16:34:21.016] - eth_getBalance
[2021/11/17 16:34:21.060] - eth_getTransactionCount
[2021/11/17 16:34:21.099] - eth_getBalance
[2021/11/17 16:34:21.145] - eth_getTransactionCount
[2021/11/17 16:34:21.199] - eth_getBalance
[2021/11/17 16:34:21.240] - eth_getTransactionCount
[2021/11/17 16:34:21.371] - eth_getBalance
[2021/11/17 16:34:21.419] - eth_getTransactionCount
[2021/11/17 16:34:21.457] - eth_getBalance
[2021/11/17 16:34:21.502] - eth_getTransactionCount
[2021/11/17 16:34:21.547] - eth_getBalance
[2021/11/17 16:34:21.586] - eth_getTransactionCount
[2021/11/17 16:34:21.633] - eth_getBalance
[2021/11/17 16:34:21.681] - eth_getTransactionCount
[2021/11/17 16:34:21.720] - eth_getBalance
[2021/11/17 16:34:21.765] - eth_getTransactionCount
[2021/11/17 16:34:21.812] - eth_getBalance
[2021/11/17 16:34:21.854] - eth_getTransactionCount
[2021/11/17 16:34:21.900] - eth_getBalance
[2021/11/17 16:34:21.946] - eth_getTransactionCount
[2021/11/17 16:34:21.985] - eth_getBalance
[2021/11/17 16:34:22.098] - eth_getTransactionCount
[2021/11/17 16:34:22.137] - eth_getBalance
[2021/11/17 16:34:22.187] - eth_getTransactionCount
[2021/11/17 16:34:22.227] - eth_getBalance
[2021/11/17 16:34:22.272] - eth_getTransactionCount
[2021/11/17 16:34:22.318] - eth_getBalance
[2021/11/17 16:34:22.358] - eth_getTransactionCount
[2021/11/17 16:34:22.406] - eth_getBalance
[2021/11/17 16:34:22.450] - eth_getTransactionCount
[2021/11/17 16:34:22.488] - eth_getBalance
[2021/11/17 16:34:22.532] - eth_getTransactionCount
[2021/11/17 16:34:22.577] - eth_getBalance
[2021/11/17 16:34:22.617] - eth_getTransactionCount
[2021/11/17 16:34:22.662] - eth_getBalance
[2021/11/17 16:34:22.708] - eth_getTransactionCount
[2021/11/17 16:34:22.749] - eth_getBalance
[2021/11/17 16:34:22.798] - eth_getTransactionCount
[2021/11/17 16:34:22.837] - eth_getBalance
[2021/11/17 16:34:22.880] - eth_getTransactionCount
[2021/11/17 16:34:22.924] - eth_getBalance
[2021/11/17 16:34:22.962] - eth_getTransactionCount
[2021/11/17 16:34:23.005] - eth_getBalance
[2021/11/17 16:34:23.051] - eth_getTransactionCount
[2021/11/17 16:34:23.091] - eth_getBalance
[2021/11/17 16:34:23.138] - eth_getTransactionCount
[2021/11/17 16:34:23.576] - eth_getBalance
[2021/11/17 16:34:23.622] - eth_getTransactionCount
[2021/11/17 16:34:23.666] - eth_getBalance
[2021/11/17 16:34:23.705] - eth_getTransactionCount
[2021/11/17 16:34:23.749] - eth_getBalance
[2021/11/17 16:34:23.795] - eth_getTransactionCount
[2021/11/17 16:34:23.832] - eth_getBalance
[2021/11/17 16:34:23.877] - eth_getTransactionCount
[2021/11/17 16:34:23.924] - eth_getBalance
[2021/11/17 16:34:23.962] - eth_getTransactionCount
[2021/11/17 16:34:24.008] - eth_getBalance
[2021/11/17 16:34:24.046] - eth_getTransactionCount
[2021/11/17 16:34:24.089] - eth_getBalance
[2021/11/17 16:34:24.137] - eth_getTransactionCount
[2021/11/17 16:34:24.177] - eth_getBalance
[2021/11/17 16:34:24.221] - eth_getTransactionCount
[2021/11/17 16:34:24.270] - eth_getBalance
[2021/11/17 16:34:24.308] - eth_getTransactionCount
[2021/11/17 16:34:24.355] - eth_getBalance
[2021/11/17 16:34:24.410] - eth_getTransactionCount
[2021/11/17 16:34:37.855] - eth_getBalance
[2021/11/17 16:34:38.066] - eth_getTransactionByHash
[2021/11/17 16:34:38.227] - eth_getTransactionReceipt
[2021/11/17 16:34:38.376] - eth_getTransactionReceipt
[2021/11/17 16:34:38.535] - eth_getBlockByNumber
[2021/11/17 16:34:38.862] - net_version
[2021/11/17 16:34:38.879] - eth_getCode
[2021/11/17 16:34:39.011] - eth_getBlockByNumber
[2021/11/17 16:34:39.482] - net_version
[2021/11/17 16:34:39.500] - eth_getCode
[2021/11/17 16:34:39.784] - net_version
[2021/11/17 16:34:39.801] - eth_getCode
[2021/11/17 16:34:39.820] - eth_getBlockByNumber
[2021/11/17 16:34:39.836] - eth_getBalance
[2021/11/17 16:34:39.850] - eth_getTransactionCount
[2021/11/17 16:34:39.865] - eth_getStorageAt
[2021/11/17 16:34:39.886] - eth_getStorageAt
[2021/11/17 16:34:39.898] - eth_getStorageAt
[2021/11/17 16:34:39.906] - eth_getStorageAt
[2021/11/17 17:31:36.981] - eth_blockNumber
[2021/11/17 17:31:37.052] - eth_getBalance
[2021/11/17 17:31:37.059] - eth_getBalance
[2021/11/17 17:31:37.060] - eth_getBalance
[2021/11/17 17:31:37.068] - eth_getBlockByNumber
[2021/11/17 17:39:47.830] - eth_blockNumber
[2021/11/17 17:39:47.859] - eth_gasPrice
[2021/11/17 17:39:47.923] - eth_getCode
[2021/11/17 17:39:48.006] - eth_estimateGas
[2021/11/17 17:39:49.451] - eth_blockNumber
[2021/11/17 17:39:50.067] - eth_getTransactionCount
[2021/11/17 17:40:06.093] - eth_sendRawTransaction
[2021/11/17 17:40:06.315] - 
[2021/11/17 17:40:06.316] -   Transaction: 0x07a5c1ad9f2cc0c19a9e29fd23cedfe65625178f139b95ff22cc0816c9435884
[2021/11/17 17:40:06.317] -   Gas usage: 27007
[2021/11/17 17:40:06.317] -   Block Number: 6
[2021/11/17 17:40:06.318] -   Block Time: Wed Nov 17 2021 17:40:06 GMT+0200 (Χειμερινή ώρα Ανατολικής Ευρώπης)
[2021/11/17 17:40:06.319] -   Runtime Error: revert
[2021/11/17 17:40:06.321] -   Revert reason: This metadataURI already exists.
[2021/11/17 17:40:06.322] - 
[2021/11/17 17:40:06.325] - eth_getBlockByNumber
[2021/11/17 17:40:06.477] - eth_getBalance
[2021/11/17 17:40:06.633] - eth_getTransactionCount
[2021/11/17 17:40:06.710] - eth_getBalance
[2021/11/17 17:40:06.763] - eth_getTransactionCount
[2021/11/17 17:40:06.879] - eth_getBalance
[2021/11/17 17:40:06.973] - eth_getTransactionCount
[2021/11/17 17:40:07.034] - eth_getBalance
[2021/11/17 17:40:07.152] - eth_getTransactionCount
[2021/11/17 17:40:07.228] - eth_getBalance
[2021/11/17 17:40:07.308] - eth_getTransactionCount
[2021/11/17 17:40:07.362] - eth_getBalance
[2021/11/17 17:40:07.468] - eth_getTransactionCount
[2021/11/17 17:40:07.532] - eth_getBalance
[2021/11/17 17:40:07.580] - eth_getTransactionCount
[2021/11/17 17:40:07.630] - eth_getBalance
[2021/11/17 17:40:07.727] - eth_getTransactionCount
[2021/11/17 17:40:07.788] - eth_getBalance
[2021/11/17 17:40:07.853] - eth_getTransactionCount
[2021/11/17 17:40:07.910] - eth_getBalance
[2021/11/17 17:40:08.024] - eth_getTransactionCount
[2021/11/17 17:41:08.721] - eth_blockNumber
[2021/11/17 17:41:08.747] - eth_gasPrice
[2021/11/17 17:41:08.749] - eth_getBlockByNumber
[2021/11/17 17:41:08.789] - eth_getCode
[2021/11/17 17:41:08.825] - eth_estimateGas
[2021/11/17 17:41:10.307] - eth_blockNumber
[2021/11/17 17:41:10.357] - eth_getBalance
[2021/11/17 17:41:10.360] - eth_getBalance
[2021/11/17 17:41:10.364] - eth_getBalance
[2021/11/17 17:41:10.834] - eth_getTransactionCount
[2021/11/17 17:41:17.158] - eth_sendRawTransaction
[2021/11/17 17:41:17.451] - 
[2021/11/17 17:41:17.452] -   Transaction: 0xcbb0c10a60ddce3744981b8513dec7f88eedf9f487ed4a25675de5b3007553d7
[2021/11/17 17:41:17.453] -   Gas usage: 167965
[2021/11/17 17:41:17.454] -   Block Number: 7
[2021/11/17 17:41:17.455] -   Block Time: Wed Nov 17 2021 17:41:17 GMT+0200 (Χειμερινή ώρα Ανατολικής Ευρώπης)
[2021/11/17 17:41:17.456] - 
[2021/11/17 17:41:17.462] - eth_getBlockByNumber
[2021/11/17 17:41:17.536] - eth_getTransactionReceipt
[2021/11/17 17:41:17.551] - eth_blockNumber
[2021/11/17 17:41:17.566] - eth_getTransactionReceipt
[2021/11/17 17:41:17.589] - eth_getBlockByHash
[2021/11/17 17:41:17.641] - eth_getBalance
[2021/11/17 17:41:17.794] - eth_getTransactionCount
[2021/11/17 17:41:17.871] - eth_getBalance
[2021/11/17 17:41:17.923] - eth_getTransactionCount
[2021/11/17 17:41:18.013] - eth_getBalance
[2021/11/17 17:41:18.066] - eth_getTransactionCount
[2021/11/17 17:41:18.129] - eth_getBalance
[2021/11/17 17:41:18.189] - eth_getTransactionCount
[2021/11/17 17:41:18.256] - eth_getBalance
[2021/11/17 17:41:18.315] - eth_getTransactionCount
[2021/11/17 17:41:18.367] - eth_getBalance
[2021/11/17 17:41:18.429] - eth_getTransactionCount
[2021/11/17 17:41:18.500] - eth_getBalance
[2021/11/17 17:41:18.548] - eth_getTransactionCount
[2021/11/17 17:41:18.595] - eth_getBalance
[2021/11/17 17:41:18.651] - eth_getTransactionCount
[2021/11/17 17:41:18.716] - eth_getBalance
[2021/11/17 17:41:18.794] - eth_getTransactionCount
[2021/11/17 17:41:18.845] - eth_getBalance
[2021/11/17 17:41:18.897] - eth_getTransactionCount
[2021/11/17 17:41:23.534] - eth_getBlockByNumber
[2021/11/17 17:41:23.676] - eth_getBlockTransactionCountByHash
[2021/11/17 17:41:23.812] - eth_getBlockByNumber
[2021/11/17 17:41:23.951] - eth_getBlockTransactionCountByHash
[2021/11/17 17:41:24.096] - eth_getBlockByNumber
[2021/11/17 17:41:24.241] - eth_getBlockTransactionCountByHash
[2021/11/17 17:41:24.377] - eth_getBlockTransactionCountByHash
[2021/11/17 17:41:24.528] - eth_getBlockByNumber
[2021/11/17 17:41:24.674] - eth_getBlockTransactionCountByHash
[2021/11/17 17:41:24.808] - eth_getBlockTransactionCountByHash
[2021/11/17 17:41:24.965] - eth_getBlockByNumber
[2021/11/17 17:41:25.107] - eth_getBlockTransactionCountByHash
[2021/11/17 17:41:25.249] - eth_getBlockByNumber
[2021/11/17 17:41:25.382] - eth_getBlockTransactionCountByHash
[2021/11/17 17:41:30.032] - eth_getBlockByNumber
[2021/11/17 17:41:30.171] - eth_getTransactionReceipt
[2021/11/17 17:41:32.205] - eth_getTransactionByHash
[2021/11/17 17:41:32.371] - eth_getBlockByNumber
[2021/11/17 17:41:32.622] - eth_getTransactionReceipt
[2021/11/17 17:41:32.716] - net_version
[2021/11/17 17:41:32.738] - eth_getCode
[2021/11/17 17:41:32.822] - eth_getBlockByNumber
[2021/11/17 17:41:33.095] - eth_getTransactionReceipt
[2021/11/17 17:41:33.145] - net_version
[2021/11/17 17:41:33.163] - eth_getCode
[2021/11/17 17:41:33.266] - eth_getBlockByNumber
[2021/11/17 17:41:33.534] - eth_getTransactionReceipt
[2021/11/17 17:41:33.707] - eth_getBlockByNumber
[2021/11/17 17:41:33.842] - eth_getTransactionReceipt
[2021/11/17 17:41:34.025] - eth_getBlockByNumber
[2021/11/17 17:41:34.245] - eth_getTransactionReceipt
[2021/11/17 17:41:34.462] - eth_getBlockByNumber
[2021/11/17 17:41:34.592] - eth_getTransactionReceipt
[2021/11/17 17:41:34.766] - eth_getBlockByNumber
[2021/11/17 17:41:43.890] - eth_getBalance
[2021/11/17 17:41:44.092] - eth_getTransactionByHash
[2021/11/17 17:41:44.403] - net_version
[2021/11/17 17:41:44.422] - eth_getCode
[2021/11/17 17:41:44.866] - net_version
[2021/11/17 17:41:44.884] - eth_getCode
[2021/11/17 17:41:45.137] - net_version
[2021/11/17 17:41:45.155] - eth_getCode
[2021/11/17 17:41:45.422] - net_version
[2021/11/17 17:41:45.439] - eth_getCode
[2021/11/17 17:41:45.458] - eth_getBlockByNumber
[2021/11/17 17:41:45.473] - eth_getBalance
[2021/11/17 17:41:45.489] - eth_getTransactionCount
[2021/11/17 17:41:45.508] - eth_getStorageAt
[2021/11/17 17:41:45.524] - eth_getStorageAt
[2021/11/17 17:41:45.538] - eth_getStorageAt
[2021/11/17 17:41:45.555] - eth_getStorageAt
[2021/11/17 17:42:00.165] - eth_blockNumber
[2021/11/17 17:42:00.206] - eth_gasPrice
[2021/11/17 17:42:00.208] - eth_getBlockByNumber
[2021/11/17 17:42:00.261] - eth_getCode
[2021/11/17 17:42:00.344] - eth_estimateGas
[2021/11/17 17:42:01.740] - eth_blockNumber
[2021/11/17 17:42:01.790] - eth_getBalance
[2021/11/17 17:42:01.794] - eth_getBalance
[2021/11/17 17:42:01.796] - eth_getBalance
[2021/11/17 17:42:02.231] - eth_getTransactionCount
[2021/11/17 17:42:08.293] - eth_sendRawTransaction
[2021/11/17 17:42:08.401] - 
[2021/11/17 17:42:08.402] -   Transaction: 0x353817c01089798b8d6f99ce63d5891be24467cc9b19b5a8a0641d94c6a1e3c8
[2021/11/17 17:42:08.402] -   Gas usage: 27007
[2021/11/17 17:42:08.403] -   Block Number: 8
[2021/11/17 17:42:08.404] -   Block Time: Wed Nov 17 2021 17:42:08 GMT+0200 (Χειμερινή ώρα Ανατολικής Ευρώπης)
[2021/11/17 17:42:08.405] -   Runtime Error: revert
[2021/11/17 17:42:08.407] -   Revert reason: This metadataURI already exists.
[2021/11/17 17:42:08.407] - 
[2021/11/17 17:42:08.410] - eth_getBlockByNumber
[2021/11/17 17:42:08.545] - eth_getBalance
[2021/11/17 17:42:08.617] - eth_getTransactionCount
[2021/11/17 17:42:08.683] - eth_getBalance
[2021/11/17 17:42:08.740] - eth_getTransactionCount
[2021/11/17 17:42:08.790] - eth_getBalance
[2021/11/17 17:42:08.850] - eth_getTransactionCount
[2021/11/17 17:42:08.924] - eth_getBalance
[2021/11/17 17:42:09.064] - eth_getTransactionCount
[2021/11/17 17:42:09.122] - eth_getBalance
[2021/11/17 17:42:09.184] - eth_getTransactionCount
[2021/11/17 17:42:09.258] - eth_getBalance
[2021/11/17 17:42:09.319] - eth_getTransactionCount
[2021/11/17 17:42:09.379] - eth_getBalance
[2021/11/17 17:42:09.438] - eth_getTransactionCount
[2021/11/17 17:42:09.493] - eth_getBalance
[2021/11/17 17:42:09.551] - eth_getTransactionCount
[2021/11/17 17:42:09.617] - eth_getBalance
[2021/11/17 17:42:09.677] - eth_getTransactionCount
[2021/11/17 17:42:09.732] - eth_getBalance
[2021/11/17 17:42:09.782] - eth_getTransactionCount
[2021/11/17 19:00:30.440] - eth_blockNumber
[2021/11/17 19:00:30.456] - eth_gasPrice
[2021/11/17 19:00:30.460] - eth_getBlockByNumber
[2021/11/17 19:00:30.489] - eth_getCode
[2021/11/17 19:00:30.521] - eth_estimateGas
[2021/11/17 19:00:32.411] - eth_blockNumber
[2021/11/17 19:00:32.421] - eth_getBalance
[2021/11/17 19:00:32.428] - eth_getBalance
[2021/11/17 19:00:32.429] - eth_getBalance
[2021/11/17 19:00:33.218] - eth_getTransactionCount
[2021/11/17 19:00:42.154] - eth_sendRawTransaction
[2021/11/17 19:00:42.298] - 
[2021/11/17 19:00:42.299] -   Transaction: 0x8b9f5cae1dbca5dd8cffca10707cf269d172520f870ac29b3bec7f3a4510370e
[2021/11/17 19:00:42.300] -   Gas usage: 27007
[2021/11/17 19:00:42.301] -   Block Number: 9
[2021/11/17 19:00:42.302] -   Block Time: Wed Nov 17 2021 19:00:42 GMT+0200 (Χειμερινή ώρα Ανατολικής Ευρώπης)
[2021/11/17 19:00:42.303] -   Runtime Error: revert
[2021/11/17 19:00:42.303] -   Revert reason: This metadataURI already exists.
[2021/11/17 19:00:42.304] - 
[2021/11/17 19:00:42.345] - eth_getBlockByNumber
[2021/11/17 19:00:42.431] - eth_getBalance
[2021/11/17 19:00:42.479] - eth_getTransactionCount
[2021/11/17 19:00:42.533] - eth_getBalance
[2021/11/17 19:00:42.582] - eth_getTransactionCount
[2021/11/17 19:00:42.622] - eth_getBalance
[2021/11/17 19:00:42.672] - eth_getTransactionCount
[2021/11/17 19:00:42.721] - eth_getBalance
[2021/11/17 19:00:42.769] - eth_getTransactionCount
[2021/11/17 19:00:42.828] - eth_getBalance
[2021/11/17 19:00:42.879] - eth_getTransactionCount
[2021/11/17 19:00:42.951] - eth_getBalance
[2021/11/17 19:00:43.010] - eth_getTransactionCount
[2021/11/17 19:00:43.056] - eth_getBalance
[2021/11/17 19:00:43.105] - eth_getTransactionCount
[2021/11/17 19:00:43.175] - eth_getBalance
[2021/11/17 19:00:43.239] - eth_getTransactionCount
[2021/11/17 19:00:43.289] - eth_getBalance
[2021/11/17 19:00:43.329] - eth_getTransactionCount
[2021/11/17 19:00:43.380] - eth_getBalance
[2021/11/17 19:00:43.429] - eth_getTransactionCount
[2021/11/17 19:01:34.437] - eth_getBlockByNumber
[2021/11/17 19:01:34.670] - eth_getBlockTransactionCountByHash
[2021/11/17 19:01:34.815] - eth_getBlockByNumber
[2021/11/17 19:01:34.952] - eth_getBlockTransactionCountByHash
[2021/11/17 19:01:38.596] - eth_getBlockByNumber
[2021/11/17 19:01:38.741] - eth_getTransactionReceipt
[2021/11/17 19:01:44.128] - eth_getTransactionByHash
[2021/11/17 19:01:44.252] - eth_getBlockByNumber
[2021/11/17 19:01:44.534] - eth_getTransactionReceipt
[2021/11/17 19:01:44.617] - net_version
[2021/11/17 19:01:44.637] - eth_getCode
[2021/11/17 19:01:44.760] - eth_getTransactionReceipt
[2021/11/17 19:01:45.066] - eth_getTransactionReceipt
[2021/11/17 19:01:45.317] - eth_getTransactionReceipt
[2021/11/17 19:01:45.516] - eth_getTransactionReceipt
[2021/11/17 19:01:45.695] - eth_getTransactionReceipt
[2021/11/17 19:01:45.871] - eth_getTransactionReceipt
[2021/11/17 19:01:46.050] - eth_getTransactionReceipt
[2021/11/17 19:02:00.532] - net_version
[2021/11/17 19:02:00.552] - eth_getCode
[2021/11/17 19:02:01.138] - net_version
[2021/11/17 19:02:01.156] - eth_getCode
[2021/11/17 19:02:07.375] - eth_getBalance
[2021/11/17 19:02:07.580] - eth_getTransactionByHash
[2021/11/17 19:02:07.908] - net_version
[2021/11/17 19:02:07.926] - eth_getCode
[2021/11/17 19:02:08.324] - net_version
[2021/11/17 19:02:08.342] - eth_getCode
[2021/11/17 19:02:08.644] - net_version
[2021/11/17 19:02:08.662] - eth_getCode
[2021/11/17 19:02:08.916] - net_version
[2021/11/17 19:02:08.934] - eth_getCode
[2021/11/17 19:02:08.952] - eth_getBlockByNumber
[2021/11/17 19:02:08.968] - eth_getBalance
[2021/11/17 19:02:08.984] - eth_getTransactionCount
[2021/11/17 19:02:09.002] - eth_getStorageAt
[2021/11/17 19:02:09.018] - eth_getStorageAt
[2021/11/17 19:02:09.032] - eth_getStorageAt
[2021/11/17 19:02:09.049] - eth_getStorageAt
[2021/11/17 19:06:29.470] - eth_blockNumber
[2021/11/17 19:06:29.493] - eth_gasPrice
[2021/11/17 19:06:29.500] - eth_getBlockByNumber
[2021/11/17 19:06:29.550] - eth_getCode
[2021/11/17 19:06:29.593] - eth_estimateGas
[2021/11/17 19:06:31.134] - eth_blockNumber
[2021/11/17 19:06:31.193] - eth_getBalance
[2021/11/17 19:06:31.200] - eth_getBalance
[2021/11/17 19:06:31.203] - eth_getBalance
[2021/11/17 19:06:31.719] - eth_getTransactionCount
[2021/11/17 19:06:37.235] - eth_sendRawTransaction
[2021/11/17 19:06:37.391] - 
[2021/11/17 19:06:37.391] -   Transaction: 0xdb5ac56b18314e4ac8ea0d677e77d87c54978dbd4e5a8d97cce84d417711928a
[2021/11/17 19:06:37.392] -   Gas usage: 27007
[2021/11/17 19:06:37.393] -   Block Number: 10
[2021/11/17 19:06:37.394] -   Block Time: Wed Nov 17 2021 19:06:37 GMT+0200 (Χειμερινή ώρα Ανατολικής Ευρώπης)
[2021/11/17 19:06:37.394] -   Runtime Error: revert
[2021/11/17 19:06:37.395] -   Revert reason: This metadataURI already exists.
[2021/11/17 19:06:37.396] - 
[2021/11/17 19:06:37.398] - eth_getBlockByNumber
[2021/11/17 19:06:37.573] - eth_getBalance
[2021/11/17 19:06:37.718] - eth_getTransactionCount
[2021/11/17 19:06:37.814] - eth_getBalance
[2021/11/17 19:06:37.890] - eth_getTransactionCount
[2021/11/17 19:06:37.979] - eth_getBalance
[2021/11/17 19:06:38.041] - eth_getTransactionCount
[2021/11/17 19:06:38.159] - eth_getBalance
[2021/11/17 19:06:38.227] - eth_getTransactionCount
[2021/11/17 19:06:38.286] - eth_getBalance
[2021/11/17 19:06:38.355] - eth_getTransactionCount
[2021/11/17 19:06:38.414] - eth_getBalance
[2021/11/17 19:06:38.531] - eth_getTransactionCount
[2021/11/17 19:06:38.618] - eth_getBalance
[2021/11/17 19:06:38.678] - eth_getTransactionCount
[2021/11/17 19:06:38.733] - eth_getBalance
[2021/11/17 19:06:38.862] - eth_getTransactionCount
[2021/11/17 19:06:38.920] - eth_getBalance
[2021/11/17 19:06:39.047] - eth_getTransactionCount
[2021/11/17 19:06:39.129] - eth_getBalance
[2021/11/17 19:06:39.190] - eth_getTransactionCount
[2021/11/17 19:08:30.042] - eth_getBlockByNumber
[2021/11/17 19:08:30.274] - eth_getBlockTransactionCountByHash
[2021/11/17 19:08:33.834] - eth_getBlockByNumber
[2021/11/17 19:08:33.998] - eth_getTransactionReceipt
[2021/11/17 19:08:43.360] - eth_getTransactionByHash
[2021/11/17 19:08:43.535] - eth_getTransactionReceipt
[2021/11/17 19:08:43.847] - eth_getTransactionReceipt
[2021/11/17 19:08:43.881] - net_version
[2021/11/17 19:08:43.898] - eth_getCode
[2021/11/17 19:08:44.028] - eth_getTransactionReceipt
[2021/11/17 19:08:44.315] - eth_getTransactionReceipt
[2021/11/17 19:08:44.530] - eth_getTransactionReceipt
[2021/11/17 19:08:44.702] - eth_getTransactionReceipt
[2021/11/17 19:08:44.864] - eth_getTransactionReceipt
[2021/11/17 19:08:45.041] - eth_getTransactionReceipt
[2021/11/17 19:08:45.202] - eth_getTransactionReceipt
[2021/11/17 19:10:46.063] - eth_getBalance
[2021/11/17 19:10:46.478] - net_version
[2021/11/17 19:10:46.496] - eth_getCode
[2021/11/17 19:10:46.811] - net_version
[2021/11/17 19:10:46.829] - eth_getCode
[2021/11/17 19:10:47.096] - net_version
[2021/11/17 19:10:47.113] - eth_getCode
[2021/11/17 19:10:47.506] - net_version
[2021/11/17 19:10:47.523] - eth_getCode
[2021/11/17 19:10:47.540] - eth_getBlockByNumber
[2021/11/17 19:10:47.556] - eth_getBalance
[2021/11/17 19:10:47.570] - eth_getTransactionCount
[2021/11/17 19:10:47.590] - eth_getStorageAt
[2021/11/17 19:10:47.606] - eth_getStorageAt
[2021/11/17 19:10:47.622] - eth_getStorageAt
[2021/11/17 19:10:47.627] - eth_getStorageAt
[2021/11/17 19:28:59.152] - eth_unsubscribe
[2021/11/17 19:28:59.155] - eth_unsubscribe
