[2021/12/06 19:31:31.033] - Starting server with initial configuration: {"gasLimit":6721975,"gasPrice":20000000000,"hardfork":"muirGlacier","hostname":"127.0.0.1","port":8545,"network_id":4777,"default_balance_ether":100,"total_accounts":10,"unlocked_accounts":[],"locked":false,"vmErrorsOnRPCResponse":true,"verbose":false,"db_path":"C:\\Users\\Theo\\AppData\\Roaming\\Ganache\\workspaces\\grieving-sidewalk\\chaindata","logDirectory":"C:\\Users\\Theo\\Documents\\GitHub\\Bachelor_Dissertation_2021_2022\\server\\logs\\ganache"}
[2021/12/06 19:31:31.498] - eth_blockNumber
[2021/12/06 19:31:31.637] - eth_getCode
[2021/12/06 19:31:31.641] - eth_subscribe
[2021/12/06 19:31:31.642] - eth_getLogs
[2021/12/06 19:31:31.646] - eth_subscribe
[2021/12/06 19:31:31.707] - eth_getCode
[2021/12/06 19:31:32.243] - eth_getCode
[2021/12/06 19:31:32.244] - eth_subscribe
[2021/12/06 19:31:32.245] - eth_getLogs
[2021/12/06 19:31:32.250] - eth_subscribe
[2021/12/06 19:31:32.270] - eth_getCode
[2021/12/06 19:31:34.083] - eth_blockNumber
[2021/12/06 19:31:34.084] - eth_accounts
[2021/12/06 19:31:34.085] - eth_blockNumber
[2021/12/06 19:31:34.086] - eth_gasPrice
[2021/12/06 19:31:34.087] - eth_accounts
[2021/12/06 19:31:34.088] - eth_getBlockByNumber
[2021/12/06 19:31:34.089] - eth_gasPrice
[2021/12/06 19:31:34.091] - eth_subscribe
[2021/12/06 19:31:34.092] - eth_getBlockByNumber
[2021/12/06 19:31:34.093] - eth_subscribe
[2021/12/06 19:31:34.270] - eth_accounts
[2021/12/06 19:31:34.581] - eth_blockNumber
[2021/12/06 19:31:34.759] - eth_getBalance
[2021/12/06 19:31:34.809] - eth_getTransactionCount
[2021/12/06 19:31:34.871] - eth_getBalance
[2021/12/06 19:31:34.926] - eth_getTransactionCount
[2021/12/06 19:31:34.979] - eth_getBalance
[2021/12/06 19:31:35.023] - eth_getTransactionCount
[2021/12/06 19:31:35.075] - eth_getBalance
[2021/12/06 19:31:35.131] - eth_getTransactionCount
[2021/12/06 19:31:35.177] - eth_getBalance
[2021/12/06 19:31:35.232] - eth_getTransactionCount
[2021/12/06 19:31:35.277] - eth_getBalance
[2021/12/06 19:31:35.330] - eth_getTransactionCount
[2021/12/06 19:31:35.397] - eth_getBalance
[2021/12/06 19:31:35.453] - eth_getTransactionCount
[2021/12/06 19:31:35.515] - eth_getBalance
[2021/12/06 19:31:35.576] - eth_getTransactionCount
[2021/12/06 19:31:35.630] - eth_getBalance
[2021/12/06 19:31:35.695] - eth_getTransactionCount
[2021/12/06 19:31:35.743] - eth_getBalance
[2021/12/06 19:31:35.783] - eth_getTransactionCount
[2021/12/06 19:31:35.928] - eth_getBalance
[2021/12/06 19:31:35.981] - eth_getTransactionCount
[2021/12/06 19:31:36.030] - eth_getBalance
[2021/12/06 19:31:36.070] - eth_getTransactionCount
[2021/12/06 19:31:36.120] - eth_getBalance
[2021/12/06 19:31:36.164] - eth_getTransactionCount
[2021/12/06 19:31:36.212] - eth_getBalance
[2021/12/06 19:31:36.260] - eth_getTransactionCount
[2021/12/06 19:31:36.300] - eth_getBalance
[2021/12/06 19:31:36.347] - eth_getTransactionCount
[2021/12/06 19:31:36.399] - eth_getBalance
[2021/12/06 19:31:36.439] - eth_getTransactionCount
[2021/12/06 19:31:36.488] - eth_getBalance
[2021/12/06 19:31:36.537] - eth_getTransactionCount
[2021/12/06 19:31:36.582] - eth_getBalance
[2021/12/06 19:31:36.630] - eth_getTransactionCount
[2021/12/06 19:31:36.690] - eth_getBalance
[2021/12/06 19:31:36.735] - eth_getTransactionCount
[2021/12/06 19:31:36.792] - eth_getBalance
[2021/12/06 19:31:36.837] - eth_getTransactionCount
[2021/12/06 19:31:36.890] - eth_getBalance
[2021/12/06 19:31:36.940] - eth_getTransactionCount
[2021/12/06 19:31:36.980] - eth_getBalance
[2021/12/06 19:31:37.028] - eth_getTransactionCount
[2021/12/06 19:31:37.076] - eth_getBalance
[2021/12/06 19:31:37.119] - eth_getTransactionCount
[2021/12/06 19:31:37.166] - eth_getBalance
[2021/12/06 19:31:37.214] - eth_getTransactionCount
[2021/12/06 19:31:37.253] - eth_getBalance
[2021/12/06 19:31:37.302] - eth_getTransactionCount
[2021/12/06 19:31:37.359] - eth_getBalance
[2021/12/06 19:31:37.411] - eth_getTransactionCount
[2021/12/06 19:31:37.463] - eth_getBalance
[2021/12/06 19:31:37.513] - eth_getTransactionCount
[2021/12/06 19:31:37.557] - eth_getBalance
[2021/12/06 19:31:37.606] - eth_getTransactionCount
[2021/12/06 19:31:37.649] - eth_getBalance
[2021/12/06 19:31:37.700] - eth_getTransactionCount
[2021/12/06 19:31:37.749] - eth_getBalance
[2021/12/06 19:31:37.791] - eth_getTransactionCount
[2021/12/06 19:31:38.356] - eth_getBalance
[2021/12/06 19:31:38.406] - eth_getTransactionCount
[2021/12/06 19:31:38.449] - eth_getBalance
[2021/12/06 19:31:38.500] - eth_getTransactionCount
[2021/12/06 19:31:38.551] - eth_getBalance
[2021/12/06 19:31:38.593] - eth_getTransactionCount
[2021/12/06 19:31:38.638] - eth_getBalance
[2021/12/06 19:31:38.693] - eth_getTransactionCount
[2021/12/06 19:31:38.733] - eth_getBalance
[2021/12/06 19:31:38.781] - eth_getTransactionCount
[2021/12/06 19:31:38.831] - eth_getBalance
[2021/12/06 19:31:38.870] - eth_getTransactionCount
[2021/12/06 19:31:38.919] - eth_getBalance
[2021/12/06 19:31:38.971] - eth_getTransactionCount
[2021/12/06 19:31:39.011] - eth_getBalance
[2021/12/06 19:31:39.060] - eth_getTransactionCount
[2021/12/06 19:31:39.101] - eth_getBalance
[2021/12/06 19:31:39.147] - eth_getTransactionCount
[2021/12/06 19:31:39.196] - eth_getBalance
[2021/12/06 19:31:39.238] - eth_getTransactionCount
[2021/12/06 19:31:47.335] - eth_blockNumber
[2021/12/06 19:31:48.818] - eth_blockNumber
[2021/12/06 19:31:48.825] - net_version
[2021/12/06 19:31:48.852] - eth_getBlockByNumber
[2021/12/06 19:31:55.737] - eth_blockNumber
[2021/12/06 19:31:55.743] - eth_getBalance
[2021/12/06 19:31:55.749] - eth_getBalance
[2021/12/06 19:31:55.751] - eth_getBalance
[2021/12/06 21:01:03.323] - eth_blockNumber
[2021/12/06 21:01:03.358] - eth_gasPrice
[2021/12/06 21:01:03.438] - eth_getCode
[2021/12/06 21:01:03.503] - eth_estimateGas
[2021/12/06 21:01:05.485] - eth_blockNumber
[2021/12/06 21:01:06.217] - eth_getTransactionCount
[2021/12/06 21:01:10.392] - eth_sendRawTransaction
[2021/12/06 21:01:10.659] - 
[2021/12/06 21:01:10.662] -   Transaction: 0xdf3e3869b2bb36e794062aae72be6a444861eda5c4ee9f5bf3fac147d2682b20
[2021/12/06 21:01:10.663] -   Gas usage: 27007
[2021/12/06 21:01:10.665] -   Block Number: 36
[2021/12/06 21:01:10.685] -   Block Time: Mon Dec 06 2021 21:01:10 GMT+0200 (Χειμερινή ώρα Ανατολικής Ευρώπης)
[2021/12/06 21:01:10.686] -   Runtime Error: revert
[2021/12/06 21:01:10.687] -   Revert reason: This metadataURI already exists.
[2021/12/06 21:01:10.688] - 
[2021/12/06 21:01:10.693] - eth_getBlockByNumber
[2021/12/06 21:01:10.984] - eth_getBalance
[2021/12/06 21:01:11.053] - eth_getTransactionCount
[2021/12/06 21:01:11.114] - eth_getBalance
[2021/12/06 21:01:11.222] - eth_getTransactionCount
[2021/12/06 21:01:11.284] - eth_getBalance
[2021/12/06 21:01:11.386] - eth_getTransactionCount
[2021/12/06 21:01:11.454] - eth_getBalance
[2021/12/06 21:01:11.535] - eth_getTransactionCount
[2021/12/06 21:01:11.600] - eth_getBalance
[2021/12/06 21:01:11.657] - eth_getTransactionCount
[2021/12/06 21:01:11.725] - eth_getBalance
[2021/12/06 21:01:11.836] - eth_getTransactionCount
[2021/12/06 21:01:11.938] - eth_getBalance
[2021/12/06 21:01:12.025] - eth_getTransactionCount
[2021/12/06 21:01:12.084] - eth_getBalance
[2021/12/06 21:01:12.326] - eth_getTransactionCount
[2021/12/06 21:01:12.433] - eth_getBalance
[2021/12/06 21:01:12.553] - eth_getTransactionCount
[2021/12/06 21:01:12.638] - eth_getBalance
[2021/12/06 21:01:12.717] - eth_getTransactionCount
[2021/12/06 21:03:07.986] - eth_blockNumber
[2021/12/06 21:03:08.002] - eth_gasPrice
[2021/12/06 21:03:08.010] - eth_getBlockByNumber
[2021/12/06 21:03:08.058] - eth_getCode
[2021/12/06 21:03:08.121] - eth_estimateGas
[2021/12/06 21:03:10.023] - eth_blockNumber
[2021/12/06 21:03:10.069] - eth_getBalance
[2021/12/06 21:03:10.072] - eth_getBalance
[2021/12/06 21:03:10.074] - eth_getBalance
[2021/12/06 21:03:10.786] - eth_getTransactionCount
[2021/12/06 21:03:12.518] - eth_sendRawTransaction
[2021/12/06 21:03:13.008] - 
[2021/12/06 21:03:13.008] -   Transaction: 0x7d643f49411ebc2d6b7d2d941bbf224d87970cc5c70dfd75415d1c962d686819
[2021/12/06 21:03:13.010] -   Gas usage: 167965
[2021/12/06 21:03:13.011] -   Block Number: 37
[2021/12/06 21:03:13.014] -   Block Time: Mon Dec 06 2021 21:03:12 GMT+0200 (Χειμερινή ώρα Ανατολικής Ευρώπης)
[2021/12/06 21:03:13.015] - 
[2021/12/06 21:03:13.041] - eth_getBlockByNumber
[2021/12/06 21:03:13.044] - eth_blockNumber
[2021/12/06 21:03:13.045] - eth_getTransactionReceipt
[2021/12/06 21:03:13.085] - eth_getBlockByHash
[2021/12/06 21:03:13.153] - eth_getBalance
[2021/12/06 21:03:13.209] - eth_getTransactionCount
[2021/12/06 21:03:13.275] - eth_getBalance
[2021/12/06 21:03:13.337] - eth_getTransactionCount
[2021/12/06 21:03:13.389] - eth_getBalance
[2021/12/06 21:03:13.437] - eth_getTransactionCount
[2021/12/06 21:03:13.489] - eth_getBalance
[2021/12/06 21:03:13.538] - eth_getTransactionCount
[2021/12/06 21:03:13.589] - eth_getBalance
[2021/12/06 21:03:13.647] - eth_getTransactionCount
[2021/12/06 21:03:13.691] - eth_getBalance
[2021/12/06 21:03:13.799] - eth_getTransactionCount
[2021/12/06 21:03:13.839] - eth_getBalance
[2021/12/06 21:03:13.884] - eth_getTransactionCount
[2021/12/06 21:03:13.935] - eth_getBalance
[2021/12/06 21:03:13.981] - eth_getTransactionCount
[2021/12/06 21:03:14.067] - eth_getBalance
[2021/12/06 21:03:14.115] - eth_getTransactionCount
[2021/12/06 21:03:14.167] - eth_getBalance
[2021/12/06 21:03:14.242] - eth_getTransactionCount
[2021/12/06 21:07:38.844] - eth_getBlockByNumber
[2021/12/06 21:07:39.018] - eth_getBlockTransactionCountByHash
[2021/12/06 21:07:39.187] - eth_getBlockByNumber
[2021/12/06 21:07:39.361] - eth_getBlockTransactionCountByHash
[2021/12/06 21:07:39.510] - eth_getBlockByNumber
[2021/12/06 21:07:39.681] - eth_getBlockTransactionCountByHash
[2021/12/06 21:07:39.856] - eth_getBlockByNumber
[2021/12/06 21:07:39.994] - eth_getBlockTransactionCountByHash
[2021/12/06 21:07:40.141] - eth_getBlockByNumber
[2021/12/06 21:07:40.294] - eth_getBlockTransactionCountByHash
[2021/12/06 21:07:40.449] - eth_getBlockByNumber
[2021/12/06 21:07:40.586] - eth_getBlockTransactionCountByHash
[2021/12/06 21:07:40.741] - eth_getBlockByNumber
[2021/12/06 21:07:40.903] - eth_getBlockTransactionCountByHash
[2021/12/06 21:07:41.041] - eth_getBlockByNumber
[2021/12/06 21:07:41.191] - eth_getBlockTransactionCountByHash
[2021/12/06 21:07:41.337] - eth_getBlockByNumber
[2021/12/06 21:07:41.491] - eth_getBlockTransactionCountByHash
[2021/12/06 21:07:41.676] - eth_getBlockByNumber
[2021/12/06 21:07:41.820] - eth_getBlockTransactionCountByHash
[2021/12/06 21:07:41.965] - eth_getBlockByNumber
[2021/12/06 21:07:42.111] - eth_getBlockTransactionCountByHash
[2021/12/06 21:07:42.272] - eth_getBlockByNumber
[2021/12/06 21:07:42.442] - eth_getBlockTransactionCountByHash
[2021/12/06 21:07:42.588] - eth_getBlockByNumber
[2021/12/06 21:07:42.740] - eth_getBlockTransactionCountByHash
[2021/12/06 21:07:42.864] - eth_getBlockByNumber
[2021/12/06 21:07:43.004] - eth_getBlockTransactionCountByHash
[2021/12/06 21:07:43.140] - eth_getBlockByNumber
[2021/12/06 21:07:43.275] - eth_getBlockTransactionCountByHash
[2021/12/06 21:07:43.399] - eth_getBlockByNumber
[2021/12/06 21:07:43.578] - eth_getBlockTransactionCountByHash
[2021/12/06 21:07:47.070] - eth_getBlockByNumber
[2021/12/06 21:07:47.215] - eth_getBlockTransactionCountByHash
[2021/12/06 21:07:47.357] - eth_getBlockByNumber
[2021/12/06 21:07:47.527] - eth_getBlockTransactionCountByHash
[2021/12/06 21:07:47.654] - eth_getBlockByNumber
[2021/12/06 21:07:47.797] - eth_getBlockTransactionCountByHash
[2021/12/06 21:07:47.929] - eth_getBlockByNumber
[2021/12/06 21:07:48.117] - eth_getBlockTransactionCountByHash
[2021/12/06 21:07:48.257] - eth_getBlockByNumber
[2021/12/06 21:07:48.421] - eth_getBlockTransactionCountByHash
[2021/12/06 21:07:48.575] - eth_getBlockByNumber
[2021/12/06 21:07:48.721] - eth_getBlockTransactionCountByHash
[2021/12/06 21:07:48.897] - eth_getBlockByNumber
[2021/12/06 21:07:49.053] - eth_getBlockTransactionCountByHash
[2021/12/06 21:07:49.198] - eth_getBlockByNumber
[2021/12/06 21:07:49.350] - eth_getBlockTransactionCountByHash
[2021/12/06 21:07:49.497] - eth_getBlockByNumber
[2021/12/06 21:07:49.664] - eth_getBlockTransactionCountByHash
[2021/12/06 21:07:49.830] - eth_getBlockByNumber
[2021/12/06 21:07:49.983] - eth_getBlockTransactionCountByHash
[2021/12/06 21:07:50.117] - eth_getBlockByNumber
[2021/12/06 21:07:50.257] - eth_getBlockTransactionCountByHash
[2021/12/06 21:07:50.400] - eth_getBlockByNumber
[2021/12/06 21:07:50.540] - eth_getBlockTransactionCountByHash
[2021/12/06 21:07:50.682] - eth_getBlockByNumber
[2021/12/06 21:07:50.819] - eth_getBlockTransactionCountByHash
[2021/12/06 21:07:50.976] - eth_getBlockByNumber
[2021/12/06 21:07:51.124] - eth_getBlockTransactionCountByHash
[2021/12/06 21:07:51.254] - eth_getBlockByNumber
[2021/12/06 21:07:51.403] - eth_getBlockTransactionCountByHash
[2021/12/06 21:07:51.560] - eth_getBlockByNumber
[2021/12/06 21:07:51.710] - eth_getBlockTransactionCountByHash
[2021/12/06 21:08:31.825] - eth_getBlockByNumber
[2021/12/06 21:08:31.996] - eth_getBlockTransactionCountByHash
[2021/12/06 21:08:32.204] - eth_getBlockByNumber
[2021/12/06 21:08:32.377] - eth_getBlockTransactionCountByHash
[2021/12/06 21:08:32.518] - eth_getBlockByNumber
[2021/12/06 21:08:32.704] - eth_getBlockTransactionCountByHash
[2021/12/06 21:08:32.852] - eth_getBlockByNumber
[2021/12/06 21:08:33.027] - eth_getBlockTransactionCountByHash
[2021/12/06 21:08:33.173] - eth_getBlockByNumber
[2021/12/06 21:08:33.385] - eth_getBlockTransactionCountByHash
[2021/12/06 21:08:33.548] - eth_getBlockByNumber
[2021/12/06 21:08:33.700] - eth_getBlockTransactionCountByHash
[2021/12/06 21:08:43.211] - eth_getBlockByNumber
[2021/12/06 21:08:43.395] - eth_getBlockByNumber
[2021/12/06 21:08:43.669] - eth_getTransactionReceipt
[2021/12/06 21:08:43.719] - eth_getTransactionReceipt
[2021/12/06 21:08:43.939] - eth_getTransactionReceipt
[2021/12/06 21:08:44.139] - eth_getBlockByNumber
[2021/12/06 21:08:44.343] - eth_getBlockByNumber
[2021/12/06 21:08:44.504] - eth_getTransactionReceipt
[2021/12/06 21:08:44.657] - eth_getTransactionReceipt
[2021/12/06 21:08:44.853] - eth_getBlockByNumber
[2021/12/06 21:08:45.029] - eth_getBlockByNumber
[2021/12/06 21:08:45.181] - eth_getTransactionReceipt
[2021/12/06 21:08:45.327] - eth_getTransactionReceipt
[2021/12/06 21:08:45.760] - eth_getBlockByNumber
[2021/12/06 21:08:45.868] - eth_getBlockByNumber
[2021/12/06 21:08:46.104] - eth_getTransactionReceipt
[2021/12/06 21:08:46.152] - eth_getTransactionReceipt
[2021/12/06 21:08:46.380] - eth_getBlockByNumber
[2021/12/06 21:08:46.554] - eth_getBlockByNumber
[2021/12/06 21:08:46.708] - eth_getTransactionReceipt
[2021/12/06 21:08:46.876] - eth_getTransactionReceipt
[2021/12/06 21:08:47.055] - eth_getBlockByNumber
[2021/12/06 21:08:47.264] - eth_getBlockByNumber
[2021/12/06 21:08:47.422] - eth_getTransactionReceipt
[2021/12/06 21:08:47.566] - eth_getTransactionReceipt
[2021/12/06 21:08:47.769] - eth_getBlockByNumber
[2021/12/06 21:08:48.058] - eth_getTransactionReceipt
[2021/12/06 21:08:48.156] - eth_getTransactionReceipt
[2021/12/06 21:08:48.530] - eth_getBlockByNumber
[2021/12/06 21:08:48.616] - eth_getBlockByNumber
[2021/12/06 21:08:48.945] - eth_getTransactionReceipt
[2021/12/06 21:08:48.994] - eth_getTransactionReceipt
[2021/12/06 21:08:49.191] - eth_getBlockByNumber
[2021/12/06 21:08:49.374] - eth_getBlockByNumber
[2021/12/06 21:08:49.526] - eth_getTransactionReceipt
[2021/12/06 21:08:49.659] - eth_getTransactionReceipt
[2021/12/06 21:08:49.853] - eth_getBlockByNumber
[2021/12/06 21:08:50.039] - eth_getBlockByNumber
[2021/12/06 21:08:50.271] - eth_getTransactionReceipt
[2021/12/06 21:08:50.322] - eth_getTransactionReceipt
[2021/12/06 21:08:50.462] - eth_getBalance
[2021/12/06 21:08:50.856] - eth_getBlockByNumber
[2021/12/06 21:08:51.142] - eth_getTransactionByHash
[2021/12/06 21:08:51.303] - eth_getTransactionReceipt
[2021/12/06 21:08:51.467] - eth_getTransactionByHash
[2021/12/06 21:08:51.872] - eth_getTransactionByHash
[2021/12/06 21:08:52.035] - eth_getTransactionByHash
[2021/12/06 21:08:52.193] - eth_getTransactionByHash
[2021/12/06 21:08:52.596] - net_version
[2021/12/06 21:08:52.621] - eth_getCode
[2021/12/06 21:08:52.936] - net_version
[2021/12/06 21:08:52.953] - eth_getCode
[2021/12/06 21:08:53.310] - net_version
[2021/12/06 21:08:53.328] - eth_getCode
[2021/12/06 21:08:53.623] - net_version
[2021/12/06 21:08:53.641] - eth_getCode
[2021/12/06 21:08:54.051] - net_version
[2021/12/06 21:08:54.069] - eth_getCode
[2021/12/06 21:08:54.424] - net_version
[2021/12/06 21:08:54.442] - eth_getCode
[2021/12/06 21:08:54.459] - eth_getBlockByNumber
[2021/12/06 21:08:54.476] - eth_getBalance
[2021/12/06 21:08:54.501] - eth_getTransactionCount
[2021/12/06 21:08:54.525] - eth_getStorageAt
[2021/12/06 21:08:54.547] - eth_getStorageAt
[2021/12/06 21:08:54.563] - eth_getStorageAt
[2021/12/06 21:08:54.585] - eth_getStorageAt
[2021/12/06 21:09:11.851] - eth_unsubscribe
[2021/12/06 21:09:11.853] - eth_unsubscribe
