[2021/11/16 18:30:28.503] - Starting server with initial configuration: {"gasLimit":6721975,"gasPrice":20000000000,"hardfork":"muirGlacier","hostname":"127.0.0.1","port":8545,"network_id":4777,"default_balance_ether":100,"total_accounts":10,"unlocked_accounts":[],"locked":false,"vmErrorsOnRPCResponse":true,"verbose":false,"db_path":"C:\\Users\\Theo\\AppData\\Roaming\\Ganache\\workspaces\\ragged-holiday\\chaindata","logDirectory":"C:\\Users\\Theo\\Documents\\GitHub\\Bachelor_Dissertation_2021_2022\\server\\logs\\ganache"}
[2021/11/16 18:30:28.600] - eth_blockNumber
[2021/11/16 18:30:29.223] - eth_getCode
[2021/11/16 18:30:29.226] - eth_subscribe
[2021/11/16 18:30:29.228] - eth_getLogs
[2021/11/16 18:30:29.230] - eth_subscribe
[2021/11/16 18:30:29.280] - eth_getCode
[2021/11/16 18:30:29.779] - eth_getCode
[2021/11/16 18:30:29.781] - eth_subscribe
[2021/11/16 18:30:29.782] - eth_getLogs
[2021/11/16 18:30:29.785] - eth_subscribe
[2021/11/16 18:30:31.485] - eth_blockNumber
[2021/11/16 18:30:31.486] - eth_accounts
[2021/11/16 18:30:31.487] - eth_blockNumber
[2021/11/16 18:30:31.488] - eth_gasPrice
[2021/11/16 18:30:31.488] - eth_accounts
[2021/11/16 18:30:31.490] - eth_getBlockByNumber
[2021/11/16 18:30:31.491] - eth_gasPrice
[2021/11/16 18:30:31.492] - eth_subscribe
[2021/11/16 18:30:31.493] - eth_getBlockByNumber
[2021/11/16 18:30:31.494] - eth_subscribe
[2021/11/16 18:30:31.692] - eth_accounts
[2021/11/16 18:30:32.241] - eth_getBalance
[2021/11/16 18:30:32.307] - eth_getTransactionCount
[2021/11/16 18:30:32.365] - eth_getBalance
[2021/11/16 18:30:32.447] - eth_getTransactionCount
[2021/11/16 18:30:32.538] - eth_getBalance
[2021/11/16 18:30:32.594] - eth_getTransactionCount
[2021/11/16 18:30:32.693] - eth_getBalance
[2021/11/16 18:30:32.768] - eth_getTransactionCount
[2021/11/16 18:30:32.876] - eth_getBalance
[2021/11/16 18:30:32.931] - eth_getTransactionCount
[2021/11/16 18:30:32.996] - eth_getBalance
[2021/11/16 18:30:33.065] - eth_getTransactionCount
[2021/11/16 18:30:33.131] - eth_getBalance
[2021/11/16 18:30:33.194] - eth_getTransactionCount
[2021/11/16 18:30:33.263] - eth_getBalance
[2021/11/16 18:30:33.327] - eth_getTransactionCount
[2021/11/16 18:30:33.384] - eth_getBalance
[2021/11/16 18:30:33.441] - eth_getTransactionCount
[2021/11/16 18:30:33.488] - eth_getBalance
[2021/11/16 18:30:33.539] - eth_getTransactionCount
[2021/11/16 18:30:33.704] - eth_getBalance
[2021/11/16 18:30:33.748] - eth_getTransactionCount
[2021/11/16 18:30:33.797] - eth_getBalance
[2021/11/16 18:30:33.851] - eth_getTransactionCount
[2021/11/16 18:30:33.904] - eth_getBalance
[2021/11/16 18:30:33.954] - eth_getTransactionCount
[2021/11/16 18:30:34.011] - eth_getBalance
[2021/11/16 18:30:34.071] - eth_getTransactionCount
[2021/11/16 18:30:34.129] - eth_getBalance
[2021/11/16 18:30:34.182] - eth_getTransactionCount
[2021/11/16 18:30:34.228] - eth_getBalance
[2021/11/16 18:30:34.282] - eth_getTransactionCount
[2021/11/16 18:30:34.349] - eth_getBalance
[2021/11/16 18:30:34.404] - eth_getTransactionCount
[2021/11/16 18:30:34.449] - eth_getBalance
[2021/11/16 18:30:34.498] - eth_getTransactionCount
[2021/11/16 18:30:34.548] - eth_getBalance
[2021/11/16 18:30:34.608] - eth_getTransactionCount
[2021/11/16 18:30:34.661] - eth_getBalance
[2021/11/16 18:30:34.705] - eth_getTransactionCount
[2021/11/16 18:30:34.760] - eth_getBalance
[2021/11/16 18:30:34.826] - eth_getTransactionCount
[2021/11/16 18:30:34.881] - eth_getBalance
[2021/11/16 18:30:34.925] - eth_getTransactionCount
[2021/11/16 18:30:34.974] - eth_getBalance
[2021/11/16 18:30:35.025] - eth_getTransactionCount
[2021/11/16 18:30:35.077] - eth_getBalance
[2021/11/16 18:30:35.124] - eth_getTransactionCount
[2021/11/16 18:30:35.173] - eth_getBalance
[2021/11/16 18:30:35.222] - eth_getTransactionCount
[2021/11/16 18:30:35.277] - eth_getBalance
[2021/11/16 18:30:35.332] - eth_getTransactionCount
[2021/11/16 18:30:35.378] - eth_getBalance
[2021/11/16 18:30:35.426] - eth_getTransactionCount
[2021/11/16 18:30:35.477] - eth_getBalance
[2021/11/16 18:30:35.529] - eth_getTransactionCount
[2021/11/16 18:30:35.573] - eth_getBalance
[2021/11/16 18:30:35.627] - eth_getTransactionCount
[2021/11/16 18:30:35.678] - eth_getBalance
[2021/11/16 18:30:35.729] - eth_getTransactionCount
[2021/11/16 18:30:36.262] - eth_getBalance
[2021/11/16 18:30:36.306] - eth_getTransactionCount
[2021/11/16 18:30:36.364] - eth_getBalance
[2021/11/16 18:30:36.423] - eth_getTransactionCount
[2021/11/16 18:30:36.480] - eth_getBalance
[2021/11/16 18:30:36.524] - eth_getTransactionCount
[2021/11/16 18:30:36.653] - eth_getBalance
[2021/11/16 18:30:36.709] - eth_getTransactionCount
[2021/11/16 18:30:36.760] - eth_getBalance
[2021/11/16 18:30:36.805] - eth_getTransactionCount
[2021/11/16 18:30:36.858] - eth_getBalance
[2021/11/16 18:30:36.909] - eth_getTransactionCount
[2021/11/16 18:30:36.961] - eth_getBalance
[2021/11/16 18:30:37.005] - eth_getTransactionCount
[2021/11/16 18:30:37.059] - eth_getBalance
[2021/11/16 18:30:37.111] - eth_getTransactionCount
[2021/11/16 18:30:37.166] - eth_getBalance
[2021/11/16 18:30:37.210] - eth_getTransactionCount
[2021/11/16 18:30:37.260] - eth_getBalance
[2021/11/16 18:30:37.308] - eth_getTransactionCount
[2021/11/16 18:30:45.402] - eth_blockNumber
[2021/11/16 18:30:48.626] - eth_blockNumber
[2021/11/16 18:31:05.592] - eth_blockNumber
[2021/11/16 18:31:07.314] - eth_sendRawTransaction
[2021/11/16 18:31:07.777] - 
[2021/11/16 18:31:07.778] -   Transaction: 0x18aceab636fa68f15ad789ddf6e92343dff6e795ce9445b4549fe214ba906943
[2021/11/16 18:31:07.778] -   Gas usage: 145801
[2021/11/16 18:31:07.779] -   Block Number: 18
[2021/11/16 18:31:07.780] -   Block Time: Tue Nov 16 2021 18:31:07 GMT+0200 (Χειμερινή ώρα Ανατολικής Ευρώπης)
[2021/11/16 18:31:07.781] - 
[2021/11/16 18:31:07.786] - eth_getBlockByNumber
[2021/11/16 18:31:07.911] - eth_getBalance
[2021/11/16 18:31:07.969] - eth_getTransactionCount
[2021/11/16 18:31:08.031] - eth_getBalance
[2021/11/16 18:31:08.083] - eth_getTransactionCount
[2021/11/16 18:31:08.139] - eth_getBalance
[2021/11/16 18:31:08.193] - eth_getTransactionCount
[2021/11/16 18:31:08.252] - eth_getBalance
[2021/11/16 18:31:08.302] - eth_getTransactionCount
[2021/11/16 18:31:08.355] - eth_getBalance
[2021/11/16 18:31:08.406] - eth_getTransactionCount
[2021/11/16 18:31:08.462] - eth_getBalance
[2021/11/16 18:31:08.519] - eth_getTransactionCount
[2021/11/16 18:31:08.565] - eth_getBalance
[2021/11/16 18:31:08.615] - eth_getTransactionCount
[2021/11/16 18:31:08.646] - eth_blockNumber
[2021/11/16 18:31:08.673] - eth_getBalance
[2021/11/16 18:31:08.677] - eth_getBlockByNumber
[2021/11/16 18:31:08.687] - eth_getTransactionReceipt
[2021/11/16 18:31:08.700] - eth_getBalance
[2021/11/16 18:31:08.701] - eth_getBalance
[2021/11/16 18:31:08.710] - eth_getBlockByHash
[2021/11/16 18:31:08.750] - eth_getTransactionCount
[2021/11/16 18:31:08.811] - eth_getBalance
[2021/11/16 18:31:08.866] - eth_getTransactionCount
[2021/11/16 18:31:08.931] - eth_getBalance
[2021/11/16 18:31:09.016] - eth_getTransactionCount
[2021/11/16 18:31:11.904] - eth_blockNumber
[2021/11/16 18:31:11.936] - eth_estimateGas
[2021/11/16 18:31:12.572] - eth_getCode
[2021/11/16 18:31:12.606] - eth_gasPrice
[2021/11/16 18:31:14.069] - eth_blockNumber
[2021/11/16 18:31:14.534] - eth_getTransactionCount
[2021/11/16 18:31:15.879] - eth_sendRawTransaction
[2021/11/16 18:31:16.156] - 
[2021/11/16 18:31:16.157] -   Transaction: 0xf9301ad423bd7b05473a951a3ebdfa67ef1aefdd29c955ad45841f6695c2b50e
[2021/11/16 18:31:16.158] -   Gas usage: 145801
[2021/11/16 18:31:16.159] -   Block Number: 19
[2021/11/16 18:31:16.160] -   Block Time: Tue Nov 16 2021 18:31:15 GMT+0200 (Χειμερινή ώρα Ανατολικής Ευρώπης)
[2021/11/16 18:31:16.161] - 
[2021/11/16 18:31:16.166] - eth_getBlockByNumber
[2021/11/16 18:31:16.327] - eth_getBalance
[2021/11/16 18:31:16.416] - eth_getTransactionCount
[2021/11/16 18:31:16.479] - eth_getBalance
[2021/11/16 18:31:16.532] - eth_getTransactionCount
[2021/11/16 18:31:16.593] - eth_getBalance
[2021/11/16 18:31:16.661] - eth_getTransactionCount
[2021/11/16 18:31:16.733] - eth_getBalance
[2021/11/16 18:31:16.784] - eth_getTransactionCount
[2021/11/16 18:31:16.840] - eth_getBalance
[2021/11/16 18:31:16.903] - eth_getTransactionCount
[2021/11/16 18:31:16.961] - eth_getBalance
[2021/11/16 18:31:17.022] - eth_getTransactionCount
[2021/11/16 18:31:17.070] - eth_getBalance
[2021/11/16 18:31:17.126] - eth_getTransactionCount
[2021/11/16 18:31:17.177] - eth_getBalance
[2021/11/16 18:31:17.238] - eth_getTransactionCount
[2021/11/16 18:31:17.285] - eth_getBalance
[2021/11/16 18:31:17.344] - eth_getTransactionCount
[2021/11/16 18:31:17.405] - eth_getBalance
[2021/11/16 18:31:17.460] - eth_getTransactionCount
[2021/11/16 18:31:25.614] - eth_blockNumber
[2021/11/16 18:31:25.636] - eth_getTransactionReceipt
[2021/11/16 18:31:25.653] - eth_getBlockByHash
[2021/11/16 21:09:49.092] - eth_unsubscribe
[2021/11/16 21:09:49.097] - eth_unsubscribe
