[2021/11/18 12:58:18.133] - Starting server with initial configuration: {"gasLimit":6721975,"gasPrice":20000000000,"hardfork":"muirGlacier","hostname":"127.0.0.1","port":8545,"network_id":4777,"default_balance_ether":100,"total_accounts":10,"unlocked_accounts":[],"locked":false,"vmErrorsOnRPCResponse":true,"verbose":false,"db_path":"C:\\Users\\Theo\\AppData\\Roaming\\Ganache\\workspaces\\grieving-sidewalk\\chaindata","logDirectory":"C:\\Users\\Theo\\Documents\\GitHub\\Bachelor_Dissertation_2021_2022\\server\\logs\\ganache"}
[2021/11/18 12:58:18.263] - eth_blockNumber
[2021/11/18 12:58:18.822] - eth_getCode
[2021/11/18 12:58:18.823] - eth_subscribe
[2021/11/18 12:58:18.824] - eth_getLogs
[2021/11/18 12:58:18.828] - eth_subscribe
[2021/11/18 12:58:18.890] - eth_getCode
[2021/11/18 12:58:19.395] - eth_getCode
[2021/11/18 12:58:19.396] - eth_subscribe
[2021/11/18 12:58:19.396] - eth_getLogs
[2021/11/18 12:58:19.401] - eth_subscribe
[2021/11/18 12:58:19.415] - eth_getCode
[2021/11/18 12:58:20.550] - eth_blockNumber
[2021/11/18 12:58:20.551] - eth_accounts
[2021/11/18 12:58:20.552] - eth_blockNumber
[2021/11/18 12:58:20.554] - eth_gasPrice
[2021/11/18 12:58:20.554] - eth_accounts
[2021/11/18 12:58:20.555] - eth_getBlockByNumber
[2021/11/18 12:58:20.556] - eth_gasPrice
[2021/11/18 12:58:20.557] - eth_subscribe
[2021/11/18 12:58:20.558] - eth_getBlockByNumber
[2021/11/18 12:58:20.559] - eth_subscribe
[2021/11/18 12:58:21.074] - eth_getBalance
[2021/11/18 12:58:21.137] - eth_getTransactionCount
[2021/11/18 12:58:21.187] - eth_getBalance
[2021/11/18 12:58:21.225] - eth_getTransactionCount
[2021/11/18 12:58:21.270] - eth_getBalance
[2021/11/18 12:58:21.318] - eth_getTransactionCount
[2021/11/18 12:58:21.355] - eth_getBalance
[2021/11/18 12:58:21.399] - eth_getTransactionCount
[2021/11/18 12:58:21.445] - eth_getBalance
[2021/11/18 12:58:21.483] - eth_getTransactionCount
[2021/11/18 12:58:21.526] - eth_getBalance
[2021/11/18 12:58:21.570] - eth_getTransactionCount
[2021/11/18 12:58:21.606] - eth_getBalance
[2021/11/18 12:58:21.651] - eth_getTransactionCount
[2021/11/18 12:58:21.689] - eth_getBalance
[2021/11/18 12:58:21.735] - eth_getTransactionCount
[2021/11/18 12:58:21.780] - eth_getBalance
[2021/11/18 12:58:21.816] - eth_getTransactionCount
[2021/11/18 12:58:21.858] - eth_getBalance
[2021/11/18 12:58:21.900] - eth_getTransactionCount
[2021/11/18 12:58:21.937] - eth_getBalance
[2021/11/18 12:58:21.980] - eth_getTransactionCount
[2021/11/18 12:58:22.024] - eth_getBalance
[2021/11/18 12:58:22.060] - eth_getTransactionCount
[2021/11/18 12:58:22.108] - eth_getBalance
[2021/11/18 12:58:22.149] - eth_getTransactionCount
[2021/11/18 12:58:22.184] - eth_getBalance
[2021/11/18 12:58:22.226] - eth_getTransactionCount
[2021/11/18 12:58:22.261] - eth_getBalance
[2021/11/18 12:58:22.302] - eth_getTransactionCount
[2021/11/18 12:58:22.347] - eth_getBalance
[2021/11/18 12:58:22.383] - eth_getTransactionCount
[2021/11/18 12:58:22.424] - eth_getBalance
[2021/11/18 12:58:22.467] - eth_getTransactionCount
[2021/11/18 12:58:22.505] - eth_getBalance
[2021/11/18 12:58:22.550] - eth_getTransactionCount
[2021/11/18 12:58:22.597] - eth_getBalance
[2021/11/18 12:58:22.634] - eth_getTransactionCount
[2021/11/18 12:58:22.676] - eth_getBalance
[2021/11/18 12:58:22.718] - eth_getTransactionCount
[2021/11/18 12:58:22.755] - eth_getBalance
[2021/11/18 12:58:22.797] - eth_getTransactionCount
[2021/11/18 12:58:22.833] - eth_getBalance
[2021/11/18 12:58:22.874] - eth_getTransactionCount
[2021/11/18 12:58:22.916] - eth_getBalance
[2021/11/18 12:58:22.953] - eth_getTransactionCount
[2021/11/18 12:58:23.062] - eth_getBalance
[2021/11/18 12:58:23.098] - eth_getTransactionCount
[2021/11/18 12:58:23.140] - eth_getBalance
[2021/11/18 12:58:23.185] - eth_getTransactionCount
[2021/11/18 12:58:23.223] - eth_getBalance
[2021/11/18 12:58:23.267] - eth_getTransactionCount
[2021/11/18 12:58:23.312] - eth_getBalance
[2021/11/18 12:58:23.350] - eth_getTransactionCount
[2021/11/18 12:58:23.394] - eth_getBalance
[2021/11/18 12:58:23.437] - eth_getTransactionCount
[2021/11/18 12:58:23.477] - eth_getBalance
[2021/11/18 12:58:23.520] - eth_getTransactionCount
[2021/11/18 12:58:23.566] - eth_getBalance
[2021/11/18 12:58:23.605] - eth_getTransactionCount
[2021/11/18 12:58:23.650] - eth_getBalance
[2021/11/18 12:58:23.688] - eth_getTransactionCount
[2021/11/18 12:58:23.731] - eth_getBalance
[2021/11/18 12:58:23.780] - eth_getTransactionCount
[2021/11/18 12:58:23.815] - eth_getBalance
[2021/11/18 12:58:23.855] - eth_getTransactionCount
[2021/11/18 12:58:23.896] - eth_getBalance
[2021/11/18 12:58:23.930] - eth_getTransactionCount
[2021/11/18 12:58:23.973] - eth_getBalance
[2021/11/18 12:58:24.014] - eth_getTransactionCount
[2021/11/18 12:58:24.050] - eth_getBalance
[2021/11/18 12:58:24.096] - eth_getTransactionCount
[2021/11/18 12:58:24.141] - eth_getBalance
[2021/11/18 12:58:24.178] - eth_getTransactionCount
[2021/11/18 12:58:24.224] - eth_getBalance
[2021/11/18 12:58:24.263] - eth_getTransactionCount
[2021/11/18 12:58:24.310] - eth_getBalance
[2021/11/18 12:58:24.355] - eth_getTransactionCount
[2021/11/18 12:58:24.394] - eth_getBalance
[2021/11/18 12:58:24.434] - eth_getTransactionCount
[2021/11/18 12:58:37.803] - eth_blockNumber
[2021/11/18 12:58:38.288] - eth_blockNumber
[2021/11/18 12:58:40.239] - eth_blockNumber
[2021/11/18 12:58:40.246] - net_version
[2021/11/18 12:58:40.266] - eth_getBlockByNumber
[2021/11/18 12:58:48.415] - eth_blockNumber
[2021/11/18 12:58:48.419] - eth_getBalance
[2021/11/18 12:58:48.421] - eth_getBalance
[2021/11/18 12:58:48.426] - eth_getBalance
[2021/11/18 12:59:00.278] - eth_blockNumber
[2021/11/18 12:59:20.297] - eth_blockNumber
[2021/11/18 13:01:30.646] - eth_blockNumber
[2021/11/18 13:01:30.688] - eth_gasPrice
[2021/11/18 13:01:30.731] - eth_getCode
[2021/11/18 13:01:30.774] - eth_estimateGas
[2021/11/18 13:01:32.248] - eth_blockNumber
[2021/11/18 13:01:32.770] - eth_getTransactionCount
[2021/11/18 13:01:50.698] - eth_blockNumber
[2021/11/18 13:01:52.349] - eth_blockNumber
[2021/11/18 13:02:10.734] - eth_blockNumber
[2021/11/18 13:02:12.382] - eth_blockNumber
[2021/11/18 13:02:30.763] - eth_blockNumber
[2021/11/18 13:02:32.416] - eth_blockNumber
[2021/11/18 13:02:50.794] - eth_blockNumber
[2021/11/18 13:02:52.438] - eth_blockNumber
[2021/11/18 13:03:10.831] - eth_blockNumber
[2021/11/18 13:03:12.465] - eth_blockNumber
[2021/11/18 13:03:30.271] - eth_sendRawTransaction
[2021/11/18 13:03:30.711] - 
[2021/11/18 13:03:30.712] -   Transaction: 0xcdf99456efba32bc8d7d6e5e075eefc97f9752ba896c01c1c44e8a85c3f3ae7b
[2021/11/18 13:03:30.713] -   Gas usage: 167965
[2021/11/18 13:03:30.714] -   Block Number: 11
[2021/11/18 13:03:30.721] -   Block Time: Thu Nov 18 2021 13:03:30 GMT+0200 (Χειμερινή ώρα Ανατολικής Ευρώπης)
[2021/11/18 13:03:30.722] - 
[2021/11/18 13:03:30.731] - eth_getBlockByNumber
[2021/11/18 13:03:30.733] - eth_blockNumber
[2021/11/18 13:03:30.734] - eth_getTransactionReceipt
[2021/11/18 13:03:30.804] - eth_getBlockByHash
[2021/11/18 13:03:30.942] - eth_getBalance
[2021/11/18 13:03:31.019] - eth_getTransactionCount
[2021/11/18 13:03:31.089] - eth_getBalance
[2021/11/18 13:03:31.143] - eth_getTransactionCount
[2021/11/18 13:03:31.239] - eth_getBalance
[2021/11/18 13:03:31.305] - eth_getTransactionCount
[2021/11/18 13:03:31.355] - eth_getBalance
[2021/11/18 13:03:31.451] - eth_getTransactionCount
[2021/11/18 13:03:31.516] - eth_getBalance
[2021/11/18 13:03:31.569] - eth_getTransactionCount
[2021/11/18 13:03:31.678] - eth_getBalance
[2021/11/18 13:03:31.735] - eth_getTransactionCount
[2021/11/18 13:03:31.805] - eth_getBalance
[2021/11/18 13:03:31.901] - eth_getTransactionCount
[2021/11/18 13:03:31.975] - eth_getBalance
[2021/11/18 13:03:32.022] - eth_getTransactionCount
[2021/11/18 13:03:32.083] - eth_getBalance
[2021/11/18 13:03:32.157] - eth_getTransactionCount
[2021/11/18 13:03:32.224] - eth_getBalance
[2021/11/18 13:03:32.271] - eth_getTransactionCount
[2021/11/18 13:03:37.210] - eth_getBlockByNumber
[2021/11/18 13:03:37.358] - eth_getBlockTransactionCountByHash
[2021/11/18 13:03:37.504] - eth_getBlockByNumber
[2021/11/18 13:03:37.653] - eth_getBlockTransactionCountByHash
[2021/11/18 13:03:37.792] - eth_getBlockByNumber
[2021/11/18 13:03:37.943] - eth_getBlockTransactionCountByHash
[2021/11/18 13:03:38.064] - eth_getBlockByNumber
[2021/11/18 13:03:38.200] - eth_getBlockTransactionCountByHash
[2021/11/18 13:03:38.324] - eth_getBlockByNumber
[2021/11/18 13:03:38.484] - eth_getBlockTransactionCountByHash
[2021/11/18 13:03:38.630] - eth_getBlockByNumber
[2021/11/18 13:03:38.797] - eth_getBlockTransactionCountByHash
[2021/11/18 13:03:38.948] - eth_getBlockByNumber
[2021/11/18 13:03:39.106] - eth_getBlockTransactionCountByHash
[2021/11/18 13:03:39.263] - eth_getBlockByNumber
[2021/11/18 13:03:39.410] - eth_getBlockTransactionCountByHash
[2021/11/18 13:03:39.536] - eth_getBlockByNumber
[2021/11/18 13:03:39.675] - eth_getBlockTransactionCountByHash
[2021/11/18 13:03:39.801] - eth_getBlockByNumber
[2021/11/18 13:03:39.940] - eth_getBlockTransactionCountByHash
[2021/11/18 13:03:40.109] - eth_getBlockByNumber
[2021/11/18 13:03:40.240] - eth_getBlockTransactionCountByHash
[2021/11/18 13:03:40.368] - eth_getBlockByNumber
[2021/11/18 13:03:40.491] - eth_getBlockTransactionCountByHash
[2021/11/18 13:03:49.235] - eth_getBlockByNumber
[2021/11/18 13:03:49.367] - eth_getTransactionReceipt
[2021/11/18 13:03:51.032] - eth_getTransactionByHash
[2021/11/18 13:03:51.195] - eth_getBlockByNumber
[2021/11/18 13:03:51.454] - eth_getTransactionReceipt
[2021/11/18 13:03:51.536] - net_version
[2021/11/18 13:03:51.560] - eth_getCode
[2021/11/18 13:03:51.663] - eth_getBlockByNumber
[2021/11/18 13:03:51.935] - eth_getTransactionReceipt
[2021/11/18 13:03:51.983] - net_version
[2021/11/18 13:03:52.002] - eth_getCode
[2021/11/18 13:03:52.124] - eth_getBlockByNumber
[2021/11/18 13:03:52.394] - eth_getTransactionReceipt
[2021/11/18 13:03:52.626] - eth_getBlockByNumber
[2021/11/18 13:03:52.763] - eth_getTransactionReceipt
[2021/11/18 13:03:52.967] - eth_getBlockByNumber
[2021/11/18 13:03:53.110] - eth_getTransactionReceipt
[2021/11/18 13:03:53.289] - eth_getBlockByNumber
[2021/11/18 13:03:53.450] - eth_getTransactionReceipt
[2021/11/18 13:03:53.683] - eth_getBlockByNumber
[2021/11/18 13:03:53.815] - eth_getTransactionReceipt
[2021/11/18 13:03:54.018] - eth_getBlockByNumber
[2021/11/18 13:03:54.158] - eth_getTransactionReceipt
[2021/11/18 13:03:54.355] - eth_getBlockByNumber
[2021/11/18 13:03:54.483] - eth_getTransactionReceipt
[2021/11/18 13:03:54.687] - eth_getBlockByNumber
[2021/11/18 13:03:54.812] - eth_getTransactionReceipt
[2021/11/18 13:04:05.068] - eth_getLogs
[2021/11/18 13:04:05.418] - net_version
[2021/11/18 13:04:05.437] - eth_getCode
[2021/11/18 13:04:05.705] - net_version
[2021/11/18 13:04:05.725] - eth_getCode
[2021/11/18 13:04:06.135] - net_version
[2021/11/18 13:04:06.154] - eth_getCode
[2021/11/18 13:04:06.439] - net_version
[2021/11/18 13:04:06.458] - eth_getCode
[2021/11/18 13:04:08.524] - net_version
[2021/11/18 13:04:08.542] - eth_getCode
[2021/11/18 13:04:28.025] - net_version
[2021/11/18 13:04:28.042] - eth_getCode
[2021/11/18 13:04:28.327] - net_version
[2021/11/18 13:04:28.354] - eth_getCode
[2021/11/18 13:04:28.631] - net_version
[2021/11/18 13:04:28.649] - eth_getCode
[2021/11/18 13:04:28.919] - net_version
[2021/11/18 13:04:28.937] - eth_getCode
[2021/11/18 13:04:30.863] - eth_getTransactionByHash
[2021/11/18 13:04:31.278] - net_version
[2021/11/18 13:04:31.296] - eth_getCode
[2021/11/18 13:04:33.735] - net_version
[2021/11/18 13:04:33.752] - eth_getCode
[2021/11/18 13:04:34.007] - net_version
[2021/11/18 13:04:34.010] - eth_getCode
[2021/11/18 13:04:34.327] - net_version
[2021/11/18 13:04:34.345] - eth_getCode
[2021/11/18 13:04:34.599] - net_version
[2021/11/18 13:04:34.617] - eth_getCode
[2021/11/18 13:04:36.878] - eth_getTransactionByHash
[2021/11/18 13:04:37.163] - net_version
[2021/11/18 13:04:37.180] - eth_getCode
[2021/11/18 13:04:38.932] - net_version
[2021/11/18 13:04:38.949] - eth_getCode
[2021/11/18 13:04:39.219] - net_version
[2021/11/18 13:04:39.237] - eth_getCode
[2021/11/18 13:04:39.507] - net_version
[2021/11/18 13:04:39.525] - eth_getCode
[2021/11/18 13:04:39.763] - net_version
[2021/11/18 13:04:39.793] - eth_getCode
[2021/11/18 13:04:45.549] - eth_unsubscribe
[2021/11/18 13:04:45.551] - eth_unsubscribe
