[2021/12/19 10:52:02.954] - Starting server with initial configuration: {"gasLimit":6721975,"gasPrice":20000000000,"hardfork":"muirGlacier","hostname":"127.0.0.1","port":8545,"network_id":4777,"default_balance_ether":100,"total_accounts":10,"unlocked_accounts":[],"locked":false,"vmErrorsOnRPCResponse":true,"verbose":false,"db_path":"C:\\Users\\Theo\\AppData\\Roaming\\Ganache\\workspaces\\grieving-sidewalk\\chaindata","logDirectory":"C:\\Users\\Theo\\Documents\\GitHub\\Bachelor_Dissertation_2021_2022\\server\\logs\\ganache"}
[2021/12/19 10:52:03.742] - eth_getCode
[2021/12/19 10:52:03.746] - eth_subscribe
[2021/12/19 10:52:03.754] - eth_getLogs
[2021/12/19 10:52:03.755] - eth_subscribe
[2021/12/19 10:52:03.837] - eth_getCode
[2021/12/19 10:52:03.868] - eth_blockNumber
[2021/12/19 10:52:04.628] - eth_getCode
[2021/12/19 10:52:04.629] - eth_subscribe
[2021/12/19 10:52:04.630] - eth_getLogs
[2021/12/19 10:52:04.634] - eth_subscribe
[2021/12/19 10:52:04.652] - eth_getCode
[2021/12/19 10:52:07.572] - eth_blockNumber
[2021/12/19 10:52:07.576] - eth_accounts
[2021/12/19 10:52:07.578] - eth_gasPrice
[2021/12/19 10:52:07.582] - eth_blockNumber
[2021/12/19 10:52:07.584] - eth_getBlockByNumber
[2021/12/19 10:52:07.587] - eth_accounts
[2021/12/19 10:52:07.590] - eth_subscribe
[2021/12/19 10:52:07.592] - eth_gasPrice
[2021/12/19 10:52:07.595] - eth_getBlockByNumber
[2021/12/19 10:52:07.599] - eth_subscribe
[2021/12/19 10:52:07.797] - eth_accounts
[2021/12/19 10:52:08.375] - eth_getBalance
[2021/12/19 10:52:08.437] - eth_getTransactionCount
[2021/12/19 10:52:08.511] - eth_getBalance
[2021/12/19 10:52:08.556] - eth_getTransactionCount
[2021/12/19 10:52:08.602] - eth_getBalance
[2021/12/19 10:52:08.700] - eth_getTransactionCount
[2021/12/19 10:52:08.764] - eth_getBalance
[2021/12/19 10:52:08.816] - eth_getTransactionCount
[2021/12/19 10:52:08.872] - eth_getBalance
[2021/12/19 10:52:08.975] - eth_getTransactionCount
[2021/12/19 10:52:09.037] - eth_getBalance
[2021/12/19 10:52:09.094] - eth_getTransactionCount
[2021/12/19 10:52:09.149] - eth_getBalance
[2021/12/19 10:52:09.226] - eth_getTransactionCount
[2021/12/19 10:52:09.276] - eth_getBalance
[2021/12/19 10:52:09.323] - eth_getTransactionCount
[2021/12/19 10:52:09.418] - eth_getBalance
[2021/12/19 10:52:09.480] - eth_getTransactionCount
[2021/12/19 10:52:09.530] - eth_getBalance
[2021/12/19 10:52:09.574] - eth_getTransactionCount
[2021/12/19 10:52:09.791] - eth_getBalance
[2021/12/19 10:52:09.841] - eth_getTransactionCount
[2021/12/19 10:52:09.901] - eth_getBalance
[2021/12/19 10:52:09.972] - eth_getTransactionCount
[2021/12/19 10:52:10.020] - eth_getBalance
[2021/12/19 10:52:10.076] - eth_getTransactionCount
[2021/12/19 10:52:10.118] - eth_getBalance
[2021/12/19 10:52:10.207] - eth_getTransactionCount
[2021/12/19 10:52:10.260] - eth_getBalance
[2021/12/19 10:52:10.321] - eth_getTransactionCount
[2021/12/19 10:52:10.374] - eth_getBalance
[2021/12/19 10:52:10.420] - eth_getTransactionCount
[2021/12/19 10:52:10.463] - eth_getBalance
[2021/12/19 10:52:10.561] - eth_getTransactionCount
[2021/12/19 10:52:10.617] - eth_getBalance
[2021/12/19 10:52:10.664] - eth_getTransactionCount
[2021/12/19 10:52:10.709] - eth_getBalance
[2021/12/19 10:52:10.755] - eth_getTransactionCount
[2021/12/19 10:52:10.844] - eth_getBalance
[2021/12/19 10:52:10.906] - eth_getTransactionCount
[2021/12/19 10:52:10.952] - eth_getBalance
[2021/12/19 10:52:10.999] - eth_getTransactionCount
[2021/12/19 10:52:11.045] - eth_getBalance
[2021/12/19 10:52:11.088] - eth_getTransactionCount
[2021/12/19 10:52:11.187] - eth_getBalance
[2021/12/19 10:52:11.249] - eth_getTransactionCount
[2021/12/19 10:52:11.291] - eth_getBalance
[2021/12/19 10:52:11.343] - eth_getTransactionCount
[2021/12/19 10:52:11.384] - eth_getBalance
[2021/12/19 10:52:11.477] - eth_getTransactionCount
[2021/12/19 10:52:11.539] - eth_getBalance
[2021/12/19 10:52:11.591] - eth_getTransactionCount
[2021/12/19 10:52:11.644] - eth_getBalance
[2021/12/19 10:52:11.685] - eth_getTransactionCount
[2021/12/19 10:52:11.786] - eth_getBalance
[2021/12/19 10:52:11.848] - eth_getTransactionCount
[2021/12/19 10:52:11.902] - eth_getBalance
[2021/12/19 10:52:11.950] - eth_getTransactionCount
[2021/12/19 10:52:12.026] - eth_getBalance
[2021/12/19 10:52:12.098] - eth_getTransactionCount
[2021/12/19 10:52:12.640] - eth_getBalance
[2021/12/19 10:52:12.683] - eth_getTransactionCount
[2021/12/19 10:52:12.729] - eth_getBalance
[2021/12/19 10:52:12.832] - eth_getTransactionCount
[2021/12/19 10:52:12.895] - eth_getBalance
[2021/12/19 10:52:12.948] - eth_getTransactionCount
[2021/12/19 10:52:12.998] - eth_getBalance
[2021/12/19 10:52:13.063] - eth_getTransactionCount
[2021/12/19 10:52:13.130] - eth_getBalance
[2021/12/19 10:52:13.180] - eth_getTransactionCount
[2021/12/19 10:52:13.261] - eth_getBalance
[2021/12/19 10:52:13.313] - eth_getTransactionCount
[2021/12/19 10:52:13.377] - eth_getBalance
[2021/12/19 10:52:13.422] - eth_getTransactionCount
[2021/12/19 10:52:13.514] - eth_getBalance
[2021/12/19 10:52:13.573] - eth_getTransactionCount
[2021/12/19 10:52:13.618] - eth_getBalance
[2021/12/19 10:52:13.679] - eth_getTransactionCount
[2021/12/19 10:52:13.747] - eth_getBalance
[2021/12/19 10:52:13.791] - eth_getTransactionCount
[2021/12/19 10:57:30.978] - eth_blockNumber
[2021/12/19 10:57:31.042] - eth_getBlockByNumber
[2021/12/19 10:57:33.238] - eth_blockNumber
[2021/12/19 10:57:33.244] - net_version
[2021/12/19 10:57:33.265] - eth_getBlockByNumber
[2021/12/19 10:57:41.939] - eth_blockNumber
[2021/12/19 10:57:41.951] - eth_getBalance
[2021/12/19 10:57:41.953] - eth_getBalance
[2021/12/19 10:57:41.963] - eth_getBalance
[2021/12/19 10:58:22.920] - eth_blockNumber
[2021/12/19 10:58:22.945] - eth_estimateGas
[2021/12/19 10:58:23.898] - eth_gasPrice
[2021/12/19 10:58:23.934] - eth_getCode
[2021/12/19 10:58:23.964] - eth_estimateGas
[2021/12/19 10:58:25.785] - eth_blockNumber
[2021/12/19 10:58:26.398] - eth_getTransactionCount
[2021/12/19 10:58:29.095] - eth_sendRawTransaction
[2021/12/19 10:58:29.634] - 
[2021/12/19 10:58:29.641] -   Transaction: 0x05febc5d31f7a1030e8f8e832462778d81b17eb702458f8682957660fdc343d6
[2021/12/19 10:58:29.646] -   Gas usage: 167965
[2021/12/19 10:58:29.661] -   Block Number: 64
[2021/12/19 10:58:29.668] -   Block Time: Sun Dec 19 2021 10:58:29 GMT+0200 (Χειμερινή ώρα Ανατολικής Ευρώπης)
[2021/12/19 10:58:29.669] - 
[2021/12/19 10:58:29.678] - eth_getBlockByNumber
[2021/12/19 10:58:29.679] - eth_blockNumber
[2021/12/19 10:58:29.682] - eth_getTransactionReceipt
[2021/12/19 10:58:29.741] - eth_getTransactionReceipt
[2021/12/19 10:58:29.769] - eth_getBlockByHash
[2021/12/19 10:58:29.819] - eth_getBalance
[2021/12/19 10:58:29.878] - eth_getTransactionCount
[2021/12/19 10:58:29.931] - eth_getBalance
[2021/12/19 10:58:30.000] - eth_getTransactionCount
[2021/12/19 10:58:30.050] - eth_getBalance
[2021/12/19 10:58:30.107] - eth_getTransactionCount
[2021/12/19 10:58:30.160] - eth_getBalance
[2021/12/19 10:58:30.203] - eth_getTransactionCount
[2021/12/19 10:58:30.273] - eth_getBalance
[2021/12/19 10:58:30.323] - eth_getTransactionCount
[2021/12/19 10:58:30.374] - eth_getBalance
[2021/12/19 10:58:30.430] - eth_getTransactionCount
[2021/12/19 10:58:30.489] - eth_getBalance
[2021/12/19 10:58:30.568] - eth_getTransactionCount
[2021/12/19 10:58:30.611] - eth_getBalance
[2021/12/19 10:58:30.657] - eth_getTransactionCount
[2021/12/19 10:58:30.705] - eth_getBalance
[2021/12/19 10:58:30.763] - eth_getTransactionCount
[2021/12/19 10:58:30.808] - eth_getBalance
[2021/12/19 10:58:30.861] - eth_getTransactionCount
[2021/12/19 10:58:33.651] - eth_estimateGas
[2021/12/19 10:58:34.478] - eth_getBlockByNumber
[2021/12/19 10:58:34.484] - eth_gasPrice
[2021/12/19 10:58:34.530] - eth_getCode
[2021/12/19 10:58:34.581] - eth_estimateGas
[2021/12/19 10:58:36.317] - eth_blockNumber
[2021/12/19 10:58:36.374] - eth_getBalance
[2021/12/19 10:58:36.381] - eth_getBalance
[2021/12/19 10:58:36.392] - eth_getBalance
[2021/12/19 10:58:37.016] - eth_getTransactionCount
[2021/12/19 11:11:07.936] - eth_blockNumber
[2021/12/19 11:11:07.955] - eth_estimateGas
[2021/12/19 11:11:13.773] - eth_blockNumber
[2021/12/19 11:11:16.674] - eth_sendRawTransaction
[2021/12/19 11:11:17.229] - 
[2021/12/19 11:11:17.231] -   Transaction: 0x766f5f32f338a25d42128261fc5c3fd32e67a97fe133f375f37106072bfa8500
[2021/12/19 11:11:17.232] -   Gas usage: 167965
[2021/12/19 11:11:17.233] -   Block Number: 65
[2021/12/19 11:11:17.233] -   Block Time: Sun Dec 19 2021 11:11:16 GMT+0200 (Χειμερινή ώρα Ανατολικής Ευρώπης)
[2021/12/19 11:11:17.234] - 
[2021/12/19 11:11:17.237] - eth_getBlockByNumber
[2021/12/19 11:11:17.245] - eth_blockNumber
[2021/12/19 11:11:17.262] - eth_getTransactionReceipt
[2021/12/19 11:11:17.298] - eth_getBlockByHash
[2021/12/19 11:11:17.387] - eth_getBalance
[2021/12/19 11:11:17.451] - eth_getTransactionCount
[2021/12/19 11:11:17.578] - eth_getBalance
[2021/12/19 11:11:17.629] - eth_getTransactionCount
[2021/12/19 11:11:17.678] - eth_getBalance
[2021/12/19 11:11:17.723] - eth_getTransactionCount
[2021/12/19 11:11:17.786] - eth_getBalance
[2021/12/19 11:11:17.862] - eth_getTransactionCount
[2021/12/19 11:11:17.905] - eth_getBalance
[2021/12/19 11:11:17.954] - eth_getTransactionCount
[2021/12/19 11:11:17.997] - eth_getBalance
[2021/12/19 11:11:18.059] - eth_getTransactionCount
[2021/12/19 11:11:18.107] - eth_getBalance
[2021/12/19 11:11:18.150] - eth_getTransactionCount
[2021/12/19 11:11:18.221] - eth_getBalance
[2021/12/19 11:11:18.264] - eth_getTransactionCount
[2021/12/19 11:11:18.321] - eth_getBalance
[2021/12/19 11:11:18.373] - eth_getTransactionCount
[2021/12/19 11:11:18.417] - eth_getBalance
[2021/12/19 11:11:18.466] - eth_getTransactionCount
[2021/12/19 11:13:07.440] - eth_blockNumber
[2021/12/19 11:13:07.455] - eth_estimateGas
[2021/12/19 11:13:08.365] - eth_getBlockByNumber
[2021/12/19 11:13:08.370] - eth_gasPrice
[2021/12/19 11:13:08.399] - eth_getCode
[2021/12/19 11:13:08.429] - eth_estimateGas
[2021/12/19 11:13:10.178] - eth_blockNumber
[2021/12/19 11:13:10.228] - eth_getBalance
[2021/12/19 11:13:10.236] - eth_getBalance
[2021/12/19 11:13:10.240] - eth_getBalance
[2021/12/19 11:13:11.109] - eth_getTransactionCount
[2021/12/19 11:13:12.901] - eth_sendRawTransaction
[2021/12/19 11:13:13.475] - 
[2021/12/19 11:13:13.478] -   Transaction: 0x5230c4d0f93add0bcdeb098a638a795cee89ec38e4904d579ac600733326483d
[2021/12/19 11:13:13.480] -   Gas usage: 167965
[2021/12/19 11:13:13.481] -   Block Number: 66
[2021/12/19 11:13:13.482] -   Block Time: Sun Dec 19 2021 11:13:12 GMT+0200 (Χειμερινή ώρα Ανατολικής Ευρώπης)
[2021/12/19 11:13:13.483] - 
[2021/12/19 11:13:13.487] - eth_getBlockByNumber
[2021/12/19 11:13:13.488] - eth_blockNumber
[2021/12/19 11:13:13.496] - eth_getTransactionReceipt
[2021/12/19 11:13:13.522] - eth_getBlockByHash
[2021/12/19 11:13:13.705] - eth_getBalance
[2021/12/19 11:13:13.780] - eth_getTransactionCount
[2021/12/19 11:13:13.828] - eth_getBalance
[2021/12/19 11:13:13.905] - eth_getTransactionCount
[2021/12/19 11:13:13.981] - eth_getBalance
[2021/12/19 11:13:14.033] - eth_getTransactionCount
[2021/12/19 11:13:14.081] - eth_getBalance
[2021/12/19 11:13:14.166] - eth_getTransactionCount
[2021/12/19 11:13:14.231] - eth_getBalance
[2021/12/19 11:13:14.281] - eth_getTransactionCount
[2021/12/19 11:13:14.330] - eth_getBalance
[2021/12/19 11:13:14.426] - eth_getTransactionCount
[2021/12/19 11:13:14.491] - eth_getBalance
[2021/12/19 11:13:14.542] - eth_getTransactionCount
[2021/12/19 11:13:14.599] - eth_getBalance
[2021/12/19 11:13:14.670] - eth_getTransactionCount
[2021/12/19 11:13:14.780] - eth_getBalance
[2021/12/19 11:13:14.841] - eth_getTransactionCount
[2021/12/19 11:13:14.906] - eth_getBalance
[2021/12/19 11:13:14.956] - eth_getTransactionCount
[2021/12/19 11:13:16.449] - eth_estimateGas
[2021/12/19 11:13:17.476] - eth_getBlockByNumber
[2021/12/19 11:13:17.483] - eth_gasPrice
[2021/12/19 11:13:17.579] - eth_getCode
[2021/12/19 11:13:17.653] - eth_estimateGas
[2021/12/19 11:13:19.591] - eth_blockNumber
[2021/12/19 11:13:19.655] - eth_getBalance
[2021/12/19 11:13:19.661] - eth_getBalance
[2021/12/19 11:13:19.663] - eth_getBalance
[2021/12/19 11:13:20.372] - eth_getTransactionCount
[2021/12/19 11:13:51.041] - eth_blockNumber
[2021/12/19 11:13:51.066] - eth_estimateGas
[2021/12/19 11:14:17.316] - eth_blockNumber
[2021/12/19 11:14:17.331] - eth_estimateGas
[2021/12/19 11:20:06.916] - eth_blockNumber
[2021/12/19 11:20:06.936] - eth_estimateGas
[2021/12/19 11:52:51.692] - eth_blockNumber
[2021/12/19 11:52:51.708] - eth_estimateGas
[2021/12/19 11:54:40.537] - eth_blockNumber
[2021/12/19 11:54:40.554] - eth_estimateGas
[2021/12/19 11:55:30.191] - eth_blockNumber
[2021/12/19 11:55:30.241] - eth_estimateGas
[2021/12/19 11:57:11.261] - eth_blockNumber
[2021/12/19 11:57:11.277] - eth_estimateGas
[2021/12/19 11:57:44.680] - eth_blockNumber
[2021/12/19 11:57:44.701] - eth_estimateGas
[2021/12/19 11:58:04.067] - eth_estimateGas
[2021/12/19 11:58:57.478] - eth_blockNumber
[2021/12/19 11:58:57.494] - eth_estimateGas
[2021/12/19 11:59:25.821] - eth_blockNumber
[2021/12/19 11:59:25.842] - eth_estimateGas
[2021/12/19 12:00:32.119] - eth_blockNumber
[2021/12/19 12:00:32.146] - eth_estimateGas
[2021/12/19 12:01:01.285] - eth_blockNumber
[2021/12/19 12:01:01.313] - eth_estimateGas
[2021/12/19 12:01:43.683] - eth_blockNumber
[2021/12/19 12:01:43.720] - eth_estimateGas
[2021/12/19 12:02:15.581] - eth_blockNumber
[2021/12/19 12:02:15.595] - eth_estimateGas
[2021/12/19 12:03:32.840] - eth_blockNumber
[2021/12/19 12:03:32.852] - eth_estimateGas
[2021/12/19 12:08:03.271] - eth_blockNumber
[2021/12/19 12:08:03.284] - eth_estimateGas
[2021/12/19 12:08:04.254] - eth_estimateGas
[2021/12/19 12:08:06.162] - eth_blockNumber
[2021/12/19 12:10:50.874] - eth_blockNumber
[2021/12/19 12:10:52.905] - eth_blockNumber
[2021/12/19 12:13:49.778] - eth_blockNumber
[2021/12/19 12:13:49.799] - eth_estimateGas
[2021/12/19 12:15:33.900] - eth_blockNumber
[2021/12/19 12:15:35.790] - eth_blockNumber
[2021/12/19 12:15:38.335] - eth_sendRawTransaction
[2021/12/19 12:15:38.818] - 
[2021/12/19 12:15:38.819] -   Transaction: 0xaae947a3eaa1ac6947c7ae8287bb9e7a09ab219ba8eeb709ef76480093477b03
[2021/12/19 12:15:38.820] -   Gas usage: 167965
[2021/12/19 12:15:38.820] -   Block Number: 67
[2021/12/19 12:15:38.821] -   Block Time: Sun Dec 19 2021 12:15:38 GMT+0200 (Χειμερινή ώρα Ανατολικής Ευρώπης)
[2021/12/19 12:15:38.822] - 
[2021/12/19 12:15:38.827] - eth_getBlockByNumber
[2021/12/19 12:15:38.838] - eth_blockNumber
[2021/12/19 12:15:38.847] - eth_getTransactionReceipt
[2021/12/19 12:15:38.874] - eth_getBlockByHash
[2021/12/19 12:15:39.086] - eth_getBalance
[2021/12/19 12:15:39.155] - eth_getTransactionCount
[2021/12/19 12:15:39.213] - eth_getBalance
[2021/12/19 12:15:39.302] - eth_getTransactionCount
[2021/12/19 12:15:39.363] - eth_getBalance
[2021/12/19 12:15:39.423] - eth_getTransactionCount
[2021/12/19 12:15:39.479] - eth_getBalance
[2021/12/19 12:15:39.567] - eth_getTransactionCount
[2021/12/19 12:15:39.625] - eth_getBalance
[2021/12/19 12:15:39.672] - eth_getTransactionCount
[2021/12/19 12:15:39.727] - eth_getBalance
[2021/12/19 12:15:39.770] - eth_getTransactionCount
[2021/12/19 12:15:39.866] - eth_getBalance
[2021/12/19 12:15:39.942] - eth_getTransactionCount
[2021/12/19 12:15:40.006] - eth_getBalance
[2021/12/19 12:15:40.054] - eth_getTransactionCount
[2021/12/19 12:15:40.094] - eth_getBalance
[2021/12/19 12:15:40.172] - eth_getTransactionCount
[2021/12/19 12:15:40.251] - eth_getBalance
[2021/12/19 12:15:40.295] - eth_getTransactionCount
[2021/12/19 13:21:55.547] - eth_blockNumber
[2021/12/19 13:21:55.566] - eth_estimateGas
[2021/12/19 14:08:49.123] - eth_blockNumber
[2021/12/19 14:08:49.134] - eth_estimateGas
[2021/12/19 14:10:35.783] - eth_blockNumber
[2021/12/19 14:10:35.792] - eth_estimateGas
[2021/12/19 14:12:35.530] - eth_blockNumber
[2021/12/19 14:12:35.548] - eth_estimateGas
[2021/12/19 14:13:31.811] - eth_blockNumber
[2021/12/19 14:13:31.833] - eth_estimateGas
