[2021/12/11 22:54:14.507] - Starting server with initial configuration: {"gasLimit":6721975,"gasPrice":20000000000,"hardfork":"muirGlacier","hostname":"127.0.0.1","port":8545,"network_id":4777,"default_balance_ether":100,"total_accounts":10,"unlocked_accounts":[],"locked":false,"vmErrorsOnRPCResponse":true,"verbose":false,"db_path":"C:\\Users\\Theo\\AppData\\Roaming\\Ganache\\workspaces\\grieving-sidewalk\\chaindata","logDirectory":"C:\\Users\\Theo\\Documents\\GitHub\\Bachelor_Dissertation_2021_2022\\server\\logs\\ganache"}
[2021/12/11 22:54:14.655] - eth_blockNumber
[2021/12/11 22:54:15.174] - eth_getCode
[2021/12/11 22:54:15.176] - eth_subscribe
[2021/12/11 22:54:15.178] - eth_getLogs
[2021/12/11 22:54:15.182] - eth_subscribe
[2021/12/11 22:54:15.250] - eth_getCode
[2021/12/11 22:54:15.666] - eth_getCode
[2021/12/11 22:54:15.668] - eth_subscribe
[2021/12/11 22:54:15.669] - eth_getLogs
[2021/12/11 22:54:15.672] - eth_subscribe
[2021/12/11 22:54:15.692] - eth_getCode
[2021/12/11 22:54:16.967] - eth_getBlockByNumber
[2021/12/11 22:54:16.968] - eth_subscribe
[2021/12/11 22:54:16.972] - eth_blockNumber
[2021/12/11 22:54:16.973] - eth_accounts
[2021/12/11 22:54:16.975] - eth_gasPrice
[2021/12/11 22:54:16.976] - eth_getBlockByNumber
[2021/12/11 22:54:16.977] - eth_subscribe
[2021/12/11 22:54:16.990] - eth_blockNumber
[2021/12/11 22:54:16.991] - eth_accounts
[2021/12/11 22:54:16.996] - eth_gasPrice
[2021/12/11 22:54:17.536] - eth_getBalance
[2021/12/11 22:54:17.590] - eth_getTransactionCount
[2021/12/11 22:54:17.637] - eth_getBalance
[2021/12/11 22:54:17.685] - eth_getTransactionCount
[2021/12/11 22:54:17.746] - eth_getBalance
[2021/12/11 22:54:17.787] - eth_getTransactionCount
[2021/12/11 22:54:17.832] - eth_getBalance
[2021/12/11 22:54:17.876] - eth_getTransactionCount
[2021/12/11 22:54:17.917] - eth_getBalance
[2021/12/11 22:54:17.965] - eth_getTransactionCount
[2021/12/11 22:54:18.015] - eth_getBalance
[2021/12/11 22:54:18.057] - eth_getTransactionCount
[2021/12/11 22:54:18.101] - eth_getBalance
[2021/12/11 22:54:18.142] - eth_getTransactionCount
[2021/12/11 22:54:18.189] - eth_getBalance
[2021/12/11 22:54:18.249] - eth_getTransactionCount
[2021/12/11 22:54:18.289] - eth_getBalance
[2021/12/11 22:54:18.334] - eth_getTransactionCount
[2021/12/11 22:54:18.376] - eth_getBalance
[2021/12/11 22:54:18.414] - eth_getTransactionCount
[2021/12/11 22:54:18.458] - eth_getBalance
[2021/12/11 22:54:18.512] - eth_getTransactionCount
[2021/12/11 22:54:18.550] - eth_getBalance
[2021/12/11 22:54:18.596] - eth_getTransactionCount
[2021/12/11 22:54:18.641] - eth_getBalance
[2021/12/11 22:54:18.678] - eth_getTransactionCount
[2021/12/11 22:54:18.721] - eth_getBalance
[2021/12/11 22:54:18.772] - eth_getTransactionCount
[2021/12/11 22:54:18.815] - eth_getBalance
[2021/12/11 22:54:18.861] - eth_getTransactionCount
[2021/12/11 22:54:18.900] - eth_getBalance
[2021/12/11 22:54:18.945] - eth_getTransactionCount
[2021/12/11 22:54:18.995] - eth_getBalance
[2021/12/11 22:54:19.034] - eth_getTransactionCount
[2021/12/11 22:54:19.078] - eth_getBalance
[2021/12/11 22:54:19.120] - eth_getTransactionCount
[2021/12/11 22:54:19.158] - eth_getBalance
[2021/12/11 22:54:19.202] - eth_getTransactionCount
[2021/12/11 22:54:19.263] - eth_getBalance
[2021/12/11 22:54:19.313] - eth_getTransactionCount
[2021/12/11 22:54:19.749] - eth_getBalance
[2021/12/11 22:54:19.809] - eth_getTransactionCount
[2021/12/11 22:54:19.852] - eth_getBalance
[2021/12/11 22:54:19.895] - eth_getTransactionCount
[2021/12/11 22:54:19.935] - eth_getBalance
[2021/12/11 22:54:19.980] - eth_getTransactionCount
[2021/12/11 22:54:20.034] - eth_getBalance
[2021/12/11 22:54:20.070] - eth_getTransactionCount
[2021/12/11 22:54:20.118] - eth_getBalance
[2021/12/11 22:54:20.170] - eth_getTransactionCount
[2021/12/11 22:54:20.209] - eth_getBalance
[2021/12/11 22:54:20.265] - eth_getTransactionCount
[2021/12/11 22:54:20.315] - eth_getBalance
[2021/12/11 22:54:20.356] - eth_getTransactionCount
[2021/12/11 22:54:20.399] - eth_getBalance
[2021/12/11 22:54:20.435] - eth_getTransactionCount
[2021/12/11 22:54:20.475] - eth_getBalance
[2021/12/11 22:54:20.522] - eth_getTransactionCount
[2021/12/11 22:54:20.562] - eth_getBalance
[2021/12/11 22:54:20.604] - eth_getTransactionCount
[2021/12/11 22:54:20.645] - eth_getBalance
[2021/12/11 22:54:20.683] - eth_getTransactionCount
[2021/12/11 22:54:20.727] - eth_getBalance
[2021/12/11 22:54:20.778] - eth_getTransactionCount
[2021/12/11 22:54:20.819] - eth_getBalance
[2021/12/11 22:54:20.863] - eth_getTransactionCount
[2021/12/11 22:54:20.905] - eth_getBalance
[2021/12/11 22:54:20.941] - eth_getTransactionCount
[2021/12/11 22:54:20.985] - eth_getBalance
[2021/12/11 22:54:21.026] - eth_getTransactionCount
[2021/12/11 22:54:21.074] - eth_getBalance
[2021/12/11 22:54:21.116] - eth_getTransactionCount
[2021/12/11 22:54:21.151] - eth_getBalance
[2021/12/11 22:54:21.192] - eth_getTransactionCount
[2021/12/11 22:54:21.234] - eth_getBalance
[2021/12/11 22:54:21.272] - eth_getTransactionCount
[2021/12/11 22:54:21.328] - eth_getBalance
[2021/12/11 22:54:21.370] - eth_getTransactionCount
[2021/12/11 22:54:21.406] - eth_getBalance
[2021/12/11 22:54:21.449] - eth_getTransactionCount
[2021/12/11 22:54:29.371] - eth_blockNumber
[2021/12/11 22:54:34.680] - eth_blockNumber
[2021/12/11 22:54:38.620] - eth_blockNumber
[2021/12/11 22:54:38.627] - net_version
[2021/12/11 22:54:38.647] - eth_getBlockByNumber
[2021/12/11 22:54:47.232] - eth_blockNumber
[2021/12/11 22:54:47.241] - eth_getBalance
[2021/12/11 22:54:47.244] - eth_getBalance
[2021/12/11 22:54:47.249] - eth_getBalance
[2021/12/11 22:54:58.657] - eth_blockNumber
[2021/12/11 22:55:18.692] - eth_blockNumber
[2021/12/11 22:55:38.718] - eth_blockNumber
[2021/12/11 22:55:58.753] - eth_blockNumber
[2021/12/11 22:56:23.454] - eth_estimateGas
[2021/12/11 22:56:24.494] - eth_gasPrice
[2021/12/11 22:56:24.560] - eth_getCode
[2021/12/11 22:56:24.639] - eth_estimateGas
[2021/12/11 22:56:26.062] - eth_blockNumber
[2021/12/11 22:56:26.802] - eth_getTransactionCount
[2021/12/11 22:56:28.908] - eth_sendRawTransaction
[2021/12/11 22:56:29.363] - 
[2021/12/11 22:56:29.382] -   Transaction: 0xc96c5230891d36b6c3ca2b23185bffdbad6ce17ca4c6565f794ec22d06887723
[2021/12/11 22:56:29.383] -   Gas usage: 167965
[2021/12/11 22:56:29.384] -   Block Number: 47
[2021/12/11 22:56:29.392] -   Block Time: Sat Dec 11 2021 22:56:28 GMT+0200 (Χειμερινή ώρα Ανατολικής Ευρώπης)
[2021/12/11 22:56:29.393] - 
[2021/12/11 22:56:29.416] - eth_getBlockByNumber
[2021/12/11 22:56:29.418] - eth_blockNumber
[2021/12/11 22:56:29.438] - eth_getTransactionReceipt
[2021/12/11 22:56:29.478] - eth_getBlockByHash
[2021/12/11 22:56:29.545] - eth_getBalance
[2021/12/11 22:56:29.610] - eth_getTransactionCount
[2021/12/11 22:56:29.668] - eth_getBalance
[2021/12/11 22:56:29.743] - eth_getTransactionCount
[2021/12/11 22:56:29.790] - eth_getBalance
[2021/12/11 22:56:29.841] - eth_getTransactionCount
[2021/12/11 22:56:29.889] - eth_getBalance
[2021/12/11 22:56:29.930] - eth_getTransactionCount
[2021/12/11 22:56:30.016] - eth_getBalance
[2021/12/11 22:56:30.071] - eth_getTransactionCount
[2021/12/11 22:56:30.111] - eth_getBalance
[2021/12/11 22:56:30.165] - eth_getTransactionCount
[2021/12/11 22:56:30.231] - eth_getBalance
[2021/12/11 22:56:30.274] - eth_getTransactionCount
[2021/12/11 22:56:30.360] - eth_getBalance
[2021/12/11 22:56:30.404] - eth_getTransactionCount
[2021/12/11 22:56:30.461] - eth_getBalance
[2021/12/11 22:56:30.509] - eth_getTransactionCount
[2021/12/11 22:56:30.554] - eth_getBalance
[2021/12/11 22:56:30.611] - eth_getTransactionCount
[2021/12/12 00:26:55.167] - eth_unsubscribe
[2021/12/12 00:26:55.178] - eth_unsubscribe
