[2021/12/09 14:40:03.933] - Starting server with initial configuration: {"gasLimit":6721975,"gasPrice":20000000000,"hardfork":"muirGlacier","hostname":"127.0.0.1","port":8545,"network_id":4777,"default_balance_ether":100,"total_accounts":10,"unlocked_accounts":[],"locked":false,"vmErrorsOnRPCResponse":true,"verbose":false,"db_path":"C:\\Users\\Theo\\AppData\\Roaming\\Ganache\\workspaces\\grieving-sidewalk\\chaindata","logDirectory":"C:\\Users\\Theo\\Documents\\GitHub\\Bachelor_Dissertation_2021_2022\\server\\logs\\ganache"}
[2021/12/09 14:40:04.538] - eth_blockNumber
[2021/12/09 14:40:04.734] - eth_getCode
[2021/12/09 14:40:04.737] - eth_subscribe
[2021/12/09 14:40:04.739] - eth_getLogs
[2021/12/09 14:40:04.743] - eth_subscribe
[2021/12/09 14:40:04.821] - eth_getCode
[2021/12/09 14:40:05.329] - eth_getCode
[2021/12/09 14:40:05.331] - eth_subscribe
[2021/12/09 14:40:05.332] - eth_getLogs
[2021/12/09 14:40:05.338] - eth_subscribe
[2021/12/09 14:40:05.356] - eth_getCode
[2021/12/09 14:40:06.706] - eth_blockNumber
[2021/12/09 14:40:06.707] - eth_accounts
[2021/12/09 14:40:06.708] - eth_blockNumber
[2021/12/09 14:40:06.710] - eth_gasPrice
[2021/12/09 14:40:06.711] - eth_accounts
[2021/12/09 14:40:06.712] - eth_getBlockByNumber
[2021/12/09 14:40:06.713] - eth_gasPrice
[2021/12/09 14:40:06.715] - eth_subscribe
[2021/12/09 14:40:06.716] - eth_getBlockByNumber
[2021/12/09 14:40:06.718] - eth_subscribe
[2021/12/09 14:40:06.897] - eth_accounts
[2021/12/09 14:40:07.379] - eth_getBalance
[2021/12/09 14:40:07.428] - eth_getTransactionCount
[2021/12/09 14:40:07.474] - eth_getBalance
[2021/12/09 14:40:07.524] - eth_getTransactionCount
[2021/12/09 14:40:07.574] - eth_getBalance
[2021/12/09 14:40:07.616] - eth_getTransactionCount
[2021/12/09 14:40:07.667] - eth_getBalance
[2021/12/09 14:40:07.718] - eth_getTransactionCount
[2021/12/09 14:40:07.761] - eth_getBalance
[2021/12/09 14:40:07.814] - eth_getTransactionCount
[2021/12/09 14:40:07.859] - eth_getBalance
[2021/12/09 14:40:07.909] - eth_getTransactionCount
[2021/12/09 14:40:07.967] - eth_getBalance
[2021/12/09 14:40:08.037] - eth_getTransactionCount
[2021/12/09 14:40:08.084] - eth_getBalance
[2021/12/09 14:40:08.127] - eth_getTransactionCount
[2021/12/09 14:40:08.175] - eth_getBalance
[2021/12/09 14:40:08.222] - eth_getTransactionCount
[2021/12/09 14:40:08.261] - eth_getBalance
[2021/12/09 14:40:08.310] - eth_getTransactionCount
[2021/12/09 14:40:08.452] - eth_getBalance
[2021/12/09 14:40:08.500] - eth_getTransactionCount
[2021/12/09 14:40:08.560] - eth_getBalance
[2021/12/09 14:40:08.624] - eth_getTransactionCount
[2021/12/09 14:40:08.668] - eth_getBalance
[2021/12/09 14:40:08.718] - eth_getTransactionCount
[2021/12/09 14:40:08.776] - eth_getBalance
[2021/12/09 14:40:08.815] - eth_getTransactionCount
[2021/12/09 14:40:08.865] - eth_getBalance
[2021/12/09 14:40:08.913] - eth_getTransactionCount
[2021/12/09 14:40:08.954] - eth_getBalance
[2021/12/09 14:40:09.003] - eth_getTransactionCount
[2021/12/09 14:40:09.049] - eth_getBalance
[2021/12/09 14:40:09.088] - eth_getTransactionCount
[2021/12/09 14:40:09.134] - eth_getBalance
[2021/12/09 14:40:09.174] - eth_getTransactionCount
[2021/12/09 14:40:09.219] - eth_getBalance
[2021/12/09 14:40:09.269] - eth_getTransactionCount
[2021/12/09 14:40:09.308] - eth_getBalance
[2021/12/09 14:40:09.349] - eth_getTransactionCount
[2021/12/09 14:40:09.397] - eth_getBalance
[2021/12/09 14:40:09.435] - eth_getTransactionCount
[2021/12/09 14:40:09.484] - eth_getBalance
[2021/12/09 14:40:09.533] - eth_getTransactionCount
[2021/12/09 14:40:09.574] - eth_getBalance
[2021/12/09 14:40:09.621] - eth_getTransactionCount
[2021/12/09 14:40:09.670] - eth_getBalance
[2021/12/09 14:40:09.708] - eth_getTransactionCount
[2021/12/09 14:40:09.755] - eth_getBalance
[2021/12/09 14:40:09.795] - eth_getTransactionCount
[2021/12/09 14:40:09.846] - eth_getBalance
[2021/12/09 14:40:09.898] - eth_getTransactionCount
[2021/12/09 14:40:09.943] - eth_getBalance
[2021/12/09 14:40:09.988] - eth_getTransactionCount
[2021/12/09 14:40:10.039] - eth_getBalance
[2021/12/09 14:40:10.079] - eth_getTransactionCount
[2021/12/09 14:40:10.125] - eth_getBalance
[2021/12/09 14:40:10.171] - eth_getTransactionCount
[2021/12/09 14:40:10.211] - eth_getBalance
[2021/12/09 14:40:10.259] - eth_getTransactionCount
[2021/12/09 14:40:10.733] - eth_getBalance
[2021/12/09 14:40:10.782] - eth_getTransactionCount
[2021/12/09 14:40:10.831] - eth_getBalance
[2021/12/09 14:40:10.873] - eth_getTransactionCount
[2021/12/09 14:40:10.921] - eth_getBalance
[2021/12/09 14:40:10.971] - eth_getTransactionCount
[2021/12/09 14:40:11.011] - eth_getBalance
[2021/12/09 14:40:11.058] - eth_getTransactionCount
[2021/12/09 14:40:11.107] - eth_getBalance
[2021/12/09 14:40:11.145] - eth_getTransactionCount
[2021/12/09 14:40:11.191] - eth_getBalance
[2021/12/09 14:40:11.230] - eth_getTransactionCount
[2021/12/09 14:40:11.277] - eth_getBalance
[2021/12/09 14:40:11.325] - eth_getTransactionCount
[2021/12/09 14:40:11.365] - eth_getBalance
[2021/12/09 14:40:11.411] - eth_getTransactionCount
[2021/12/09 14:40:11.457] - eth_getBalance
[2021/12/09 14:40:11.497] - eth_getTransactionCount
[2021/12/09 14:40:11.547] - eth_getBalance
[2021/12/09 14:40:11.594] - eth_getTransactionCount
[2021/12/09 14:42:32.839] - eth_blockNumber
[2021/12/09 14:42:32.945] - eth_getBlockByNumber
[2021/12/09 14:42:35.260] - eth_blockNumber
[2021/12/09 14:42:35.270] - net_version
[2021/12/09 14:42:35.289] - eth_getBlockByNumber
[2021/12/09 14:42:43.267] - eth_blockNumber
[2021/12/09 14:42:43.270] - eth_getBalance
[2021/12/09 14:42:43.272] - eth_getBalance
[2021/12/09 14:42:43.279] - eth_getBalance
[2021/12/09 14:59:03.081] - eth_blockNumber
[2021/12/09 14:59:03.107] - eth_estimateGas
[2021/12/09 14:59:04.241] - eth_gasPrice
[2021/12/09 14:59:04.312] - eth_getCode
[2021/12/09 14:59:04.380] - eth_estimateGas
[2021/12/09 14:59:06.000] - eth_blockNumber
[2021/12/09 14:59:06.863] - eth_getTransactionCount
[2021/12/09 14:59:09.103] - eth_sendRawTransaction
[2021/12/09 14:59:09.530] - 
[2021/12/09 14:59:09.531] -   Transaction: 0x724a5f9c4b427c8c4c8aa38cd46b642246c900c999cf0336836066dc03f253dc
[2021/12/09 14:59:09.533] -   Gas usage: 167965
[2021/12/09 14:59:09.534] -   Block Number: 43
[2021/12/09 14:59:09.546] -   Block Time: Thu Dec 09 2021 14:59:09 GMT+0200 (Χειμερινή ώρα Ανατολικής Ευρώπης)
[2021/12/09 14:59:09.547] - 
[2021/12/09 14:59:09.557] - eth_getBlockByNumber
[2021/12/09 14:59:09.627] - eth_getTransactionReceipt
[2021/12/09 14:59:09.658] - eth_blockNumber
[2021/12/09 14:59:09.674] - eth_getTransactionReceipt
[2021/12/09 14:59:09.696] - eth_getBlockByHash
[2021/12/09 14:59:09.778] - eth_getBalance
[2021/12/09 14:59:09.915] - eth_getTransactionCount
[2021/12/09 14:59:09.989] - eth_getBalance
[2021/12/09 14:59:10.046] - eth_getTransactionCount
[2021/12/09 14:59:10.097] - eth_getBalance
[2021/12/09 14:59:10.192] - eth_getTransactionCount
[2021/12/09 14:59:10.273] - eth_getBalance
[2021/12/09 14:59:10.324] - eth_getTransactionCount
[2021/12/09 14:59:10.369] - eth_getBalance
[2021/12/09 14:59:10.443] - eth_getTransactionCount
[2021/12/09 14:59:10.511] - eth_getBalance
[2021/12/09 14:59:10.558] - eth_getTransactionCount
[2021/12/09 14:59:10.669] - eth_getBalance
[2021/12/09 14:59:10.728] - eth_getTransactionCount
[2021/12/09 14:59:10.784] - eth_getBalance
[2021/12/09 14:59:10.898] - eth_getTransactionCount
[2021/12/09 14:59:10.981] - eth_getBalance
[2021/12/09 14:59:11.027] - eth_getTransactionCount
[2021/12/09 14:59:11.070] - eth_getBalance
[2021/12/09 14:59:11.119] - eth_getTransactionCount
[2021/12/09 17:27:52.080] - eth_blockNumber
[2021/12/09 17:27:52.103] - net_version
[2021/12/09 17:27:52.105] - net_version
[2021/12/09 18:58:37.235] - eth_blockNumber
[2021/12/09 18:58:37.254] - net_version
[2021/12/09 18:58:37.262] - net_version
[2021/12/09 19:13:32.124] - eth_blockNumber
[2021/12/09 19:13:32.151] - net_version
[2021/12/09 19:13:32.154] - net_version
[2021/12/09 20:23:36.503] - eth_unsubscribe
[2021/12/09 20:23:36.508] - eth_unsubscribe
