[2021/11/25 14:11:47.511] - Starting server with initial configuration: {"gasLimit":6721975,"gasPrice":20000000000,"hardfork":"muirGlacier","hostname":"127.0.0.1","port":8545,"network_id":4777,"default_balance_ether":100,"total_accounts":10,"unlocked_accounts":[],"locked":false,"vmErrorsOnRPCResponse":true,"verbose":false,"db_path":"C:\\Users\\Theo\\AppData\\Roaming\\Ganache\\workspaces\\grieving-sidewalk\\chaindata","logDirectory":"C:\\Users\\Theo\\Documents\\GitHub\\Bachelor_Dissertation_2021_2022\\server\\logs\\ganache"}
[2021/11/25 14:11:48.052] - eth_getCode
[2021/11/25 14:11:48.055] - eth_subscribe
[2021/11/25 14:11:48.057] - eth_getLogs
[2021/11/25 14:11:48.061] - eth_subscribe
[2021/11/25 14:11:48.125] - eth_getCode
[2021/11/25 14:11:48.456] - eth_blockNumber
[2021/11/25 14:11:48.640] - eth_getCode
[2021/11/25 14:11:48.641] - eth_subscribe
[2021/11/25 14:11:48.642] - eth_getLogs
[2021/11/25 14:11:48.646] - eth_subscribe
[2021/11/25 14:11:48.657] - eth_getCode
[2021/11/25 14:11:49.814] - eth_blockNumber
[2021/11/25 14:11:49.816] - eth_accounts
[2021/11/25 14:11:49.817] - eth_blockNumber
[2021/11/25 14:11:49.818] - eth_gasPrice
[2021/11/25 14:11:49.818] - eth_accounts
[2021/11/25 14:11:49.820] - eth_getBlockByNumber
[2021/11/25 14:11:49.821] - eth_gasPrice
[2021/11/25 14:11:49.822] - eth_subscribe
[2021/11/25 14:11:49.823] - eth_getBlockByNumber
[2021/11/25 14:11:49.824] - eth_subscribe
[2021/11/25 14:11:50.351] - eth_getBalance
[2021/11/25 14:11:50.398] - eth_getTransactionCount
[2021/11/25 14:11:50.446] - eth_getBalance
[2021/11/25 14:11:50.485] - eth_getTransactionCount
[2021/11/25 14:11:50.532] - eth_getBalance
[2021/11/25 14:11:50.577] - eth_getTransactionCount
[2021/11/25 14:11:50.615] - eth_getBalance
[2021/11/25 14:11:50.661] - eth_getTransactionCount
[2021/11/25 14:11:50.708] - eth_getBalance
[2021/11/25 14:11:50.745] - eth_getTransactionCount
[2021/11/25 14:11:50.791] - eth_getBalance
[2021/11/25 14:11:50.837] - eth_getTransactionCount
[2021/11/25 14:11:50.873] - eth_getBalance
[2021/11/25 14:11:50.917] - eth_getTransactionCount
[2021/11/25 14:11:50.955] - eth_getBalance
[2021/11/25 14:11:50.999] - eth_getTransactionCount
[2021/11/25 14:11:51.044] - eth_getBalance
[2021/11/25 14:11:51.082] - eth_getTransactionCount
[2021/11/25 14:11:51.127] - eth_getBalance
[2021/11/25 14:11:51.170] - eth_getTransactionCount
[2021/11/25 14:11:51.207] - eth_getBalance
[2021/11/25 14:11:51.250] - eth_getTransactionCount
[2021/11/25 14:11:51.297] - eth_getBalance
[2021/11/25 14:11:51.333] - eth_getTransactionCount
[2021/11/25 14:11:51.377] - eth_getBalance
[2021/11/25 14:11:51.420] - eth_getTransactionCount
[2021/11/25 14:11:51.456] - eth_getBalance
[2021/11/25 14:11:51.501] - eth_getTransactionCount
[2021/11/25 14:11:51.538] - eth_getBalance
[2021/11/25 14:11:51.585] - eth_getTransactionCount
[2021/11/25 14:11:51.668] - eth_getBalance
[2021/11/25 14:11:51.705] - eth_getTransactionCount
[2021/11/25 14:11:51.750] - eth_getBalance
[2021/11/25 14:11:51.791] - eth_getTransactionCount
[2021/11/25 14:11:51.836] - eth_getBalance
[2021/11/25 14:11:51.878] - eth_getTransactionCount
[2021/11/25 14:11:51.919] - eth_getBalance
[2021/11/25 14:11:51.970] - eth_getTransactionCount
[2021/11/25 14:11:52.014] - eth_getBalance
[2021/11/25 14:11:52.050] - eth_getTransactionCount
[2021/11/25 14:11:52.095] - eth_getBalance
[2021/11/25 14:11:52.142] - eth_getTransactionCount
[2021/11/25 14:11:52.180] - eth_getBalance
[2021/11/25 14:11:52.226] - eth_getTransactionCount
[2021/11/25 14:11:52.262] - eth_getBalance
[2021/11/25 14:11:52.305] - eth_getTransactionCount
[2021/11/25 14:11:52.346] - eth_getBalance
[2021/11/25 14:11:52.382] - eth_getTransactionCount
[2021/11/25 14:11:52.423] - eth_getBalance
[2021/11/25 14:11:52.464] - eth_getTransactionCount
[2021/11/25 14:11:52.500] - eth_getBalance
[2021/11/25 14:11:52.542] - eth_getTransactionCount
[2021/11/25 14:11:52.591] - eth_getBalance
[2021/11/25 14:11:52.630] - eth_getTransactionCount
[2021/11/25 14:11:52.676] - eth_getBalance
[2021/11/25 14:11:52.723] - eth_getTransactionCount
[2021/11/25 14:11:52.759] - eth_getBalance
[2021/11/25 14:11:52.803] - eth_getTransactionCount
[2021/11/25 14:11:52.839] - eth_getBalance
[2021/11/25 14:11:52.882] - eth_getTransactionCount
[2021/11/25 14:11:52.923] - eth_getBalance
[2021/11/25 14:11:52.959] - eth_getTransactionCount
[2021/11/25 14:11:53.001] - eth_getBalance
[2021/11/25 14:11:53.045] - eth_getTransactionCount
[2021/11/25 14:11:53.081] - eth_getBalance
[2021/11/25 14:11:53.126] - eth_getTransactionCount
[2021/11/25 14:11:53.175] - eth_getBalance
[2021/11/25 14:11:53.211] - eth_getTransactionCount
[2021/11/25 14:11:53.254] - eth_getBalance
[2021/11/25 14:11:53.297] - eth_getTransactionCount
[2021/11/25 14:11:53.334] - eth_getBalance
[2021/11/25 14:11:53.377] - eth_getTransactionCount
[2021/11/25 14:11:53.414] - eth_getBalance
[2021/11/25 14:11:53.456] - eth_getTransactionCount
[2021/11/25 14:11:53.498] - eth_getBalance
[2021/11/25 14:11:53.534] - eth_getTransactionCount
[2021/11/25 14:11:53.577] - eth_getBalance
[2021/11/25 14:11:53.621] - eth_getTransactionCount
[2021/11/25 14:11:53.658] - eth_getBalance
[2021/11/25 14:11:53.703] - eth_getTransactionCount
[2021/11/25 15:26:35.645] - eth_blockNumber
[2021/11/25 15:26:35.754] - eth_getBlockByNumber
[2021/11/25 15:26:36.858] - eth_blockNumber
[2021/11/25 15:26:36.865] - net_version
[2021/11/25 15:26:37.035] - eth_getBlockByNumber
[2021/11/25 15:26:45.907] - eth_blockNumber
[2021/11/25 15:26:45.933] - eth_getBalance
[2021/11/25 15:26:45.952] - eth_getBalance
[2021/11/25 15:26:45.957] - eth_getBalance
[2021/11/25 15:26:55.579] - eth_blockNumber
[2021/11/25 15:26:56.982] - eth_blockNumber
[2021/11/25 15:27:03.079] - eth_blockNumber
[2021/11/25 15:28:46.491] - eth_blockNumber
[2021/11/25 15:29:20.183] - eth_blockNumber
[2021/11/25 15:31:50.067] - eth_blockNumber
[2021/11/25 15:31:50.114] - eth_gasPrice
[2021/11/25 15:31:50.175] - eth_getCode
[2021/11/25 15:31:50.233] - eth_estimateGas
[2021/11/25 15:31:51.823] - eth_blockNumber
[2021/11/25 15:31:52.463] - eth_getTransactionCount
[2021/11/25 15:31:55.065] - eth_sendRawTransaction
[2021/11/25 15:31:55.538] - 
[2021/11/25 15:31:55.540] -   Transaction: 0x82fe48f5e085bf6a31ad238a193b074aaf8cbf82771aa2b0ee645d89da70e012
[2021/11/25 15:31:55.541] -   Gas usage: 167965
[2021/11/25 15:31:55.549] -   Block Number: 12
[2021/11/25 15:31:55.562] -   Block Time: Thu Nov 25 2021 15:31:55 GMT+0200 (Χειμερινή ώρα Ανατολικής Ευρώπης)
[2021/11/25 15:31:55.563] - 
[2021/11/25 15:31:55.572] - eth_getBlockByNumber
[2021/11/25 15:31:55.573] - eth_blockNumber
[2021/11/25 15:31:55.575] - eth_getTransactionReceipt
[2021/11/25 15:31:55.621] - eth_getBlockByHash
[2021/11/25 15:31:55.703] - eth_getBalance
[2021/11/25 15:31:55.768] - eth_getTransactionCount
[2021/11/25 15:31:55.841] - eth_getBalance
[2021/11/25 15:31:55.896] - eth_getTransactionCount
[2021/11/25 15:31:55.941] - eth_getBalance
[2021/11/25 15:31:56.030] - eth_getTransactionCount
[2021/11/25 15:31:56.092] - eth_getBalance
[2021/11/25 15:31:56.138] - eth_getTransactionCount
[2021/11/25 15:31:56.232] - eth_getBalance
[2021/11/25 15:31:56.286] - eth_getTransactionCount
[2021/11/25 15:31:56.353] - eth_getBalance
[2021/11/25 15:31:56.399] - eth_getTransactionCount
[2021/11/25 15:31:56.492] - eth_getBalance
[2021/11/25 15:31:56.554] - eth_getTransactionCount
[2021/11/25 15:31:56.601] - eth_getBalance
[2021/11/25 15:31:56.651] - eth_getTransactionCount
[2021/11/25 15:31:56.734] - eth_getBalance
[2021/11/25 15:31:56.810] - eth_getTransactionCount
[2021/11/25 15:31:56.859] - eth_getBalance
[2021/11/25 15:31:56.914] - eth_getTransactionCount
[2021/11/25 15:48:41.757] - eth_blockNumber
[2021/11/25 15:48:41.767] - eth_gasPrice
[2021/11/25 15:48:41.771] - eth_getBlockByNumber
[2021/11/25 15:48:41.999] - eth_getCode
[2021/11/25 15:48:42.110] - eth_estimateGas
[2021/11/25 15:48:43.945] - eth_blockNumber
[2021/11/25 15:48:44.345] - eth_getBalance
[2021/11/25 15:48:44.351] - eth_getBalance
[2021/11/25 15:48:44.355] - eth_getBalance
[2021/11/25 15:48:44.884] - eth_getTransactionCount
[2021/11/25 15:49:01.789] - eth_blockNumber
[2021/11/25 15:49:04.157] - eth_blockNumber
[2021/11/25 15:49:42.369] - eth_blockNumber
[2021/11/25 15:49:42.462] - eth_estimateGas
[2021/11/25 15:49:44.270] - eth_blockNumber
[2021/11/25 15:49:49.843] - eth_sendRawTransaction
[2021/11/25 15:49:50.029] - 
[2021/11/25 15:49:50.030] -   Transaction: 0x75b2b85de71374199690e5239e30d23788ddf6665d402f19037cd836b28f2d24
[2021/11/25 15:49:50.031] -   Gas usage: 27007
[2021/11/25 15:49:50.033] -   Block Number: 13
[2021/11/25 15:49:50.034] -   Block Time: Thu Nov 25 2021 15:49:49 GMT+0200 (Χειμερινή ώρα Ανατολικής Ευρώπης)
[2021/11/25 15:49:50.035] -   Runtime Error: revert
[2021/11/25 15:49:50.036] -   Revert reason: This metadataURI already exists.
[2021/11/25 15:49:50.036] - 
[2021/11/25 15:49:50.039] - eth_getBlockByNumber
[2021/11/25 15:49:50.185] - eth_getBalance
[2021/11/25 15:49:50.246] - eth_getTransactionCount
[2021/11/25 15:49:50.296] - eth_getBalance
[2021/11/25 15:49:50.349] - eth_getTransactionCount
[2021/11/25 15:49:50.424] - eth_getBalance
[2021/11/25 15:49:50.474] - eth_getTransactionCount
[2021/11/25 15:49:50.575] - eth_getBalance
[2021/11/25 15:49:50.687] - eth_getTransactionCount
[2021/11/25 15:49:50.746] - eth_getBalance
[2021/11/25 15:49:50.808] - eth_getTransactionCount
[2021/11/25 15:49:50.855] - eth_getBalance
[2021/11/25 15:49:50.959] - eth_getTransactionCount
[2021/11/25 15:49:51.022] - eth_getBalance
[2021/11/25 15:49:51.070] - eth_getTransactionCount
[2021/11/25 15:49:51.121] - eth_getBalance
[2021/11/25 15:49:51.165] - eth_getTransactionCount
[2021/11/25 15:49:51.276] - eth_getBalance
[2021/11/25 15:49:51.336] - eth_getTransactionCount
[2021/11/25 15:49:51.385] - eth_getBalance
[2021/11/25 15:49:51.425] - eth_getTransactionCount
[2021/11/25 15:51:09.233] - eth_blockNumber
[2021/11/25 15:51:09.262] - eth_gasPrice
[2021/11/25 15:51:09.267] - eth_getBlockByNumber
[2021/11/25 15:51:09.313] - eth_getCode
[2021/11/25 15:51:09.360] - eth_estimateGas
[2021/11/25 15:51:10.927] - eth_blockNumber
[2021/11/25 15:51:10.967] - eth_getBalance
[2021/11/25 15:51:10.974] - eth_getBalance
[2021/11/25 15:51:10.975] - eth_getBalance
[2021/11/25 15:51:12.024] - eth_getTransactionCount
[2021/11/25 15:51:51.043] - eth_blockNumber
[2021/11/25 15:51:52.561] - eth_estimateGas
[2021/11/25 15:51:56.654] - eth_blockNumber
[2021/11/25 15:51:59.123] - eth_sendRawTransaction
[2021/11/25 15:51:59.293] - 
[2021/11/25 15:51:59.294] -   Transaction: 0xf46ec7f64981aa6351fc2d9a45f8e338bfad878b60015bbff9ea177847583bc1
[2021/11/25 15:51:59.295] -   Gas usage: 27007
[2021/11/25 15:51:59.295] -   Block Number: 14
[2021/11/25 15:51:59.296] -   Block Time: Thu Nov 25 2021 15:51:59 GMT+0200 (Χειμερινή ώρα Ανατολικής Ευρώπης)
[2021/11/25 15:51:59.297] -   Runtime Error: revert
[2021/11/25 15:51:59.298] -   Revert reason: This metadataURI already exists.
[2021/11/25 15:51:59.299] - 
[2021/11/25 15:51:59.302] - eth_getBlockByNumber
[2021/11/25 15:51:59.494] - eth_getBalance
[2021/11/25 15:51:59.577] - eth_getTransactionCount
[2021/11/25 15:51:59.647] - eth_getBalance
[2021/11/25 15:51:59.723] - eth_getTransactionCount
[2021/11/25 15:51:59.859] - eth_getBalance
[2021/11/25 15:51:59.946] - eth_getTransactionCount
[2021/11/25 15:52:00.013] - eth_getBalance
[2021/11/25 15:52:00.104] - eth_getTransactionCount
[2021/11/25 15:52:00.279] - eth_getBalance
[2021/11/25 15:52:00.374] - eth_getTransactionCount
[2021/11/25 15:52:00.445] - eth_getBalance
[2021/11/25 15:52:00.570] - eth_getTransactionCount
[2021/11/25 15:52:00.637] - eth_getBalance
[2021/11/25 15:52:00.682] - eth_getTransactionCount
[2021/11/25 15:52:00.800] - eth_getBalance
[2021/11/25 15:52:00.866] - eth_getTransactionCount
[2021/11/25 15:52:00.932] - eth_getBalance
[2021/11/25 15:52:00.975] - eth_getTransactionCount
[2021/11/25 15:52:01.069] - eth_getBalance
[2021/11/25 15:52:01.130] - eth_getTransactionCount
[2021/11/25 15:56:51.771] - eth_blockNumber
[2021/11/25 15:56:51.796] - eth_gasPrice
[2021/11/25 15:56:51.800] - eth_getBlockByNumber
[2021/11/25 15:56:52.082] - eth_getCode
[2021/11/25 15:56:52.194] - eth_estimateGas
[2021/11/25 15:56:53.876] - eth_blockNumber
[2021/11/25 15:56:53.966] - eth_getBalance
[2021/11/25 15:56:53.971] - eth_getBalance
[2021/11/25 15:56:53.972] - eth_getBalance
[2021/11/25 15:56:54.731] - eth_getTransactionCount
[2021/11/25 15:57:53.915] - eth_blockNumber
[2021/11/25 15:57:54.028] - eth_estimateGas
[2021/11/25 15:57:55.623] - eth_blockNumber
[2021/11/25 15:57:58.116] - eth_sendRawTransaction
[2021/11/25 15:57:58.625] - 
[2021/11/25 15:57:58.626] -   Transaction: 0x69ecaee37721727dddd31388f2f920d6c840d894149f24d417b33d63e7d82d8c
[2021/11/25 15:57:58.628] -   Gas usage: 167965
[2021/11/25 15:57:58.629] -   Block Number: 15
[2021/11/25 15:57:58.630] -   Block Time: Thu Nov 25 2021 15:57:58 GMT+0200 (Χειμερινή ώρα Ανατολικής Ευρώπης)
[2021/11/25 15:57:58.631] - 
[2021/11/25 15:57:58.633] - eth_getBlockByNumber
[2021/11/25 15:57:58.651] - eth_blockNumber
[2021/11/25 15:57:58.701] - eth_getTransactionReceipt
[2021/11/25 15:57:58.722] - eth_getBlockByHash
[2021/11/25 15:57:58.826] - eth_getBalance
[2021/11/25 15:57:58.895] - eth_getTransactionCount
[2021/11/25 15:57:58.945] - eth_getBalance
[2021/11/25 15:57:59.001] - eth_getTransactionCount
[2021/11/25 15:57:59.104] - eth_getBalance
[2021/11/25 15:57:59.164] - eth_getTransactionCount
[2021/11/25 15:57:59.217] - eth_getBalance
[2021/11/25 15:57:59.262] - eth_getTransactionCount
[2021/11/25 15:57:59.354] - eth_getBalance
[2021/11/25 15:57:59.411] - eth_getTransactionCount
[2021/11/25 15:57:59.456] - eth_getBalance
[2021/11/25 15:57:59.498] - eth_getTransactionCount
[2021/11/25 15:57:59.546] - eth_getBalance
[2021/11/25 15:57:59.616] - eth_getTransactionCount
[2021/11/25 15:57:59.663] - eth_getBalance
[2021/11/25 15:57:59.711] - eth_getTransactionCount
[2021/11/25 15:57:59.763] - eth_getBalance
[2021/11/25 15:57:59.815] - eth_getTransactionCount
[2021/11/25 15:57:59.925] - eth_getBalance
[2021/11/25 15:57:59.995] - eth_getTransactionCount
[2021/11/25 15:58:22.440] - eth_blockNumber
[2021/11/25 15:58:22.462] - eth_gasPrice
[2021/11/25 15:58:22.468] - eth_getBlockByNumber
[2021/11/25 15:58:22.522] - eth_getCode
[2021/11/25 15:58:22.622] - eth_estimateGas
[2021/11/25 15:58:24.212] - eth_blockNumber
[2021/11/25 15:58:24.250] - eth_getBalance
[2021/11/25 15:58:24.265] - eth_getBalance
[2021/11/25 15:58:24.267] - eth_getBalance
[2021/11/25 15:58:25.039] - eth_getTransactionCount
[2021/11/25 15:58:26.227] - eth_sendRawTransaction
[2021/11/25 15:58:26.533] - 
[2021/11/25 15:58:26.534] -   Transaction: 0xeb9cabc3051599048937209a6d8af565e910273b1d39f049c7da5cb7fb2853e6
[2021/11/25 15:58:26.536] -   Gas usage: 167965
[2021/11/25 15:58:26.538] -   Block Number: 16
[2021/11/25 15:58:26.539] -   Block Time: Thu Nov 25 2021 15:58:26 GMT+0200 (Χειμερινή ώρα Ανατολικής Ευρώπης)
[2021/11/25 15:58:26.540] - 
[2021/11/25 15:58:26.550] - eth_getBlockByNumber
[2021/11/25 15:58:26.607] - eth_getTransactionReceipt
[2021/11/25 15:58:26.625] - eth_blockNumber
[2021/11/25 15:58:26.639] - eth_getTransactionReceipt
[2021/11/25 15:58:26.657] - eth_getBlockByHash
[2021/11/25 15:58:26.726] - eth_getBalance
[2021/11/25 15:58:26.809] - eth_getTransactionCount
[2021/11/25 15:58:26.872] - eth_getBalance
[2021/11/25 15:58:26.925] - eth_getTransactionCount
[2021/11/25 15:58:26.970] - eth_getBalance
[2021/11/25 15:58:27.016] - eth_getTransactionCount
[2021/11/25 15:58:27.059] - eth_getBalance
[2021/11/25 15:58:27.113] - eth_getTransactionCount
[2021/11/25 15:58:27.181] - eth_getBalance
[2021/11/25 15:58:27.226] - eth_getTransactionCount
[2021/11/25 15:58:27.283] - eth_getBalance
[2021/11/25 15:58:27.362] - eth_getTransactionCount
[2021/11/25 15:58:27.408] - eth_getBalance
[2021/11/25 15:58:27.451] - eth_getTransactionCount
[2021/11/25 15:58:27.500] - eth_getBalance
[2021/11/25 15:58:27.558] - eth_getTransactionCount
[2021/11/25 15:58:27.623] - eth_getBalance
[2021/11/25 15:58:27.668] - eth_getTransactionCount
[2021/11/25 15:58:27.715] - eth_getBalance
[2021/11/25 15:58:27.768] - eth_getTransactionCount
[2021/11/25 15:59:06.946] - eth_blockNumber
[2021/11/25 15:59:06.962] - eth_gasPrice
[2021/11/25 15:59:06.968] - eth_getBlockByNumber
[2021/11/25 15:59:07.015] - eth_getCode
[2021/11/25 15:59:07.057] - eth_estimateGas
[2021/11/25 15:59:08.750] - eth_blockNumber
[2021/11/25 15:59:08.798] - eth_getBalance
[2021/11/25 15:59:08.807] - eth_getBalance
[2021/11/25 15:59:08.812] - eth_getBalance
[2021/11/25 15:59:09.596] - eth_getTransactionCount
[2021/11/25 15:59:10.853] - eth_sendRawTransaction
[2021/11/25 15:59:11.236] - 
[2021/11/25 15:59:11.237] -   Transaction: 0x28b2472361d457905ff9de56c71e5bdabb427338c714cf2fdc7b5263eaa9e716
[2021/11/25 15:59:11.238] -   Gas usage: 167965
[2021/11/25 15:59:11.238] -   Block Number: 17
[2021/11/25 15:59:11.239] -   Block Time: Thu Nov 25 2021 15:59:10 GMT+0200 (Χειμερινή ώρα Ανατολικής Ευρώπης)
[2021/11/25 15:59:11.240] - 
[2021/11/25 15:59:11.249] - eth_getBlockByNumber
[2021/11/25 15:59:11.251] - eth_blockNumber
[2021/11/25 15:59:11.257] - eth_getTransactionReceipt
[2021/11/25 15:59:11.284] - eth_getBlockByHash
[2021/11/25 15:59:11.411] - eth_getBalance
[2021/11/25 15:59:11.520] - eth_getTransactionCount
[2021/11/25 15:59:11.588] - eth_getBalance
[2021/11/25 15:59:11.635] - eth_getTransactionCount
[2021/11/25 15:59:11.688] - eth_getBalance
[2021/11/25 15:59:11.773] - eth_getTransactionCount
[2021/11/25 15:59:11.823] - eth_getBalance
[2021/11/25 15:59:11.881] - eth_getTransactionCount
[2021/11/25 15:59:11.941] - eth_getBalance
[2021/11/25 15:59:12.009] - eth_getTransactionCount
[2021/11/25 15:59:12.058] - eth_getBalance
[2021/11/25 15:59:12.101] - eth_getTransactionCount
[2021/11/25 15:59:12.199] - eth_getBalance
[2021/11/25 15:59:12.258] - eth_getTransactionCount
[2021/11/25 15:59:12.306] - eth_getBalance
[2021/11/25 15:59:12.365] - eth_getTransactionCount
[2021/11/25 15:59:12.443] - eth_getBalance
[2021/11/25 15:59:12.490] - eth_getTransactionCount
[2021/11/25 15:59:12.532] - eth_getBalance
[2021/11/25 15:59:12.580] - eth_getTransactionCount
[2021/11/25 16:01:23.742] - eth_getBlockByNumber
[2021/11/25 16:01:23.983] - eth_getTransactionReceipt
[2021/11/25 16:01:24.167] - eth_getBlockByNumber
[2021/11/25 16:01:24.296] - eth_getTransactionReceipt
[2021/11/25 16:01:24.520] - eth_getBlockByNumber
[2021/11/25 16:01:24.663] - eth_getTransactionReceipt
[2021/11/25 16:01:24.843] - eth_getBlockByNumber
[2021/11/25 16:01:24.979] - eth_getTransactionReceipt
[2021/11/25 16:01:25.170] - eth_getBlockByNumber
[2021/11/25 16:01:25.303] - eth_getTransactionReceipt
[2021/11/25 16:01:25.482] - eth_getBlockByNumber
[2021/11/25 16:01:25.623] - eth_getTransactionReceipt
[2021/11/25 16:01:25.817] - eth_getBlockByNumber
[2021/11/25 16:01:25.952] - eth_getTransactionReceipt
[2021/11/25 16:01:26.187] - eth_getBlockByNumber
[2021/11/25 16:01:26.326] - eth_getTransactionReceipt
[2021/11/25 16:01:26.518] - eth_getBlockByNumber
[2021/11/25 16:01:26.661] - eth_getTransactionReceipt
[2021/11/25 16:01:26.852] - eth_getBlockByNumber
[2021/11/25 16:01:26.989] - eth_getTransactionReceipt
[2021/11/25 16:01:27.172] - eth_getBlockByNumber
[2021/11/25 16:01:27.306] - eth_getTransactionReceipt
[2021/11/25 16:01:32.410] - eth_getTransactionByHash
[2021/11/25 16:01:32.543] - eth_getBlockByNumber
[2021/11/25 16:01:32.870] - net_version
[2021/11/25 16:01:32.886] - eth_getCode
[2021/11/25 16:01:33.180] - net_version
[2021/11/25 16:01:33.199] - eth_getCode
[2021/11/25 16:01:44.885] - eth_getBalance
[2021/11/25 16:01:45.094] - eth_getTransactionByHash
[2021/11/25 16:01:45.260] - eth_getTransactionByHash
[2021/11/25 16:01:45.405] - eth_getTransactionByHash
[2021/11/25 16:01:45.552] - eth_getTransactionByHash
[2021/11/25 16:01:45.709] - eth_getBlockByNumber
[2021/11/25 16:01:46.011] - net_version
[2021/11/25 16:01:46.029] - eth_getCode
[2021/11/25 16:01:46.202] - eth_getBlockByNumber
[2021/11/25 16:01:46.527] - net_version
[2021/11/25 16:01:46.545] - eth_getCode
[2021/11/25 16:01:46.665] - eth_getBlockByNumber
[2021/11/25 16:01:47.110] - net_version
[2021/11/25 16:01:47.127] - eth_getCode
[2021/11/25 16:01:47.240] - eth_getBlockByNumber
[2021/11/25 16:01:47.536] - net_version
[2021/11/25 16:01:47.554] - eth_getCode
[2021/11/25 16:01:47.811] - net_version
[2021/11/25 16:01:47.825] - eth_getCode
[2021/11/25 16:01:48.075] - net_version
[2021/11/25 16:01:48.092] - eth_getCode
[2021/11/25 16:01:48.112] - eth_getBlockByNumber
[2021/11/25 16:01:48.134] - eth_getBalance
[2021/11/25 16:01:48.154] - eth_getTransactionCount
[2021/11/25 16:01:48.182] - eth_getStorageAt
[2021/11/25 16:01:48.197] - eth_getStorageAt
[2021/11/25 16:01:48.215] - eth_getStorageAt
[2021/11/25 16:01:48.245] - eth_getStorageAt
[2021/11/25 16:17:46.542] - eth_blockNumber
[2021/11/25 16:17:46.570] - eth_gasPrice
[2021/11/25 16:17:46.572] - eth_getBlockByNumber
[2021/11/25 16:17:46.607] - eth_getCode
[2021/11/25 16:17:46.651] - eth_estimateGas
[2021/11/25 16:17:48.338] - eth_blockNumber
[2021/11/25 16:17:48.391] - eth_getBalance
[2021/11/25 16:17:48.397] - eth_getBalance
[2021/11/25 16:17:48.398] - eth_getBalance
[2021/11/25 16:17:49.192] - eth_getTransactionCount
[2021/11/25 16:17:52.283] - eth_sendRawTransaction
[2021/11/25 16:17:52.734] - 
[2021/11/25 16:17:52.735] -   Transaction: 0x6166286e6d320241c3a93b834d04fdcd2162f275d5f3c9768550b564fad98e39
[2021/11/25 16:17:52.736] -   Gas usage: 167965
[2021/11/25 16:17:52.737] -   Block Number: 18
[2021/11/25 16:17:52.738] -   Block Time: Thu Nov 25 2021 16:17:52 GMT+0200 (Χειμερινή ώρα Ανατολικής Ευρώπης)
[2021/11/25 16:17:52.741] - 
[2021/11/25 16:17:52.743] - eth_getBlockByNumber
[2021/11/25 16:17:52.750] - eth_blockNumber
[2021/11/25 16:17:52.751] - eth_getTransactionReceipt
[2021/11/25 16:17:52.786] - eth_getBlockByHash
[2021/11/25 16:17:52.900] - eth_getBalance
[2021/11/25 16:17:52.977] - eth_getTransactionCount
[2021/11/25 16:17:53.054] - eth_getBalance
[2021/11/25 16:17:53.151] - eth_getTransactionCount
[2021/11/25 16:17:53.217] - eth_getBalance
[2021/11/25 16:17:53.283] - eth_getTransactionCount
[2021/11/25 16:17:53.346] - eth_getBalance
[2021/11/25 16:17:53.459] - eth_getTransactionCount
[2021/11/25 16:17:53.523] - eth_getBalance
[2021/11/25 16:17:53.585] - eth_getTransactionCount
[2021/11/25 16:17:53.656] - eth_getBalance
[2021/11/25 16:17:53.719] - eth_getTransactionCount
[2021/11/25 16:17:53.781] - eth_getBalance
[2021/11/25 16:17:53.845] - eth_getTransactionCount
[2021/11/25 16:17:53.918] - eth_getBalance
[2021/11/25 16:17:53.981] - eth_getTransactionCount
[2021/11/25 16:17:54.040] - eth_getBalance
[2021/11/25 16:17:54.107] - eth_getTransactionCount
[2021/11/25 16:17:54.170] - eth_getBalance
[2021/11/25 16:17:54.230] - eth_getTransactionCount
[2021/11/25 16:19:10.851] - eth_blockNumber
[2021/11/25 16:19:10.905] - eth_gasPrice
[2021/11/25 16:19:10.907] - eth_getBlockByNumber
[2021/11/25 16:19:10.955] - eth_getCode
[2021/11/25 16:19:10.989] - eth_estimateGas
[2021/11/25 16:19:12.754] - eth_blockNumber
[2021/11/25 16:19:12.796] - eth_getBalance
[2021/11/25 16:19:12.806] - eth_getBalance
[2021/11/25 16:19:12.807] - eth_getBalance
[2021/11/25 16:19:13.396] - eth_getTransactionCount
[2021/11/25 16:19:15.396] - eth_sendRawTransaction
[2021/11/25 16:19:15.778] - 
[2021/11/25 16:19:15.779] -   Transaction: 0x170875a2332b81b8df5cd3fe76317367fa4d50ec2b81f8989d868de4350ec56d
[2021/11/25 16:19:15.779] -   Gas usage: 167965
[2021/11/25 16:19:15.804] -   Block Number: 19
[2021/11/25 16:19:15.807] -   Block Time: Thu Nov 25 2021 16:19:15 GMT+0200 (Χειμερινή ώρα Ανατολικής Ευρώπης)
[2021/11/25 16:19:15.808] - 
[2021/11/25 16:19:15.818] - eth_getBlockByNumber
[2021/11/25 16:19:15.822] - eth_blockNumber
[2021/11/25 16:19:15.828] - eth_getTransactionReceipt
[2021/11/25 16:19:15.869] - eth_getBlockByHash
[2021/11/25 16:19:16.013] - eth_getBalance
[2021/11/25 16:19:16.089] - eth_getTransactionCount
[2021/11/25 16:19:16.179] - eth_getBalance
[2021/11/25 16:19:16.252] - eth_getTransactionCount
[2021/11/25 16:19:16.324] - eth_getBalance
[2021/11/25 16:19:16.405] - eth_getTransactionCount
[2021/11/25 16:19:16.480] - eth_getBalance
[2021/11/25 16:19:16.567] - eth_getTransactionCount
[2021/11/25 16:19:16.661] - eth_getBalance
[2021/11/25 16:19:16.742] - eth_getTransactionCount
[2021/11/25 16:19:16.820] - eth_getBalance
[2021/11/25 16:19:16.895] - eth_getTransactionCount
[2021/11/25 16:19:17.021] - eth_getBalance
[2021/11/25 16:19:17.096] - eth_getTransactionCount
[2021/11/25 16:19:17.159] - eth_getBalance
[2021/11/25 16:19:17.215] - eth_getTransactionCount
[2021/11/25 16:19:17.273] - eth_getBalance
[2021/11/25 16:19:17.335] - eth_getTransactionCount
[2021/11/25 16:19:17.403] - eth_getBalance
[2021/11/25 16:19:17.462] - eth_getTransactionCount
[2021/11/25 16:24:49.178] - eth_blockNumber
[2021/11/25 16:24:49.225] - eth_gasPrice
[2021/11/25 16:24:49.229] - eth_getBlockByNumber
[2021/11/25 16:24:49.310] - eth_getCode
[2021/11/25 16:24:49.367] - eth_estimateGas
[2021/11/25 16:24:51.031] - eth_blockNumber
[2021/11/25 16:24:51.120] - eth_getBalance
[2021/11/25 16:24:51.125] - eth_getBalance
[2021/11/25 16:24:51.157] - eth_getBalance
[2021/11/25 16:24:52.342] - eth_getTransactionCount
[2021/11/25 16:24:59.232] - eth_sendRawTransaction
[2021/11/25 16:24:59.370] - 
[2021/11/25 16:24:59.371] -   Transaction: 0xaf99d0ee6bd55c9535dbbcb999cd85287ad1e9075974fd102719a3e486c0d0a6
[2021/11/25 16:24:59.372] -   Gas usage: 27007
[2021/11/25 16:24:59.373] -   Block Number: 20
[2021/11/25 16:24:59.374] -   Block Time: Thu Nov 25 2021 16:24:59 GMT+0200 (Χειμερινή ώρα Ανατολικής Ευρώπης)
[2021/11/25 16:24:59.375] -   Runtime Error: revert
[2021/11/25 16:24:59.375] -   Revert reason: This metadataURI already exists.
[2021/11/25 16:24:59.376] - 
[2021/11/25 16:24:59.378] - eth_getBlockByNumber
[2021/11/25 16:24:59.549] - eth_getBalance
[2021/11/25 16:24:59.622] - eth_getTransactionCount
[2021/11/25 16:24:59.715] - eth_getBalance
[2021/11/25 16:24:59.781] - eth_getTransactionCount
[2021/11/25 16:24:59.836] - eth_getBalance
[2021/11/25 16:24:59.900] - eth_getTransactionCount
[2021/11/25 16:25:00.037] - eth_getBalance
[2021/11/25 16:25:00.182] - eth_getTransactionCount
[2021/11/25 16:25:00.340] - eth_getBalance
[2021/11/25 16:25:00.432] - eth_getTransactionCount
[2021/11/25 16:25:00.509] - eth_getBalance
[2021/11/25 16:25:00.580] - eth_getTransactionCount
[2021/11/25 16:25:00.711] - eth_getBalance
[2021/11/25 16:25:00.799] - eth_getTransactionCount
[2021/11/25 16:25:00.857] - eth_getBalance
[2021/11/25 16:25:00.913] - eth_getTransactionCount
[2021/11/25 16:25:00.983] - eth_getBalance
[2021/11/25 16:25:01.086] - eth_getTransactionCount
[2021/11/25 16:25:01.165] - eth_getBalance
[2021/11/25 16:25:01.266] - eth_getTransactionCount
[2021/11/25 16:29:51.105] - eth_blockNumber
[2021/11/25 16:29:51.129] - eth_gasPrice
[2021/11/25 16:29:51.133] - eth_getBlockByNumber
[2021/11/25 16:29:51.168] - eth_getCode
[2021/11/25 16:29:51.212] - eth_estimateGas
[2021/11/25 16:29:52.694] - eth_blockNumber
[2021/11/25 16:29:52.738] - eth_getBalance
[2021/11/25 16:29:52.743] - eth_getBalance
[2021/11/25 16:29:52.744] - eth_getBalance
[2021/11/25 16:29:53.704] - eth_getTransactionCount
[2021/11/25 16:29:55.865] - eth_sendRawTransaction
[2021/11/25 16:29:55.982] - 
[2021/11/25 16:29:55.983] -   Transaction: 0xab33c9c58d11d59a1db33b37f78af7974bbd9a93278f7c1df7d98503245cb31e
[2021/11/25 16:29:55.983] -   Gas usage: 27007
[2021/11/25 16:29:55.984] -   Block Number: 21
[2021/11/25 16:29:55.985] -   Block Time: Thu Nov 25 2021 16:29:55 GMT+0200 (Χειμερινή ώρα Ανατολικής Ευρώπης)
[2021/11/25 16:29:55.986] -   Runtime Error: revert
[2021/11/25 16:29:55.987] -   Revert reason: This metadataURI already exists.
[2021/11/25 16:29:55.988] - 
[2021/11/25 16:29:55.991] - eth_getBlockByNumber
[2021/11/25 16:29:56.141] - eth_getBalance
[2021/11/25 16:29:56.215] - eth_getTransactionCount
[2021/11/25 16:29:56.293] - eth_getBalance
[2021/11/25 16:29:56.359] - eth_getTransactionCount
[2021/11/25 16:29:56.417] - eth_getBalance
[2021/11/25 16:29:56.496] - eth_getTransactionCount
[2021/11/25 16:29:56.587] - eth_getBalance
[2021/11/25 16:29:56.678] - eth_getTransactionCount
[2021/11/25 16:29:56.767] - eth_getBalance
[2021/11/25 16:29:56.881] - eth_getTransactionCount
[2021/11/25 16:29:56.957] - eth_getBalance
[2021/11/25 16:29:57.018] - eth_getTransactionCount
[2021/11/25 16:29:57.101] - eth_getBalance
[2021/11/25 16:29:57.174] - eth_getTransactionCount
[2021/11/25 16:29:57.237] - eth_getBalance
[2021/11/25 16:29:57.293] - eth_getTransactionCount
[2021/11/25 16:29:57.356] - eth_getBalance
[2021/11/25 16:29:57.413] - eth_getTransactionCount
[2021/11/25 16:29:57.475] - eth_getBalance
[2021/11/25 16:29:57.539] - eth_getTransactionCount
[2021/11/25 16:34:57.371] - eth_blockNumber
[2021/11/25 16:34:57.468] - eth_getBalance
[2021/11/25 16:34:57.469] - eth_getBalance
[2021/11/25 16:34:57.473] - eth_getBalance
[2021/11/25 16:34:57.476] - eth_getBlockByNumber
[2021/11/25 16:35:04.652] - eth_blockNumber
[2021/11/25 16:35:19.130] - eth_blockNumber
[2021/11/25 16:35:39.057] - eth_gasPrice
[2021/11/25 16:35:39.108] - eth_getCode
[2021/11/25 16:35:39.145] - eth_estimateGas
[2021/11/25 16:35:39.746] - eth_estimateGas
[2021/11/25 16:35:41.061] - eth_blockNumber
[2021/11/25 16:35:41.562] - eth_getTransactionCount
[2021/11/25 16:35:45.241] - eth_sendRawTransaction
[2021/11/25 16:35:45.562] - 
[2021/11/25 16:35:45.563] -   Transaction: 0x82c70f7702cea8ecccb8df0b3b95673b28fb75df188ccb9e706dbcd5f71eb668
[2021/11/25 16:35:45.563] -   Gas usage: 167965
[2021/11/25 16:35:45.564] -   Block Number: 22
[2021/11/25 16:35:45.565] -   Block Time: Thu Nov 25 2021 16:35:45 GMT+0200 (Χειμερινή ώρα Ανατολικής Ευρώπης)
[2021/11/25 16:35:45.565] - 
[2021/11/25 16:35:45.566] - eth_getBlockByNumber
[2021/11/25 16:35:45.711] - eth_getBalance
[2021/11/25 16:35:45.778] - eth_getTransactionCount
[2021/11/25 16:35:45.848] - eth_getBalance
[2021/11/25 16:35:45.884] - eth_getTransactionReceipt
[2021/11/25 16:35:45.914] - eth_getTransactionCount
[2021/11/25 16:35:45.967] - eth_getBalance
[2021/11/25 16:35:46.030] - eth_getTransactionCount
[2021/11/25 16:35:46.085] - eth_getBalance
[2021/11/25 16:35:46.136] - eth_blockNumber
[2021/11/25 16:35:46.164] - eth_getTransactionCount
[2021/11/25 16:35:46.225] - eth_getBalance
[2021/11/25 16:35:46.294] - eth_getTransactionCount
[2021/11/25 16:35:46.353] - eth_getBalance
[2021/11/25 16:35:46.416] - eth_getTransactionCount
[2021/11/25 16:35:46.509] - eth_getBalance
[2021/11/25 16:35:46.560] - eth_getBlockByNumber
[2021/11/25 16:35:46.562] - eth_getTransactionReceipt
[2021/11/25 16:35:46.587] - eth_getTransactionCount
[2021/11/25 16:35:46.652] - eth_getBalance
[2021/11/25 16:35:46.667] - eth_getBalance
[2021/11/25 16:35:46.672] - eth_getBalance
[2021/11/25 16:35:46.674] - eth_getBalance
[2021/11/25 16:35:46.677] - eth_getBlockByHash
[2021/11/25 16:35:46.719] - eth_getTransactionCount
[2021/11/25 16:35:46.781] - eth_getBalance
[2021/11/25 16:35:46.837] - eth_getTransactionCount
[2021/11/25 16:35:46.911] - eth_getBalance
[2021/11/25 16:35:46.992] - eth_getTransactionCount
[2021/11/25 16:35:48.304] - eth_getTransactionCount
[2021/11/25 16:35:48.762] - eth_sendRawTransaction
[2021/11/25 16:35:49.287] - 
[2021/11/25 16:35:49.288] -   Transaction: 0x8962e6726167eb40fee22b68ba8df11f7bb76d12d745afc85cab59cf2ff50d15
[2021/11/25 16:35:49.291] -   Gas usage: 167965
[2021/11/25 16:35:49.292] -   Block Number: 23
[2021/11/25 16:35:49.293] -   Block Time: Thu Nov 25 2021 16:35:48 GMT+0200 (Χειμερινή ώρα Ανατολικής Ευρώπης)
[2021/11/25 16:35:49.294] - 
[2021/11/25 16:35:49.302] - eth_getBlockByNumber
[2021/11/25 16:35:49.306] - eth_blockNumber
[2021/11/25 16:35:49.315] - eth_getTransactionReceipt
[2021/11/25 16:35:49.343] - eth_getBlockByHash
[2021/11/25 16:35:50.250] - eth_getBalance
[2021/11/25 16:35:50.315] - eth_getTransactionCount
[2021/11/25 16:35:50.386] - eth_getBalance
[2021/11/25 16:35:50.471] - eth_getTransactionCount
[2021/11/25 16:35:50.541] - eth_getBalance
[2021/11/25 16:35:50.598] - eth_getTransactionCount
[2021/11/25 16:35:50.658] - eth_getBalance
[2021/11/25 16:35:50.720] - eth_getTransactionCount
[2021/11/25 16:35:50.787] - eth_getBalance
[2021/11/25 16:35:50.849] - eth_getTransactionCount
[2021/11/25 16:35:50.911] - eth_getBalance
[2021/11/25 16:35:50.974] - eth_getTransactionCount
[2021/11/25 16:35:51.035] - eth_getBalance
[2021/11/25 16:35:51.095] - eth_getTransactionCount
[2021/11/25 16:35:51.152] - eth_getBalance
[2021/11/25 16:35:51.206] - eth_getTransactionCount
[2021/11/25 16:35:51.258] - eth_getBalance
[2021/11/25 16:35:51.322] - eth_getTransactionCount
[2021/11/25 16:39:47.550] - eth_blockNumber
[2021/11/25 16:39:47.568] - eth_gasPrice
[2021/11/25 16:39:47.585] - eth_getBlockByNumber
[2021/11/25 16:39:47.620] - eth_getCode
[2021/11/25 16:39:47.674] - eth_estimateGas
[2021/11/25 16:39:49.405] - eth_blockNumber
[2021/11/25 16:39:49.505] - eth_getBalance
[2021/11/25 16:39:49.516] - eth_getBalance
[2021/11/25 16:39:49.523] - eth_getBalance
[2021/11/25 16:39:50.227] - eth_getTransactionCount
[2021/11/25 16:39:52.039] - eth_sendRawTransaction
[2021/11/25 16:39:52.564] - 
[2021/11/25 16:39:52.564] -   Transaction: 0x0f078937b877e74e83391c52571b575b1c62896839c1d8cccfb71517117e3df6
[2021/11/25 16:39:52.565] -   Gas usage: 167965
[2021/11/25 16:39:52.566] -   Block Number: 24
[2021/11/25 16:39:52.567] -   Block Time: Thu Nov 25 2021 16:39:52 GMT+0200 (Χειμερινή ώρα Ανατολικής Ευρώπης)
[2021/11/25 16:39:52.567] - 
[2021/11/25 16:39:52.604] - eth_getBlockByNumber
[2021/11/25 16:39:52.606] - eth_blockNumber
[2021/11/25 16:39:52.653] - eth_getTransactionReceipt
[2021/11/25 16:39:52.681] - eth_getTransactionReceipt
[2021/11/25 16:39:52.715] - eth_getBlockByHash
[2021/11/25 16:39:52.811] - eth_getBalance
[2021/11/25 16:39:52.887] - eth_getTransactionCount
[2021/11/25 16:39:52.977] - eth_getBalance
[2021/11/25 16:39:53.056] - eth_getTransactionCount
[2021/11/25 16:39:53.114] - eth_getBalance
[2021/11/25 16:39:53.174] - eth_getTransactionCount
[2021/11/25 16:39:53.235] - eth_getBalance
[2021/11/25 16:39:53.331] - eth_getTransactionCount
[2021/11/25 16:39:53.392] - eth_getBalance
[2021/11/25 16:39:53.495] - eth_getTransactionCount
[2021/11/25 16:39:53.586] - eth_getBalance
[2021/11/25 16:39:53.653] - eth_getTransactionCount
[2021/11/25 16:39:53.717] - eth_getBalance
[2021/11/25 16:39:53.770] - eth_getTransactionCount
[2021/11/25 16:39:53.824] - eth_getBalance
[2021/11/25 16:39:53.883] - eth_getTransactionCount
[2021/11/25 16:39:53.937] - eth_getBalance
[2021/11/25 16:39:53.993] - eth_getTransactionCount
[2021/11/25 16:39:54.053] - eth_getBalance
[2021/11/25 16:39:54.112] - eth_getTransactionCount
[2021/11/25 16:39:56.465] - eth_getBlockByNumber
[2021/11/25 16:39:56.470] - eth_gasPrice
[2021/11/25 16:39:56.506] - eth_getCode
[2021/11/25 16:39:56.532] - eth_estimateGas
[2021/11/25 16:39:58.202] - eth_blockNumber
[2021/11/25 16:39:58.252] - eth_getBalance
[2021/11/25 16:39:58.260] - eth_getBalance
[2021/11/25 16:39:58.261] - eth_getBalance
[2021/11/25 16:39:59.159] - eth_getTransactionCount
[2021/11/25 16:40:00.522] - eth_sendRawTransaction
[2021/11/25 16:40:00.923] - 
[2021/11/25 16:40:00.924] -   Transaction: 0xc7249acaccaa764f256051b34e043f2b7df91dfd4f883c9e5e19c019b74c8d52
[2021/11/25 16:40:00.925] -   Gas usage: 167965
[2021/11/25 16:40:00.927] -   Block Number: 25
[2021/11/25 16:40:00.928] -   Block Time: Thu Nov 25 2021 16:40:00 GMT+0200 (Χειμερινή ώρα Ανατολικής Ευρώπης)
[2021/11/25 16:40:00.930] - 
[2021/11/25 16:40:00.936] - eth_getBlockByNumber
[2021/11/25 16:40:00.937] - eth_blockNumber
[2021/11/25 16:40:00.953] - eth_getTransactionReceipt
[2021/11/25 16:40:00.977] - eth_getBlockByHash
[2021/11/25 16:40:01.096] - eth_getBalance
[2021/11/25 16:40:01.187] - eth_getTransactionCount
[2021/11/25 16:40:01.284] - eth_getBalance
[2021/11/25 16:40:01.355] - eth_getTransactionCount
[2021/11/25 16:40:01.421] - eth_getBalance
[2021/11/25 16:40:01.505] - eth_getTransactionCount
[2021/11/25 16:40:01.606] - eth_getBalance
[2021/11/25 16:40:01.702] - eth_getTransactionCount
[2021/11/25 16:40:01.789] - eth_getBalance
[2021/11/25 16:40:01.879] - eth_getTransactionCount
[2021/11/25 16:40:01.940] - eth_getBalance
[2021/11/25 16:40:02.001] - eth_getTransactionCount
[2021/11/25 16:40:02.065] - eth_getBalance
[2021/11/25 16:40:02.134] - eth_getTransactionCount
[2021/11/25 16:40:02.209] - eth_getBalance
[2021/11/25 16:40:02.271] - eth_getTransactionCount
[2021/11/25 16:40:02.323] - eth_getBalance
[2021/11/25 16:40:02.379] - eth_getTransactionCount
[2021/11/25 16:40:02.435] - eth_getBalance
[2021/11/25 16:40:02.497] - eth_getTransactionCount
[2021/11/25 20:50:37.025] - eth_blockNumber
[2021/11/25 20:50:37.083] - eth_gasPrice
[2021/11/25 20:50:37.087] - eth_getBlockByNumber
[2021/11/25 20:50:37.137] - eth_getCode
[2021/11/25 20:50:37.183] - eth_estimateGas
[2021/11/25 20:50:38.886] - eth_blockNumber
[2021/11/25 20:50:38.925] - eth_getBalance
[2021/11/25 20:50:38.930] - eth_getBalance
[2021/11/25 20:50:38.944] - eth_getBalance
[2021/11/25 20:50:39.681] - eth_getTransactionCount
[2021/11/25 20:50:46.319] - eth_sendRawTransaction
[2021/11/25 20:50:46.477] - 
[2021/11/25 20:50:46.479] -   Transaction: 0xd0e897af7ad330623f54d1485ca0bfa68c7439f40d62d6811fde370714103679
[2021/11/25 20:50:46.479] -   Gas usage: 27007
[2021/11/25 20:50:46.480] -   Block Number: 26
[2021/11/25 20:50:46.481] -   Block Time: Thu Nov 25 2021 20:50:46 GMT+0200 (Χειμερινή ώρα Ανατολικής Ευρώπης)
[2021/11/25 20:50:46.482] -   Runtime Error: revert
[2021/11/25 20:50:46.483] -   Revert reason: This metadataURI already exists.
[2021/11/25 20:50:46.483] - 
[2021/11/25 20:50:46.493] - eth_getBlockByNumber
[2021/11/25 20:50:46.790] - eth_getBalance
[2021/11/25 20:50:46.859] - eth_getTransactionCount
[2021/11/25 20:50:46.940] - eth_getBalance
[2021/11/25 20:50:47.028] - eth_getTransactionCount
[2021/11/25 20:50:47.247] - eth_getBalance
[2021/11/25 20:50:47.388] - eth_getTransactionCount
[2021/11/25 20:50:47.496] - eth_getBalance
[2021/11/25 20:50:47.578] - eth_getTransactionCount
[2021/11/25 20:50:47.653] - eth_getBalance
[2021/11/25 20:50:47.802] - eth_getTransactionCount
[2021/11/25 20:50:47.895] - eth_getBalance
[2021/11/25 20:50:47.971] - eth_getTransactionCount
[2021/11/25 20:50:48.035] - eth_getBalance
[2021/11/25 20:50:48.121] - eth_getTransactionCount
[2021/11/25 20:50:48.226] - eth_getBalance
[2021/11/25 20:50:48.293] - eth_getTransactionCount
[2021/11/25 20:50:48.353] - eth_getBalance
[2021/11/25 20:50:48.412] - eth_getTransactionCount
[2021/11/25 20:50:48.483] - eth_getBalance
[2021/11/25 20:50:48.603] - eth_getTransactionCount
[2021/11/25 20:53:54.101] - eth_blockNumber
[2021/11/25 20:53:54.187] - eth_getBalance
[2021/11/25 20:53:54.189] - eth_getBalance
[2021/11/25 20:53:54.193] - eth_getBalance
[2021/11/25 20:53:54.194] - eth_getBlockByNumber
[2021/11/25 20:54:18.826] - eth_blockNumber
[2021/11/25 20:55:10.035] - eth_blockNumber
[2021/11/25 20:55:10.048] - eth_gasPrice
[2021/11/25 20:55:10.091] - eth_getCode
[2021/11/25 20:55:10.135] - eth_estimateGas
[2021/11/25 20:55:11.885] - eth_blockNumber
[2021/11/25 20:55:12.723] - eth_getTransactionCount
[2021/11/25 20:55:14.550] - eth_sendRawTransaction
[2021/11/25 20:55:14.942] - 
[2021/11/25 20:55:14.943] -   Transaction: 0x04fceab2ea09e227e1f6e772fe6ae1aa6e119659da8a9a0e614a98c8765d19b1
[2021/11/25 20:55:14.945] -   Gas usage: 167965
[2021/11/25 20:55:14.946] -   Block Number: 27
[2021/11/25 20:55:14.948] -   Block Time: Thu Nov 25 2021 20:55:14 GMT+0200 (Χειμερινή ώρα Ανατολικής Ευρώπης)
[2021/11/25 20:55:14.951] - 
[2021/11/25 20:55:14.967] - eth_getBlockByNumber
[2021/11/25 20:55:14.969] - eth_blockNumber
[2021/11/25 20:55:14.976] - eth_getTransactionReceipt
[2021/11/25 20:55:15.003] - eth_getBlockByHash
[2021/11/25 20:55:15.231] - eth_getBalance
[2021/11/25 20:55:15.304] - eth_getTransactionCount
[2021/11/25 20:55:15.503] - eth_getBalance
[2021/11/25 20:55:15.607] - eth_getTransactionCount
[2021/11/25 20:55:15.699] - eth_getBalance
[2021/11/25 20:55:15.773] - eth_getTransactionCount
[2021/11/25 20:55:15.904] - eth_getBalance
[2021/11/25 20:55:16.011] - eth_getTransactionCount
[2021/11/25 20:55:16.099] - eth_getBalance
[2021/11/25 20:55:16.207] - eth_getTransactionCount
[2021/11/25 20:55:16.389] - eth_getBalance
[2021/11/25 20:55:16.529] - eth_getTransactionCount
[2021/11/25 20:55:16.597] - eth_getBalance
[2021/11/25 20:55:16.665] - eth_getTransactionCount
[2021/11/25 20:55:16.734] - eth_getBalance
[2021/11/25 20:55:16.853] - eth_getTransactionCount
[2021/11/25 20:55:16.969] - eth_getBalance
[2021/11/25 20:55:17.041] - eth_getTransactionCount
[2021/11/25 20:55:17.108] - eth_getBalance
[2021/11/25 20:55:17.219] - eth_getTransactionCount
[2021/11/25 20:59:21.437] - eth_blockNumber
[2021/11/25 20:59:21.457] - eth_gasPrice
[2021/11/25 20:59:21.460] - eth_getBlockByNumber
[2021/11/25 20:59:21.503] - eth_getCode
[2021/11/25 20:59:21.581] - eth_estimateGas
[2021/11/25 20:59:23.390] - eth_blockNumber
[2021/11/25 20:59:23.439] - eth_getBalance
[2021/11/25 20:59:23.443] - eth_getBalance
[2021/11/25 20:59:23.448] - eth_getBalance
[2021/11/25 20:59:24.687] - eth_getTransactionCount
[2021/11/25 20:59:26.330] - eth_sendRawTransaction
[2021/11/25 20:59:26.748] - 
[2021/11/25 20:59:26.749] -   Transaction: 0xc6ab69be17f42fc50bde657ee07ab2b41699f5c03b8cf660a805655821f257d7
[2021/11/25 20:59:26.750] -   Gas usage: 167965
[2021/11/25 20:59:26.751] -   Block Number: 28
[2021/11/25 20:59:26.752] -   Block Time: Thu Nov 25 2021 20:59:26 GMT+0200 (Χειμερινή ώρα Ανατολικής Ευρώπης)
[2021/11/25 20:59:26.753] - 
[2021/11/25 20:59:26.759] - eth_getBlockByNumber
[2021/11/25 20:59:26.791] - eth_getTransactionReceipt
[2021/11/25 20:59:26.806] - eth_blockNumber
[2021/11/25 20:59:26.822] - eth_getTransactionReceipt
[2021/11/25 20:59:26.843] - eth_getBlockByHash
[2021/11/25 20:59:27.288] - eth_getBalance
[2021/11/25 20:59:27.388] - eth_getTransactionCount
[2021/11/25 20:59:27.485] - eth_getBalance
[2021/11/25 20:59:27.586] - eth_getTransactionCount
[2021/11/25 20:59:27.652] - eth_getBalance
[2021/11/25 20:59:27.742] - eth_getTransactionCount
[2021/11/25 20:59:27.831] - eth_getBalance
[2021/11/25 20:59:27.918] - eth_getTransactionCount
[2021/11/25 20:59:28.088] - eth_getBalance
[2021/11/25 20:59:28.166] - eth_getTransactionCount
[2021/11/25 20:59:28.241] - eth_getBalance
[2021/11/25 20:59:28.305] - eth_getTransactionCount
[2021/11/25 20:59:28.361] - eth_getBalance
[2021/11/25 20:59:28.516] - eth_getTransactionCount
[2021/11/25 20:59:28.585] - eth_getBalance
[2021/11/25 20:59:28.680] - eth_getTransactionCount
[2021/11/25 20:59:28.768] - eth_getBalance
[2021/11/25 20:59:28.832] - eth_getTransactionCount
[2021/11/25 20:59:28.966] - eth_getBalance
[2021/11/25 20:59:29.093] - eth_getTransactionCount
[2021/11/25 21:09:15.094] - eth_blockNumber
[2021/11/25 21:09:15.116] - eth_gasPrice
[2021/11/25 21:09:15.120] - eth_getBlockByNumber
[2021/11/25 21:09:15.178] - eth_getCode
[2021/11/25 21:09:15.219] - eth_estimateGas
[2021/11/25 21:09:16.923] - eth_blockNumber
[2021/11/25 21:09:16.987] - eth_getBalance
[2021/11/25 21:09:16.992] - eth_getBalance
[2021/11/25 21:09:16.993] - eth_getBalance
[2021/11/25 21:09:17.866] - eth_getTransactionCount
[2021/11/25 21:09:20.735] - eth_sendRawTransaction
[2021/11/25 21:09:21.164] - 
[2021/11/25 21:09:21.165] -   Transaction: 0xd1dd3f8d75678fa3558425a2e02f5bc9699da93c02fd1f42ee1fb6fe1096a98c
[2021/11/25 21:09:21.166] -   Gas usage: 167965
[2021/11/25 21:09:21.167] -   Block Number: 29
[2021/11/25 21:09:21.168] -   Block Time: Thu Nov 25 2021 21:09:20 GMT+0200 (Χειμερινή ώρα Ανατολικής Ευρώπης)
[2021/11/25 21:09:21.173] - 
[2021/11/25 21:09:21.197] - eth_getBlockByNumber
[2021/11/25 21:09:21.308] - eth_blockNumber
[2021/11/25 21:09:21.336] - eth_getTransactionReceipt
[2021/11/25 21:09:21.368] - eth_getBlockByHash
[2021/11/25 21:09:21.682] - eth_getBalance
[2021/11/25 21:09:21.792] - eth_getTransactionCount
[2021/11/25 21:09:21.914] - eth_getBalance
[2021/11/25 21:09:22.065] - eth_getTransactionCount
[2021/11/25 21:09:22.181] - eth_getBalance
[2021/11/25 21:09:22.316] - eth_getTransactionCount
[2021/11/25 21:09:22.455] - eth_getBalance
[2021/11/25 21:09:22.654] - eth_getTransactionCount
[2021/11/25 21:09:22.895] - eth_getBalance
[2021/11/25 21:09:22.954] - eth_getTransactionCount
[2021/11/25 21:09:23.099] - eth_getBalance
[2021/11/25 21:09:23.224] - eth_getTransactionCount
[2021/11/25 21:09:23.386] - eth_getBalance
[2021/11/25 21:09:23.474] - eth_getTransactionCount
[2021/11/25 21:09:23.567] - eth_getBalance
[2021/11/25 21:09:23.643] - eth_getTransactionCount
[2021/11/25 21:09:23.837] - eth_getBalance
[2021/11/25 21:09:23.939] - eth_getTransactionCount
[2021/11/25 21:09:24.010] - eth_getBalance
[2021/11/25 21:09:24.096] - eth_getTransactionCount
[2021/11/25 21:11:30.449] - eth_blockNumber
[2021/11/25 21:11:30.471] - eth_gasPrice
[2021/11/25 21:11:30.476] - eth_getBlockByNumber
[2021/11/25 21:11:30.526] - eth_getCode
[2021/11/25 21:11:30.577] - eth_estimateGas
[2021/11/25 21:11:32.500] - eth_blockNumber
[2021/11/25 21:11:32.546] - eth_getBalance
[2021/11/25 21:11:32.551] - eth_getBalance
[2021/11/25 21:11:32.554] - eth_getBalance
[2021/11/25 21:11:33.312] - eth_getTransactionCount
[2021/11/25 21:11:38.514] - eth_sendRawTransaction
[2021/11/25 21:11:39.058] - 
[2021/11/25 21:11:39.059] -   Transaction: 0x68ab67abf1750727d54d9315b29b8d15a0760a3b0f34eff19a11e09b4249c95c
[2021/11/25 21:11:39.060] -   Gas usage: 167965
[2021/11/25 21:11:39.061] -   Block Number: 30
[2021/11/25 21:11:39.062] -   Block Time: Thu Nov 25 2021 21:11:38 GMT+0200 (Χειμερινή ώρα Ανατολικής Ευρώπης)
[2021/11/25 21:11:39.063] - 
[2021/11/25 21:11:39.066] - eth_getBlockByNumber
[2021/11/25 21:11:39.116] - eth_blockNumber
[2021/11/25 21:11:39.155] - eth_getTransactionReceipt
[2021/11/25 21:11:39.217] - eth_getBlockByHash
[2021/11/25 21:11:40.221] - eth_getBalance
[2021/11/25 21:11:40.291] - eth_getTransactionCount
[2021/11/25 21:11:40.359] - eth_getBalance
[2021/11/25 21:11:40.452] - eth_getTransactionCount
[2021/11/25 21:11:40.597] - eth_getBalance
[2021/11/25 21:11:40.655] - eth_getTransactionCount
[2021/11/25 21:11:40.736] - eth_getBalance
[2021/11/25 21:11:40.830] - eth_getTransactionCount
[2021/11/25 21:11:40.945] - eth_getBalance
[2021/11/25 21:11:41.069] - eth_getTransactionCount
[2021/11/25 21:11:41.138] - eth_getBalance
[2021/11/25 21:11:41.196] - eth_getTransactionCount
[2021/11/25 21:11:41.256] - eth_getBalance
[2021/11/25 21:11:41.391] - eth_getTransactionCount
[2021/11/25 21:11:41.480] - eth_getBalance
[2021/11/25 21:11:41.584] - eth_getTransactionCount
[2021/11/25 21:11:41.646] - eth_getBalance
[2021/11/25 21:11:41.772] - eth_getTransactionCount
[2021/11/25 21:11:41.869] - eth_getBalance
[2021/11/25 21:11:41.947] - eth_getTransactionCount
[2021/11/25 21:24:27.140] - eth_blockNumber
[2021/11/25 21:24:27.167] - eth_gasPrice
[2021/11/25 21:24:27.174] - eth_getBlockByNumber
[2021/11/25 21:24:27.221] - eth_getCode
[2021/11/25 21:24:27.268] - eth_estimateGas
[2021/11/25 21:24:29.311] - eth_blockNumber
[2021/11/25 21:24:29.356] - eth_getBalance
[2021/11/25 21:24:29.364] - eth_getBalance
[2021/11/25 21:24:29.366] - eth_getBalance
[2021/11/25 21:24:30.060] - eth_getTransactionCount
[2021/11/25 21:24:31.862] - eth_sendRawTransaction
[2021/11/25 21:24:32.295] - 
[2021/11/25 21:24:32.296] -   Transaction: 0xb8335821de4141c079c4b12901b5fdc7392890ddc67dc2567497e891b3241f3b
[2021/11/25 21:24:32.297] -   Gas usage: 167965
[2021/11/25 21:24:32.298] -   Block Number: 31
[2021/11/25 21:24:32.299] -   Block Time: Thu Nov 25 2021 21:24:31 GMT+0200 (Χειμερινή ώρα Ανατολικής Ευρώπης)
[2021/11/25 21:24:32.300] - 
[2021/11/25 21:24:32.304] - eth_getBlockByNumber
[2021/11/25 21:24:32.335] - eth_blockNumber
[2021/11/25 21:24:32.351] - eth_getTransactionReceipt
[2021/11/25 21:24:32.375] - eth_getBlockByHash
[2021/11/25 21:24:33.307] - eth_getBalance
[2021/11/25 21:24:33.383] - eth_getTransactionCount
[2021/11/25 21:24:33.522] - eth_getBalance
[2021/11/25 21:24:33.651] - eth_getTransactionCount
[2021/11/25 21:24:33.719] - eth_getBalance
[2021/11/25 21:24:33.780] - eth_getTransactionCount
[2021/11/25 21:24:33.941] - eth_getBalance
[2021/11/25 21:24:34.070] - eth_getTransactionCount
[2021/11/25 21:24:34.199] - eth_getBalance
[2021/11/25 21:24:34.261] - eth_getTransactionCount
[2021/11/25 21:24:34.431] - eth_getBalance
[2021/11/25 21:24:34.579] - eth_getTransactionCount
[2021/11/25 21:24:34.680] - eth_getBalance
[2021/11/25 21:24:34.746] - eth_getTransactionCount
[2021/11/25 21:24:34.801] - eth_getBalance
[2021/11/25 21:24:34.892] - eth_getTransactionCount
[2021/11/25 21:24:34.982] - eth_getBalance
[2021/11/25 21:24:35.038] - eth_getTransactionCount
[2021/11/25 21:24:35.092] - eth_getBalance
[2021/11/25 21:24:35.156] - eth_getTransactionCount
[2021/11/25 22:06:06.248] - eth_unsubscribe
[2021/11/25 22:06:06.250] - eth_unsubscribe
