[2021/12/10 17:32:26.775] - Starting server with initial configuration: {"gasLimit":6721975,"gasPrice":20000000000,"hardfork":"muirGlacier","hostname":"127.0.0.1","port":8545,"network_id":4777,"default_balance_ether":100,"total_accounts":10,"unlocked_accounts":[],"locked":false,"vmErrorsOnRPCResponse":true,"verbose":false,"db_path":"C:\\Users\\Theo\\AppData\\Roaming\\Ganache\\workspaces\\grieving-sidewalk\\chaindata","logDirectory":"C:\\Users\\Theo\\Documents\\GitHub\\Bachelor_Dissertation_2021_2022\\server\\logs\\ganache"}
[2021/12/10 17:32:26.917] - eth_blockNumber
[2021/12/10 17:32:26.936] - eth_estimateGas
[2021/12/10 17:32:27.228] - eth_getCode
[2021/12/10 17:32:27.230] - eth_subscribe
[2021/12/10 17:32:27.232] - eth_getLogs
[2021/12/10 17:32:27.234] - eth_subscribe
[2021/12/10 17:32:27.890] - eth_getCode
[2021/12/10 17:32:27.893] - eth_subscribe
[2021/12/10 17:32:27.895] - eth_getLogs
[2021/12/10 17:32:27.897] - eth_subscribe
[2021/12/10 17:32:28.240] - eth_getCode
[2021/12/10 17:32:28.301] - eth_getCode
[2021/12/10 17:32:29.328] - eth_blockNumber
[2021/12/10 17:32:29.329] - eth_accounts
[2021/12/10 17:32:29.330] - eth_blockNumber
[2021/12/10 17:32:29.331] - eth_gasPrice
[2021/12/10 17:32:29.332] - eth_accounts
[2021/12/10 17:32:29.334] - eth_getBlockByNumber
[2021/12/10 17:32:29.335] - eth_gasPrice
[2021/12/10 17:32:29.336] - eth_subscribe
[2021/12/10 17:32:29.337] - eth_getBlockByNumber
[2021/12/10 17:32:29.338] - eth_subscribe
[2021/12/10 17:32:29.516] - eth_accounts
[2021/12/10 17:32:29.970] - eth_getBalance
[2021/12/10 17:32:30.007] - eth_getTransactionCount
[2021/12/10 17:32:30.054] - eth_getBalance
[2021/12/10 17:32:30.095] - eth_getTransactionCount
[2021/12/10 17:32:30.147] - eth_getBalance
[2021/12/10 17:32:30.196] - eth_getTransactionCount
[2021/12/10 17:32:30.234] - eth_getBalance
[2021/12/10 17:32:30.279] - eth_getTransactionCount
[2021/12/10 17:32:30.325] - eth_getBalance
[2021/12/10 17:32:30.373] - eth_getTransactionCount
[2021/12/10 17:32:30.415] - eth_getBalance
[2021/12/10 17:32:30.459] - eth_getTransactionCount
[2021/12/10 17:32:30.498] - eth_getBalance
[2021/12/10 17:32:30.541] - eth_getTransactionCount
[2021/12/10 17:32:30.587] - eth_getBalance
[2021/12/10 17:32:30.633] - eth_getTransactionCount
[2021/12/10 17:32:30.678] - eth_getBalance
[2021/12/10 17:32:30.723] - eth_getTransactionCount
[2021/12/10 17:32:30.758] - eth_getBalance
[2021/12/10 17:32:30.803] - eth_getTransactionCount
[2021/12/10 17:32:30.933] - eth_getBalance
[2021/12/10 17:32:30.973] - eth_getTransactionCount
[2021/12/10 17:32:31.016] - eth_getBalance
[2021/12/10 17:32:31.061] - eth_getTransactionCount
[2021/12/10 17:32:31.099] - eth_getBalance
[2021/12/10 17:32:31.153] - eth_getTransactionCount
[2021/12/10 17:32:31.198] - eth_getBalance
[2021/12/10 17:32:31.235] - eth_getTransactionCount
[2021/12/10 17:32:31.281] - eth_getBalance
[2021/12/10 17:32:31.328] - eth_getTransactionCount
[2021/12/10 17:32:31.370] - eth_getBalance
[2021/12/10 17:32:31.422] - eth_getTransactionCount
[2021/12/10 17:32:31.460] - eth_getBalance
[2021/12/10 17:32:31.502] - eth_getTransactionCount
[2021/12/10 17:32:31.545] - eth_getBalance
[2021/12/10 17:32:31.582] - eth_getTransactionCount
[2021/12/10 17:32:31.628] - eth_getBalance
[2021/12/10 17:32:31.677] - eth_getTransactionCount
[2021/12/10 17:32:31.713] - eth_getBalance
[2021/12/10 17:32:31.757] - eth_getTransactionCount
[2021/12/10 17:32:31.801] - eth_getBalance
[2021/12/10 17:32:31.838] - eth_getTransactionCount
[2021/12/10 17:32:31.887] - eth_getBalance
[2021/12/10 17:32:31.933] - eth_getTransactionCount
[2021/12/10 17:32:31.969] - eth_getBalance
[2021/12/10 17:32:32.048] - eth_getTransactionCount
[2021/12/10 17:32:32.085] - eth_getBalance
[2021/12/10 17:32:32.128] - eth_getTransactionCount
[2021/12/10 17:32:32.178] - eth_getBalance
[2021/12/10 17:32:32.216] - eth_getTransactionCount
[2021/12/10 17:32:32.263] - eth_getBalance
[2021/12/10 17:32:32.314] - eth_getTransactionCount
[2021/12/10 17:32:32.350] - eth_getBalance
[2021/12/10 17:32:32.400] - eth_getTransactionCount
[2021/12/10 17:32:32.438] - eth_getBalance
[2021/12/10 17:32:32.484] - eth_getTransactionCount
[2021/12/10 17:32:32.528] - eth_getBalance
[2021/12/10 17:32:32.566] - eth_getTransactionCount
[2021/12/10 17:32:32.608] - eth_getBalance
[2021/12/10 17:32:32.659] - eth_getTransactionCount
[2021/12/10 17:32:33.282] - eth_getBalance
[2021/12/10 17:32:33.321] - eth_getTransactionCount
[2021/12/10 17:32:33.367] - eth_getBalance
[2021/12/10 17:32:33.421] - eth_getTransactionCount
[2021/12/10 17:32:33.457] - eth_getBalance
[2021/12/10 17:32:33.503] - eth_getTransactionCount
[2021/12/10 17:32:33.548] - eth_getBalance
[2021/12/10 17:32:33.584] - eth_getTransactionCount
[2021/12/10 17:32:33.627] - eth_getBalance
[2021/12/10 17:32:33.672] - eth_getTransactionCount
[2021/12/10 17:32:33.714] - eth_getBalance
[2021/12/10 17:32:33.756] - eth_getTransactionCount
[2021/12/10 17:32:33.793] - eth_getBalance
[2021/12/10 17:32:33.835] - eth_getTransactionCount
[2021/12/10 17:32:33.877] - eth_getBalance
[2021/12/10 17:32:33.921] - eth_getTransactionCount
[2021/12/10 17:32:33.964] - eth_getBalance
[2021/12/10 17:32:34.009] - eth_getTransactionCount
[2021/12/10 17:32:34.044] - eth_getBalance
[2021/12/10 17:32:34.088] - eth_getTransactionCount
[2021/12/10 17:34:18.770] - eth_blockNumber
[2021/12/10 17:34:18.852] - eth_getBlockByNumber
[2021/12/10 17:34:20.325] - eth_blockNumber
[2021/12/10 17:34:20.333] - net_version
[2021/12/10 17:34:20.356] - eth_getBlockByNumber
[2021/12/10 17:34:30.044] - eth_blockNumber
[2021/12/10 17:34:30.055] - eth_getBalance
[2021/12/10 17:34:30.080] - eth_getBalance
[2021/12/10 17:34:30.082] - eth_getBalance
[2021/12/10 17:34:44.442] - eth_estimateGas
[2021/12/10 17:34:45.294] - eth_gasPrice
[2021/12/10 17:34:45.389] - eth_getCode
[2021/12/10 17:34:45.438] - eth_estimateGas
[2021/12/10 17:34:47.148] - eth_blockNumber
[2021/12/10 17:34:47.760] - eth_getTransactionCount
[2021/12/10 17:34:52.033] - eth_sendRawTransaction
[2021/12/10 17:34:52.505] - 
[2021/12/10 17:34:52.507] -   Transaction: 0x257a156f90352965c8bdb6881f068b66df9d093726062b967b2d179407dae740
[2021/12/10 17:34:52.512] -   Gas usage: 167965
[2021/12/10 17:34:52.513] -   Block Number: 44
[2021/12/10 17:34:52.524] -   Block Time: Fri Dec 10 2021 17:34:52 GMT+0200 (Χειμερινή ώρα Ανατολικής Ευρώπης)
[2021/12/10 17:34:52.525] - 
[2021/12/10 17:34:52.537] - eth_getBlockByNumber
[2021/12/10 17:34:52.538] - eth_blockNumber
[2021/12/10 17:34:52.539] - eth_getTransactionReceipt
[2021/12/10 17:34:52.589] - eth_getBlockByHash
[2021/12/10 17:34:52.627] - eth_getBalance
[2021/12/10 17:34:52.720] - eth_getTransactionCount
[2021/12/10 17:34:52.782] - eth_getBalance
[2021/12/10 17:34:52.825] - eth_getTransactionCount
[2021/12/10 17:34:52.881] - eth_getBalance
[2021/12/10 17:34:52.958] - eth_getTransactionCount
[2021/12/10 17:34:53.023] - eth_getBalance
[2021/12/10 17:34:53.120] - eth_getTransactionCount
[2021/12/10 17:34:53.181] - eth_getBalance
[2021/12/10 17:34:53.255] - eth_getTransactionCount
[2021/12/10 17:34:53.302] - eth_getBalance
[2021/12/10 17:34:53.362] - eth_getTransactionCount
[2021/12/10 17:34:53.423] - eth_getBalance
[2021/12/10 17:34:53.474] - eth_getTransactionCount
[2021/12/10 17:34:53.523] - eth_getBalance
[2021/12/10 17:34:53.579] - eth_getTransactionCount
[2021/12/10 17:34:53.623] - eth_getBalance
[2021/12/10 17:34:53.698] - eth_getTransactionCount
[2021/12/10 17:34:53.761] - eth_getBalance
[2021/12/10 17:34:53.816] - eth_getTransactionCount
[2021/12/10 17:35:06.334] - eth_estimateGas
[2021/12/10 17:35:07.254] - eth_getBlockByNumber
[2021/12/10 17:35:07.261] - eth_gasPrice
[2021/12/10 17:35:07.308] - eth_getCode
[2021/12/10 17:35:07.353] - eth_estimateGas
[2021/12/10 17:35:08.882] - eth_blockNumber
[2021/12/10 17:35:08.935] - eth_getBalance
[2021/12/10 17:35:08.937] - eth_getBalance
[2021/12/10 17:35:08.944] - eth_getBalance
[2021/12/10 17:35:09.629] - eth_getTransactionCount
[2021/12/10 17:35:12.690] - eth_blockNumber
[2021/12/10 17:35:13.207] - eth_sendRawTransaction
[2021/12/10 17:35:13.653] - 
[2021/12/10 17:35:13.657] -   Transaction: 0xe42c18395d000ec2c7a7e4138362f0724ced1d558032c4ce53a1a432a46be055
[2021/12/10 17:35:13.659] -   Gas usage: 167965
[2021/12/10 17:35:13.662] -   Block Number: 45
[2021/12/10 17:35:13.664] -   Block Time: Fri Dec 10 2021 17:35:13 GMT+0200 (Χειμερινή ώρα Ανατολικής Ευρώπης)
[2021/12/10 17:35:13.666] - 
[2021/12/10 17:35:13.675] - eth_getBlockByNumber
[2021/12/10 17:35:13.683] - eth_blockNumber
[2021/12/10 17:35:13.687] - eth_getTransactionReceipt
[2021/12/10 17:35:13.741] - eth_getBlockByHash
[2021/12/10 17:35:13.764] - eth_getBalance
[2021/12/10 17:35:13.830] - eth_getTransactionCount
[2021/12/10 17:35:13.899] - eth_getBalance
[2021/12/10 17:35:13.941] - eth_getTransactionCount
[2021/12/10 17:35:13.995] - eth_getBalance
[2021/12/10 17:35:14.053] - eth_getTransactionCount
[2021/12/10 17:35:14.110] - eth_getBalance
[2021/12/10 17:35:14.197] - eth_getTransactionCount
[2021/12/10 17:35:14.274] - eth_getBalance
[2021/12/10 17:35:14.335] - eth_getTransactionCount
[2021/12/10 17:35:14.397] - eth_getBalance
[2021/12/10 17:35:14.436] - eth_getTransactionCount
[2021/12/10 17:35:14.481] - eth_getBalance
[2021/12/10 17:35:14.529] - eth_getTransactionCount
[2021/12/10 17:35:14.571] - eth_getBalance
[2021/12/10 17:35:14.648] - eth_getTransactionCount
[2021/12/10 17:35:14.706] - eth_getBalance
[2021/12/10 17:35:14.756] - eth_getTransactionCount
[2021/12/10 17:35:14.804] - eth_getBalance
[2021/12/10 17:35:14.845] - eth_getTransactionCount
[2021/12/10 17:35:28.025] - eth_estimateGas
[2021/12/10 17:35:28.741] - eth_getBlockByNumber
[2021/12/10 17:35:28.747] - eth_gasPrice
[2021/12/10 17:35:28.784] - eth_getCode
[2021/12/10 17:35:28.833] - eth_estimateGas
[2021/12/10 17:35:30.111] - eth_blockNumber
[2021/12/10 17:35:30.178] - eth_getBalance
[2021/12/10 17:35:30.188] - eth_getBalance
[2021/12/10 17:35:30.190] - eth_getBalance
[2021/12/10 17:35:30.837] - eth_getTransactionCount
[2021/12/10 17:35:32.720] - eth_sendRawTransaction
[2021/12/10 17:35:33.094] - 
[2021/12/10 17:35:33.095] -   Transaction: 0xf4c562f8a719d31c327857751c7300c05a0d7fe5d0a145172a97dea7e9356087
[2021/12/10 17:35:33.096] -   Gas usage: 167965
[2021/12/10 17:35:33.101] -   Block Number: 46
[2021/12/10 17:35:33.104] -   Block Time: Fri Dec 10 2021 17:35:32 GMT+0200 (Χειμερινή ώρα Ανατολικής Ευρώπης)
[2021/12/10 17:35:33.105] - 
[2021/12/10 17:35:33.119] - eth_getBlockByNumber
[2021/12/10 17:35:33.121] - eth_blockNumber
[2021/12/10 17:35:33.137] - eth_getTransactionReceipt
[2021/12/10 17:35:33.179] - eth_getBlockByHash
[2021/12/10 17:35:33.218] - eth_getBalance
[2021/12/10 17:35:33.284] - eth_getTransactionCount
[2021/12/10 17:35:33.343] - eth_getBalance
[2021/12/10 17:35:33.394] - eth_getTransactionCount
[2021/12/10 17:35:33.453] - eth_getBalance
[2021/12/10 17:35:33.491] - eth_getTransactionCount
[2021/12/10 17:35:33.546] - eth_getBalance
[2021/12/10 17:35:33.586] - eth_getTransactionCount
[2021/12/10 17:35:33.632] - eth_getBalance
[2021/12/10 17:35:33.678] - eth_getTransactionCount
[2021/12/10 17:35:33.721] - eth_getBalance
[2021/12/10 17:35:33.808] - eth_getTransactionCount
[2021/12/10 17:35:33.848] - eth_getBalance
[2021/12/10 17:35:33.890] - eth_getTransactionCount
[2021/12/10 17:35:33.941] - eth_getBalance
[2021/12/10 17:35:33.981] - eth_getTransactionCount
[2021/12/10 17:35:34.024] - eth_getBalance
[2021/12/10 17:35:34.087] - eth_getTransactionCount
[2021/12/10 17:35:34.130] - eth_getBalance
[2021/12/10 17:35:34.175] - eth_getTransactionCount
[2021/12/10 19:18:43.291] - eth_unsubscribe
[2021/12/10 19:18:43.301] - eth_unsubscribe
