[2021/12/07 18:55:55.398] - Starting server with initial configuration: {"gasLimit":6721975,"gasPrice":20000000000,"hardfork":"muirGlacier","hostname":"127.0.0.1","port":8545,"network_id":4777,"default_balance_ether":100,"total_accounts":10,"unlocked_accounts":[],"locked":false,"vmErrorsOnRPCResponse":true,"verbose":false,"db_path":"C:\\Users\\Theo\\AppData\\Roaming\\Ganache\\workspaces\\grieving-sidewalk\\chaindata","logDirectory":"C:\\Users\\Theo\\Documents\\GitHub\\Bachelor_Dissertation_2021_2022\\server\\logs\\ganache"}
[2021/12/07 18:55:55.909] - eth_getCode
[2021/12/07 18:55:55.931] - eth_subscribe
[2021/12/07 18:55:55.933] - eth_getLogs
[2021/12/07 18:55:55.935] - eth_subscribe
[2021/12/07 18:55:56.008] - eth_getCode
[2021/12/07 18:55:56.577] - eth_getCode
[2021/12/07 18:55:56.579] - eth_subscribe
[2021/12/07 18:55:56.580] - eth_getLogs
[2021/12/07 18:55:56.585] - eth_subscribe
[2021/12/07 18:55:56.602] - eth_getCode
[2021/12/07 18:55:57.274] - eth_blockNumber
[2021/12/07 18:55:57.966] - eth_blockNumber
[2021/12/07 18:55:57.968] - eth_accounts
[2021/12/07 18:55:57.969] - eth_gasPrice
[2021/12/07 18:55:57.970] - eth_getBlockByNumber
[2021/12/07 18:55:57.971] - eth_subscribe
[2021/12/07 18:55:57.987] - eth_blockNumber
[2021/12/07 18:55:57.988] - eth_accounts
[2021/12/07 18:55:57.993] - eth_gasPrice
[2021/12/07 18:55:57.994] - eth_getBlockByNumber
[2021/12/07 18:55:58.350] - eth_getBalance
[2021/12/07 18:55:58.401] - eth_getTransactionCount
[2021/12/07 18:55:58.445] - eth_getBalance
[2021/12/07 18:55:58.501] - eth_getTransactionCount
[2021/12/07 18:55:58.559] - eth_getBalance
[2021/12/07 18:55:58.602] - eth_getTransactionCount
[2021/12/07 18:55:58.653] - eth_getBalance
[2021/12/07 18:55:58.698] - eth_getTransactionCount
[2021/12/07 18:55:58.748] - eth_getBalance
[2021/12/07 18:55:58.817] - eth_getTransactionCount
[2021/12/07 18:55:58.857] - eth_getBalance
[2021/12/07 18:55:58.903] - eth_getTransactionCount
[2021/12/07 18:55:58.955] - eth_getBalance
[2021/12/07 18:55:59.001] - eth_getTransactionCount
[2021/12/07 18:55:59.058] - eth_getBalance
[2021/12/07 18:55:59.107] - eth_getTransactionCount
[2021/12/07 18:55:59.146] - eth_getBalance
[2021/12/07 18:55:59.196] - eth_getTransactionCount
[2021/12/07 18:55:59.242] - eth_getBalance
[2021/12/07 18:55:59.291] - eth_getTransactionCount
[2021/12/07 18:55:59.341] - eth_getBalance
[2021/12/07 18:55:59.389] - eth_getTransactionCount
[2021/12/07 18:55:59.428] - eth_getBalance
[2021/12/07 18:55:59.474] - eth_getTransactionCount
[2021/12/07 18:55:59.513] - eth_getBalance
[2021/12/07 18:55:59.565] - eth_getTransactionCount
[2021/12/07 18:55:59.613] - eth_getBalance
[2021/12/07 18:55:59.655] - eth_getTransactionCount
[2021/12/07 18:55:59.705] - eth_getBalance
[2021/12/07 18:55:59.754] - eth_getTransactionCount
[2021/12/07 18:55:59.803] - eth_getBalance
[2021/12/07 18:55:59.851] - eth_getTransactionCount
[2021/12/07 18:55:59.899] - eth_getBalance
[2021/12/07 18:55:59.941] - eth_getTransactionCount
[2021/12/07 18:55:59.989] - eth_getBalance
[2021/12/07 18:56:00.051] - eth_getTransactionCount
[2021/12/07 18:56:00.098] - eth_getBalance
[2021/12/07 18:56:00.145] - eth_getTransactionCount
[2021/12/07 18:56:00.184] - eth_getBalance
[2021/12/07 18:56:00.229] - eth_getTransactionCount
[2021/12/07 18:56:00.230] - eth_subscribe
[2021/12/07 18:56:00.955] - eth_getBalance
[2021/12/07 18:56:01.005] - eth_getTransactionCount
[2021/12/07 18:56:01.042] - eth_getBalance
[2021/12/07 18:56:01.097] - eth_getTransactionCount
[2021/12/07 18:56:01.139] - eth_getBalance
[2021/12/07 18:56:01.190] - eth_getTransactionCount
[2021/12/07 18:56:01.241] - eth_getBalance
[2021/12/07 18:56:01.280] - eth_getTransactionCount
[2021/12/07 18:56:01.326] - eth_getBalance
[2021/12/07 18:56:01.404] - eth_getTransactionCount
[2021/12/07 18:56:01.445] - eth_getBalance
[2021/12/07 18:56:01.497] - eth_getTransactionCount
[2021/12/07 18:56:01.546] - eth_getBalance
[2021/12/07 18:56:01.587] - eth_getTransactionCount
[2021/12/07 18:56:01.650] - eth_getBalance
[2021/12/07 18:56:01.699] - eth_getTransactionCount
[2021/12/07 18:56:01.737] - eth_getBalance
[2021/12/07 18:56:01.784] - eth_getTransactionCount
[2021/12/07 18:56:01.822] - eth_getBalance
[2021/12/07 18:56:01.878] - eth_getTransactionCount
[2021/12/07 18:56:01.924] - eth_getBalance
[2021/12/07 18:56:01.966] - eth_getTransactionCount
[2021/12/07 18:56:02.019] - eth_getBalance
[2021/12/07 18:56:02.074] - eth_getTransactionCount
[2021/12/07 18:56:02.124] - eth_getBalance
[2021/12/07 18:56:02.172] - eth_getTransactionCount
[2021/12/07 18:56:02.219] - eth_getBalance
[2021/12/07 18:56:02.258] - eth_getTransactionCount
[2021/12/07 18:56:02.308] - eth_getBalance
[2021/12/07 18:56:02.366] - eth_getTransactionCount
[2021/12/07 18:56:02.413] - eth_getBalance
[2021/12/07 18:56:02.463] - eth_getTransactionCount
[2021/12/07 18:56:02.513] - eth_getBalance
[2021/12/07 18:56:02.556] - eth_getTransactionCount
[2021/12/07 18:56:02.599] - eth_getBalance
[2021/12/07 18:56:02.650] - eth_getTransactionCount
[2021/12/07 18:56:02.694] - eth_getBalance
[2021/12/07 18:56:02.738] - eth_getTransactionCount
[2021/12/07 18:56:02.776] - eth_getBalance
[2021/12/07 18:56:02.821] - eth_getTransactionCount
[2021/12/07 18:56:52.408] - eth_blockNumber
[2021/12/07 18:56:52.499] - eth_getBlockByNumber
[2021/12/07 18:56:55.901] - eth_blockNumber
[2021/12/07 18:56:55.910] - net_version
[2021/12/07 18:56:55.940] - eth_getBlockByNumber
[2021/12/07 18:57:06.201] - eth_blockNumber
[2021/12/07 18:57:06.206] - eth_getBalance
[2021/12/07 18:57:06.208] - eth_getBalance
[2021/12/07 18:57:06.217] - eth_getBalance
[2021/12/07 18:57:15.949] - eth_blockNumber
[2021/12/07 18:57:36.698] - eth_gasPrice
[2021/12/07 18:57:36.837] - eth_getCode
[2021/12/07 18:57:36.942] - eth_estimateGas
[2021/12/07 18:57:38.710] - eth_blockNumber
[2021/12/07 18:57:39.558] - eth_getTransactionCount
[2021/12/07 18:57:44.094] - eth_sendRawTransaction
[2021/12/07 18:57:44.646] - 
[2021/12/07 18:57:44.647] -   Transaction: 0x5e94bda9c7654c8dccb6a661863d8ec26857c926ef0e5e0a17f08aafcb55c48f
[2021/12/07 18:57:44.649] -   Gas usage: 167965
[2021/12/07 18:57:44.650] -   Block Number: 38
[2021/12/07 18:57:44.654] -   Block Time: Tue Dec 07 2021 18:57:44 GMT+0200 (Χειμερινή ώρα Ανατολικής Ευρώπης)
[2021/12/07 18:57:44.655] - 
[2021/12/07 18:57:44.664] - eth_getBlockByNumber
[2021/12/07 18:57:44.666] - eth_blockNumber
[2021/12/07 18:57:44.680] - eth_getTransactionReceipt
[2021/12/07 18:57:44.709] - eth_getBlockByHash
[2021/12/07 18:57:44.774] - eth_getBalance
[2021/12/07 18:57:44.850] - eth_getTransactionCount
[2021/12/07 18:57:44.911] - eth_getBalance
[2021/12/07 18:57:44.972] - eth_getTransactionCount
[2021/12/07 18:57:45.018] - eth_getBalance
[2021/12/07 18:57:45.101] - eth_getTransactionCount
[2021/12/07 18:57:45.143] - eth_getBalance
[2021/12/07 18:57:45.189] - eth_getTransactionCount
[2021/12/07 18:57:45.258] - eth_getBalance
[2021/12/07 18:57:45.305] - eth_getTransactionCount
[2021/12/07 18:57:45.370] - eth_getBalance
[2021/12/07 18:57:45.423] - eth_getTransactionCount
[2021/12/07 18:57:45.470] - eth_getBalance
[2021/12/07 18:57:45.520] - eth_getTransactionCount
[2021/12/07 18:57:45.570] - eth_getBalance
[2021/12/07 18:57:45.621] - eth_getTransactionCount
[2021/12/07 18:57:45.674] - eth_getBalance
[2021/12/07 18:57:45.714] - eth_getTransactionCount
[2021/12/07 18:57:45.759] - eth_getBalance
[2021/12/07 18:57:45.849] - eth_getTransactionCount
[2021/12/07 19:01:53.211] - eth_blockNumber
[2021/12/07 19:01:53.225] - eth_gasPrice
[2021/12/07 19:01:53.228] - eth_getBlockByNumber
[2021/12/07 19:01:53.272] - eth_getCode
[2021/12/07 19:01:53.309] - eth_estimateGas
[2021/12/07 19:01:54.731] - eth_blockNumber
[2021/12/07 19:01:54.789] - eth_getBalance
[2021/12/07 19:01:54.791] - eth_getBalance
[2021/12/07 19:01:54.795] - eth_getBalance
[2021/12/07 19:01:55.479] - eth_getTransactionCount
[2021/12/07 19:03:24.660] - eth_blockNumber
[2021/12/07 19:03:24.745] - eth_estimateGas
[2021/12/07 19:03:26.532] - eth_blockNumber
[2021/12/07 19:03:35.467] - eth_sendRawTransaction
[2021/12/07 19:03:35.674] - 
[2021/12/07 19:03:35.679] -   Transaction: 0xdcef2ee97979d76625d5fa89d90f421a08b2e2f0d5c06f7bbd8fc41783ffeb1c
[2021/12/07 19:03:35.682] -   Gas usage: 27007
[2021/12/07 19:03:35.684] -   Block Number: 39
[2021/12/07 19:03:35.685] -   Block Time: Tue Dec 07 2021 19:03:35 GMT+0200 (Χειμερινή ώρα Ανατολικής Ευρώπης)
[2021/12/07 19:03:35.685] -   Runtime Error: revert
[2021/12/07 19:03:35.687] -   Revert reason: This metadataURI already exists.
[2021/12/07 19:03:35.689] - 
[2021/12/07 19:03:35.693] - eth_getBlockByNumber
[2021/12/07 19:03:35.837] - eth_getBalance
[2021/12/07 19:03:35.886] - eth_getTransactionCount
[2021/12/07 19:03:35.942] - eth_getBalance
[2021/12/07 19:03:36.025] - eth_getTransactionCount
[2021/12/07 19:03:36.089] - eth_getBalance
[2021/12/07 19:03:36.149] - eth_getTransactionCount
[2021/12/07 19:03:36.221] - eth_getBalance
[2021/12/07 19:03:36.300] - eth_getTransactionCount
[2021/12/07 19:03:36.404] - eth_getBalance
[2021/12/07 19:03:36.478] - eth_getTransactionCount
[2021/12/07 19:03:36.561] - eth_getBalance
[2021/12/07 19:03:36.640] - eth_getTransactionCount
[2021/12/07 19:03:36.699] - eth_getBalance
[2021/12/07 19:03:36.746] - eth_getTransactionCount
[2021/12/07 19:03:36.806] - eth_getBalance
[2021/12/07 19:03:36.895] - eth_getTransactionCount
[2021/12/07 19:03:36.934] - eth_getBalance
[2021/12/07 19:03:36.982] - eth_getTransactionCount
[2021/12/07 19:03:37.029] - eth_getBalance
[2021/12/07 19:03:37.080] - eth_getTransactionCount
[2021/12/07 19:05:05.906] - eth_blockNumber
[2021/12/07 19:05:05.929] - eth_gasPrice
[2021/12/07 19:05:05.939] - eth_getBlockByNumber
[2021/12/07 19:05:06.000] - eth_getCode
[2021/12/07 19:05:06.036] - eth_estimateGas
[2021/12/07 19:05:07.586] - eth_blockNumber
[2021/12/07 19:05:07.649] - eth_getBalance
[2021/12/07 19:05:07.650] - eth_getBalance
[2021/12/07 19:05:07.656] - eth_getBalance
[2021/12/07 19:05:08.644] - eth_getTransactionCount
[2021/12/07 19:05:25.929] - eth_blockNumber
[2021/12/07 19:05:27.816] - eth_blockNumber
[2021/12/07 19:13:20.083] - eth_blockNumber
[2021/12/07 19:13:20.167] - eth_estimateGas
[2021/12/07 19:13:21.997] - eth_blockNumber
[2021/12/07 19:14:29.075] - eth_blockNumber
[2021/12/07 19:14:29.164] - eth_estimateGas
[2021/12/07 19:14:30.679] - eth_blockNumber
[2021/12/07 19:14:48.495] - eth_estimateGas
[2021/12/07 19:14:49.107] - eth_blockNumber
[2021/12/07 19:14:50.779] - eth_blockNumber
[2021/12/07 19:15:10.209] - eth_estimateGas
[2021/12/07 19:15:11.607] - eth_blockNumber
[2021/12/07 19:15:11.663] - eth_blockNumber
[2021/12/07 19:15:48.437] - eth_blockNumber
[2021/12/07 19:15:48.500] - eth_estimateGas
[2021/12/07 19:15:50.068] - eth_blockNumber
[2021/12/07 19:20:47.307] - eth_blockNumber
[2021/12/07 19:20:47.361] - eth_estimateGas
[2021/12/07 19:20:49.006] - eth_blockNumber
[2021/12/07 19:20:51.233] - eth_sendRawTransaction
[2021/12/07 19:20:51.394] - 
[2021/12/07 19:20:51.395] -   Transaction: 0x9fb81e8b1088976169117eae168c0becffae172fde0c4cb0650daf3abbf729f4
[2021/12/07 19:20:51.396] -   Gas usage: 27007
[2021/12/07 19:20:51.397] -   Block Number: 40
[2021/12/07 19:20:51.405] -   Block Time: Tue Dec 07 2021 19:20:51 GMT+0200 (Χειμερινή ώρα Ανατολικής Ευρώπης)
[2021/12/07 19:20:51.406] -   Runtime Error: revert
[2021/12/07 19:20:51.409] -   Revert reason: This metadataURI already exists.
[2021/12/07 19:20:51.410] - 
[2021/12/07 19:20:51.413] - eth_getBlockByNumber
[2021/12/07 19:20:51.527] - eth_getBalance
[2021/12/07 19:20:51.601] - eth_getTransactionCount
[2021/12/07 19:20:51.650] - eth_getBalance
[2021/12/07 19:20:51.702] - eth_getTransactionCount
[2021/12/07 19:20:51.785] - eth_getBalance
[2021/12/07 19:20:51.841] - eth_getTransactionCount
[2021/12/07 19:20:51.889] - eth_getBalance
[2021/12/07 19:20:51.947] - eth_getTransactionCount
[2021/12/07 19:20:51.991] - eth_getBalance
[2021/12/07 19:20:52.058] - eth_getTransactionCount
[2021/12/07 19:20:52.135] - eth_getBalance
[2021/12/07 19:20:52.192] - eth_getTransactionCount
[2021/12/07 19:20:52.265] - eth_getBalance
[2021/12/07 19:20:52.398] - eth_getTransactionCount
[2021/12/07 19:20:52.497] - eth_getBalance
[2021/12/07 19:20:52.588] - eth_getTransactionCount
[2021/12/07 19:20:52.626] - eth_getBalance
[2021/12/07 19:20:52.673] - eth_getTransactionCount
[2021/12/07 19:20:52.723] - eth_getBalance
[2021/12/07 19:20:52.760] - eth_getTransactionCount
[2021/12/07 19:30:20.308] - eth_blockNumber
[2021/12/07 19:30:20.322] - eth_gasPrice
[2021/12/07 19:30:20.328] - eth_getBlockByNumber
[2021/12/07 19:30:20.329] - eth_getLogs
[2021/12/07 19:30:20.363] - eth_getCode
[2021/12/07 19:30:20.372] - eth_blockNumber
[2021/12/07 19:30:20.397] - eth_estimateGas
[2021/12/07 19:30:21.933] - eth_getBalance
[2021/12/07 19:30:21.939] - eth_getBalance
[2021/12/07 19:30:21.940] - eth_getBalance
[2021/12/07 19:30:22.602] - eth_getTransactionCount
[2021/12/07 19:30:40.339] - eth_blockNumber
[2021/12/07 19:30:40.413] - eth_blockNumber
[2021/12/07 19:31:00.363] - eth_blockNumber
[2021/12/07 19:31:00.440] - eth_blockNumber
[2021/12/07 19:31:20.392] - eth_blockNumber
[2021/12/07 19:31:20.471] - eth_blockNumber
[2021/12/07 19:31:40.425] - eth_blockNumber
[2021/12/07 19:31:40.504] - eth_blockNumber
[2021/12/07 19:32:00.454] - eth_blockNumber
[2021/12/07 19:32:00.544] - eth_blockNumber
[2021/12/07 19:32:20.493] - eth_blockNumber
[2021/12/07 19:32:20.578] - eth_blockNumber
[2021/12/07 19:32:40.523] - eth_blockNumber
[2021/12/07 19:32:40.609] - eth_blockNumber
[2021/12/07 19:33:00.542] - eth_blockNumber
[2021/12/07 19:33:00.628] - eth_blockNumber
[2021/12/07 19:33:20.593] - eth_blockNumber
[2021/12/07 19:33:20.646] - eth_blockNumber
[2021/12/07 19:33:40.618] - eth_blockNumber
[2021/12/07 19:33:40.680] - eth_blockNumber
[2021/12/07 19:34:00.640] - eth_blockNumber
[2021/12/07 19:34:00.704] - eth_blockNumber
[2021/12/07 19:34:20.665] - eth_blockNumber
[2021/12/07 19:34:20.728] - eth_blockNumber
[2021/12/07 19:34:40.698] - eth_blockNumber
[2021/12/07 19:34:40.760] - eth_blockNumber
[2021/12/07 19:35:00.737] - eth_blockNumber
[2021/12/07 19:35:00.793] - eth_blockNumber
[2021/12/07 19:35:20.761] - eth_blockNumber
[2021/12/07 19:35:20.824] - eth_blockNumber
[2021/12/07 19:35:40.793] - eth_blockNumber
[2021/12/07 19:35:40.851] - eth_blockNumber
[2021/12/07 19:36:08.116] - eth_estimateGas
[2021/12/07 19:36:09.591] - eth_blockNumber
[2021/12/07 19:46:14.798] - eth_blockNumber
[2021/12/07 19:46:14.865] - eth_estimateGas
[2021/12/07 19:46:16.470] - eth_blockNumber
[2021/12/07 19:48:32.139] - eth_blockNumber
[2021/12/07 19:48:32.223] - eth_estimateGas
[2021/12/07 19:48:33.831] - eth_blockNumber
[2021/12/07 19:52:35.566] - eth_blockNumber
[2021/12/07 19:52:35.588] - eth_estimateGas
[2021/12/07 19:54:04.572] - eth_blockNumber
[2021/12/07 19:54:04.587] - eth_estimateGas
[2021/12/07 19:54:10.347] - eth_blockNumber
[2021/12/07 20:02:11.076] - eth_blockNumber
[2021/12/07 20:02:11.090] - eth_estimateGas
[2021/12/07 20:03:04.584] - eth_blockNumber
[2021/12/07 20:03:04.600] - eth_estimateGas
[2021/12/07 20:04:02.621] - eth_blockNumber
[2021/12/07 20:04:02.646] - eth_estimateGas
[2021/12/07 20:04:38.898] - eth_blockNumber
[2021/12/07 20:12:53.720] - eth_blockNumber
[2021/12/07 20:12:53.828] - eth_estimateGas
[2021/12/07 20:12:55.321] - eth_blockNumber
[2021/12/07 20:12:59.082] - eth_sendRawTransaction
[2021/12/07 20:12:59.446] - 
[2021/12/07 20:12:59.447] -   Transaction: 0xd32ca0222bb121e646a4149323387bb22ec36254fcd8b6afc7517a4867895c1e
[2021/12/07 20:12:59.448] -   Gas usage: 167965
[2021/12/07 20:12:59.451] -   Block Number: 41
[2021/12/07 20:12:59.452] -   Block Time: Tue Dec 07 2021 20:12:59 GMT+0200 (Χειμερινή ώρα Ανατολικής Ευρώπης)
[2021/12/07 20:12:59.453] - 
[2021/12/07 20:12:59.454] - eth_getBlockByNumber
[2021/12/07 20:12:59.526] - eth_getTransactionReceipt
[2021/12/07 20:12:59.551] - eth_blockNumber
[2021/12/07 20:12:59.563] - eth_getTransactionReceipt
[2021/12/07 20:12:59.583] - eth_getBlockByHash
[2021/12/07 20:12:59.716] - eth_getBalance
[2021/12/07 20:12:59.822] - eth_getTransactionCount
[2021/12/07 20:12:59.890] - eth_getBalance
[2021/12/07 20:12:59.958] - eth_getTransactionCount
[2021/12/07 20:13:00.027] - eth_getBalance
[2021/12/07 20:13:00.168] - eth_getTransactionCount
[2021/12/07 20:13:00.241] - eth_getBalance
[2021/12/07 20:13:00.302] - eth_getTransactionCount
[2021/12/07 20:13:00.358] - eth_getBalance
[2021/12/07 20:13:00.405] - eth_getTransactionCount
[2021/12/07 20:13:00.480] - eth_getBalance
[2021/12/07 20:13:00.555] - eth_getTransactionCount
[2021/12/07 20:13:00.616] - eth_getBalance
[2021/12/07 20:13:00.700] - eth_getTransactionCount
[2021/12/07 20:13:00.754] - eth_getBalance
[2021/12/07 20:13:00.808] - eth_getTransactionCount
[2021/12/07 20:13:00.870] - eth_getBalance
[2021/12/07 20:13:00.914] - eth_getTransactionCount
[2021/12/07 20:13:00.982] - eth_getBalance
[2021/12/07 20:13:01.030] - eth_getTransactionCount
[2021/12/07 20:13:11.563] - eth_estimateGas
[2021/12/07 20:14:34.176] - eth_blockNumber
[2021/12/07 20:14:34.197] - eth_estimateGas
[2021/12/07 20:15:57.762] - eth_blockNumber
[2021/12/07 20:15:57.793] - eth_estimateGas
[2021/12/07 20:16:47.488] - eth_blockNumber
[2021/12/07 20:16:47.514] - eth_estimateGas
[2021/12/07 20:16:48.176] - eth_getBlockByNumber
[2021/12/07 20:16:48.181] - eth_gasPrice
[2021/12/07 20:16:48.220] - eth_getCode
[2021/12/07 20:16:48.266] - eth_estimateGas
[2021/12/07 20:16:49.828] - eth_blockNumber
[2021/12/07 20:16:49.896] - eth_getBalance
[2021/12/07 20:16:49.902] - eth_getBalance
[2021/12/07 20:16:49.904] - eth_getBalance
[2021/12/07 20:16:50.649] - eth_getTransactionCount
[2021/12/07 20:16:54.049] - eth_sendRawTransaction
[2021/12/07 20:16:54.594] - 
[2021/12/07 20:16:54.595] -   Transaction: 0x7a872776117a62b592f066d1e691a4dd81ca3273498fa9b3276ff2d3fc4990b6
[2021/12/07 20:16:54.597] -   Gas usage: 167965
[2021/12/07 20:16:54.599] -   Block Number: 42
[2021/12/07 20:16:54.599] -   Block Time: Tue Dec 07 2021 20:16:54 GMT+0200 (Χειμερινή ώρα Ανατολικής Ευρώπης)
[2021/12/07 20:16:54.600] - 
[2021/12/07 20:16:54.602] - eth_getBlockByNumber
[2021/12/07 20:16:54.615] - eth_blockNumber
[2021/12/07 20:16:54.626] - eth_getTransactionReceipt
[2021/12/07 20:16:54.659] - eth_getBlockByHash
[2021/12/07 20:16:54.869] - eth_getBalance
[2021/12/07 20:16:54.955] - eth_getTransactionCount
[2021/12/07 20:16:55.005] - eth_getBalance
[2021/12/07 20:16:55.050] - eth_getTransactionCount
[2021/12/07 20:16:55.128] - eth_getBalance
[2021/12/07 20:16:55.286] - eth_getTransactionCount
[2021/12/07 20:16:55.361] - eth_getBalance
[2021/12/07 20:16:55.409] - eth_getTransactionCount
[2021/12/07 20:16:55.509] - eth_getBalance
[2021/12/07 20:16:55.567] - eth_getTransactionCount
[2021/12/07 20:16:55.621] - eth_getBalance
[2021/12/07 20:16:55.671] - eth_getTransactionCount
[2021/12/07 20:16:55.743] - eth_getBalance
[2021/12/07 20:16:55.807] - eth_getTransactionCount
[2021/12/07 20:16:55.874] - eth_getBalance
[2021/12/07 20:16:56.118] - eth_getTransactionCount
[2021/12/07 20:16:56.186] - eth_getBalance
[2021/12/07 20:16:56.287] - eth_getTransactionCount
[2021/12/07 20:16:56.336] - eth_getBalance
[2021/12/07 20:16:56.401] - eth_getTransactionCount
[2021/12/07 20:17:04.649] - eth_estimateGas
[2021/12/07 22:53:30.398] - eth_unsubscribe
[2021/12/07 22:53:30.400] - eth_unsubscribe
